<?xml version="1.0" encoding="UTF-8"?>
<testsuite name="tests.WebQuizEngineTest" tests="1" skipped="0" failures="0" errors="0" timestamp="2020-08-06T06:35:05" hostname="LAPTOP-T7A8H3CR" time="40.318">
  <properties/>
  <testcase name="start" classname="tests.WebQuizEngineTest" time="40.318"/>
  <system-out><![CDATA[?[1;31m
Start test 1?[0m

  .   ____          _            __ _ _
 /\\ / ___'_ __ _ _(_)_ __  __ _ \ \ \ \
( ( )\___ | '_ | '_| | '_ \/ _` | \ \ \ \
 \\/  ___)| |_)| | | | | || (_| |  ) ) ) )
  '  |____| .__|_| |_|_| |_\__, | / / / /
 =========|_|==============|___/=/_/_/_/
 :: Spring Boot ::        (v2.2.2.RELEASE)

2020-08-06 12:35:06.886  INFO 8000 --- [    Test worker] engine.WebQuizEngine                     : Starting WebQuizEngine on LAPTOP-T7A8H3CR with PID 8000 (started by Acer in C:\Users\Acer\IdeaProjects\Web Quiz Engine\Web Quiz Engine\task)
2020-08-06 12:35:06.901  INFO 8000 --- [    Test worker] engine.WebQuizEngine                     : No active profile set, falling back to default profiles: default
2020-08-06 12:35:08.721  INFO 8000 --- [    Test worker] .s.d.r.c.RepositoryConfigurationDelegate : Bootstrapping Spring Data JPA repositories in DEFAULT mode.
2020-08-06 12:35:08.854  INFO 8000 --- [    Test worker] .s.d.r.c.RepositoryConfigurationDelegate : Finished Spring Data repository scanning in 122ms. Found 3 JPA repository interfaces.
2020-08-06 12:35:09.592  INFO 8000 --- [    Test worker] trationDelegate$BeanPostProcessorChecker : Bean 'org.springframework.transaction.annotation.ProxyTransactionManagementConfiguration' of type [org.springframework.transaction.annotation.ProxyTransactionManagementConfiguration] is not eligible for getting processed by all BeanPostProcessors (for example: not eligible for auto-proxying)
2020-08-06 12:35:10.059  INFO 8000 --- [    Test worker] o.s.b.w.embedded.tomcat.TomcatWebServer  : Tomcat initialized with port(s): 8889 (http)
2020-08-06 12:35:10.083  INFO 8000 --- [    Test worker] o.apache.catalina.core.StandardService   : Starting service [Tomcat]
2020-08-06 12:35:10.085  INFO 8000 --- [    Test worker] org.apache.catalina.core.StandardEngine  : Starting Servlet engine: [Apache Tomcat/9.0.29]
2020-08-06 12:35:10.315  INFO 8000 --- [    Test worker] o.a.c.c.C.[Tomcat].[localhost].[/]       : Initializing Spring embedded WebApplicationContext
2020-08-06 12:35:10.316  INFO 8000 --- [    Test worker] o.s.web.context.ContextLoader            : Root WebApplicationContext: initialization completed in 3305 ms
2020-08-06 12:35:10.536  INFO 8000 --- [    Test worker] com.zaxxer.hikari.HikariDataSource       : HikariPool-1 - Starting...
2020-08-06 12:35:10.842  INFO 8000 --- [    Test worker] com.zaxxer.hikari.HikariDataSource       : HikariPool-1 - Start completed.
2020-08-06 12:35:10.857  INFO 8000 --- [    Test worker] o.s.b.a.h2.H2ConsoleAutoConfiguration    : H2 console available at '/h2-console'. Database available at 'jdbc:h2:file:../quizdb'
2020-08-06 12:35:11.326  INFO 8000 --- [    Test worker] o.hibernate.jpa.internal.util.LogHelper  : HHH000204: Processing PersistenceUnitInfo [name: default]
2020-08-06 12:35:11.467  INFO 8000 --- [    Test worker] org.hibernate.Version                    : HHH000412: Hibernate Core {5.4.9.Final}
2020-08-06 12:35:11.805  INFO 8000 --- [    Test worker] o.hibernate.annotations.common.Version   : HCANN000001: Hibernate Commons Annotations {5.1.0.Final}
2020-08-06 12:35:12.033  INFO 8000 --- [    Test worker] org.hibernate.dialect.Dialect            : HHH000400: Using dialect: org.hibernate.dialect.H2Dialect
Hibernate: create table quiz (id integer generated by default as identity, made_by varchar(255), text varchar(255), title varchar(255), primary key (id))
Hibernate: create table quiz_answer (quiz_id integer not null, answer integer)
Hibernate: create table quiz_options (quiz_id integer not null, options varchar(255))
Hibernate: create table solution (data_base_id integer generated by default as identity, completed_at timestamp, completed_by varchar(255), id integer not null, primary key (data_base_id))
Hibernate: create table user (id integer generated by default as identity, email varchar(255), password varchar(255), primary key (id))
Hibernate: create table user_solutions (user_id integer not null, solutions_data_base_id integer not null)
Hibernate: alter table user drop constraint if exists UK_ob8kqyqqgmefl0aco34akdtpe
Hibernate: alter table user add constraint UK_ob8kqyqqgmefl0aco34akdtpe unique (email)
Hibernate: alter table user_solutions drop constraint if exists UK_i0bgqxnwodomawgk4dffq6xhs
Hibernate: alter table user_solutions add constraint UK_i0bgqxnwodomawgk4dffq6xhs unique (solutions_data_base_id)
Hibernate: alter table quiz_answer add constraint FKoxi2td1x8cc3y4a0vlsg2hfnc foreign key (quiz_id) references quiz
Hibernate: alter table quiz_options add constraint FKsx28j7orq6asg17veq9nblhw8 foreign key (quiz_id) references quiz
Hibernate: alter table user_solutions add constraint FKfh9nyitu16wyr9g05yoy82ffj foreign key (solutions_data_base_id) references solution
Hibernate: alter table user_solutions add constraint FKhu4yxw1xqqug2ciixci6s6pbe foreign key (user_id) references user
2020-08-06 12:35:13.405  INFO 8000 --- [    Test worker] o.h.e.t.j.p.i.JtaPlatformInitiator       : HHH000490: Using JtaPlatform implementation: [org.hibernate.engine.transaction.jta.platform.internal.NoJtaPlatform]
2020-08-06 12:35:13.419  INFO 8000 --- [    Test worker] j.LocalContainerEntityManagerFactoryBean : Initialized JPA EntityManagerFactory for persistence unit 'default'
2020-08-06 12:35:13.947  WARN 8000 --- [    Test worker] JpaBaseConfiguration$JpaWebConfiguration : spring.jpa.open-in-view is enabled by default. Therefore, database queries may be performed during view rendering. Explicitly configure spring.jpa.open-in-view to disable this warning
2020-08-06 12:35:14.382  INFO 8000 --- [    Test worker] o.s.s.web.DefaultSecurityFilterChain     : Creating filter chain: any request, [org.springframework.security.web.context.request.async.WebAsyncManagerIntegrationFilter@31a48ee9, org.springframework.security.web.context.SecurityContextPersistenceFilter@655a5cfb, org.springframework.security.web.header.HeaderWriterFilter@53ff2fcd, org.springframework.security.web.authentication.logout.LogoutFilter@30ce445c, org.springframework.security.web.authentication.www.BasicAuthenticationFilter@2be611c, org.springframework.security.web.savedrequest.RequestCacheAwareFilter@5a7d2be, org.springframework.security.web.servletapi.SecurityContextHolderAwareRequestFilter@107cdd29, org.springframework.security.web.authentication.AnonymousAuthenticationFilter@7fd3ad9a, org.springframework.security.web.session.SessionManagementFilter@24d82c13, org.springframework.security.web.access.ExceptionTranslationFilter@4aa13611, org.springframework.security.web.access.intercept.FilterSecurityInterceptor@6f1c6db3]
2020-08-06 12:35:14.606  INFO 8000 --- [    Test worker] o.s.s.concurrent.ThreadPoolTaskExecutor  : Initializing ExecutorService 'applicationTaskExecutor'
2020-08-06 12:35:14.858  WARN 8000 --- [    Test worker] ion$DefaultTemplateResolverConfiguration : Cannot find template location: classpath:/templates/ (please add some templates or check your Thymeleaf configuration)
2020-08-06 12:35:15.128  INFO 8000 --- [    Test worker] o.s.b.a.e.web.EndpointLinksResolver      : Exposing 14 endpoint(s) beneath base path '/actuator'
2020-08-06 12:35:15.227  INFO 8000 --- [    Test worker] o.s.b.w.embedded.tomcat.TomcatWebServer  : Tomcat started on port(s): 8889 (http) with context path ''
2020-08-06 12:35:15.232  INFO 8000 --- [    Test worker] engine.WebQuizEngine                     : Started WebQuizEngine in 9.181 seconds (JVM running for 11.01)
2020-08-06 12:35:15.783  INFO 8000 --- [nio-8889-exec-1] o.a.c.c.C.[Tomcat].[localhost].[/]       : Initializing Spring DispatcherServlet 'dispatcherServlet'
2020-08-06 12:35:15.785  INFO 8000 --- [nio-8889-exec-1] o.s.web.servlet.DispatcherServlet        : Initializing Servlet 'dispatcherServlet'
2020-08-06 12:35:15.799  INFO 8000 --- [nio-8889-exec-1] o.s.web.servlet.DispatcherServlet        : Completed initialization in 14 ms
Hibernate: select user0_.id as id1_4_, user0_.email as email2_4_, user0_.password as password3_4_ from user user0_ where user0_.email=?
Hibernate: insert into user (id, email, password) values (null, ?, ?)
?[1;31m
Start test 2?[0m
Hibernate: select user0_.id as id1_4_, user0_.email as email2_4_, user0_.password as password3_4_ from user user0_ where user0_.email=?
Hibernate: insert into user (id, email, password) values (null, ?, ?)
?[1;31m
Start test 3?[0m
2020-08-06 12:35:16.716  WARN 8000 --- [nio-8889-exec-2] .w.s.m.s.DefaultHandlerExceptionResolver : Resolved [org.springframework.web.bind.MethodArgumentNotValidException: Validation failed for argument [0] in public void engine.user.UserController.registerUserAccount(engine.user.User): [Field error in object 'user' on field 'email': rejected value [google.com]; codes [Email.user.email,Email.email,Email.java.lang.String,Email]; arguments [org.springframework.context.support.DefaultMessageSourceResolvable: codes [user.email,email]; arguments []; default message [email],[Ljavax.validation.constraints.Pattern$Flag;@396e8b1b,.+@.+\..+]; default message [Please provide a valid email address]] ]
?[1;31m
Start test 4?[0m
2020-08-06 12:35:16.810  WARN 8000 --- [nio-8889-exec-4] .w.s.m.s.DefaultHandlerExceptionResolver : Resolved [org.springframework.web.bind.MethodArgumentNotValidException: Validation failed for argument [0] in public void engine.user.UserController.registerUserAccount(engine.user.User): [Field error in object 'user' on field 'email': rejected value [well@googlecom]; codes [Email.user.email,Email.email,Email.java.lang.String,Email]; arguments [org.springframework.context.support.DefaultMessageSourceResolvable: codes [user.email,email]; arguments []; default message [email],[Ljavax.validation.constraints.Pattern$Flag;@396e8b1b,.+@.+\..+]; default message [Please provide a valid email address]] ]
?[1;31m
Start test 5?[0m
Hibernate: select user0_.id as id1_4_, user0_.email as email2_4_, user0_.password as password3_4_ from user user0_ where user0_.email=?
?[1;31m
Start test 6?[0m
2020-08-06 12:35:16.841  WARN 8000 --- [nio-8889-exec-5] .w.s.m.s.DefaultHandlerExceptionResolver : Resolved [org.springframework.web.bind.MethodArgumentNotValidException: Validation failed for argument [0] in public void engine.user.UserController.registerUserAccount(engine.user.User): [Field error in object 'user' on field 'password': rejected value [1234]; codes [Size.user.password,Size.password,Size.java.lang.String,Size]; arguments [org.springframework.context.support.DefaultMessageSourceResolvable: codes [user.password,password]; arguments []; default message [password],2147483647,5]; default message [Password should have minimal 5 chars]] ]
?[1;31m
Start test 7?[0m
2020-08-06 12:35:16.856  WARN 8000 --- [nio-8889-exec-7] .w.s.m.s.DefaultHandlerExceptionResolver : Resolved [org.springframework.web.bind.MethodArgumentNotValidException: Validation failed for argument [0] in public void engine.user.UserController.registerUserAccount(engine.user.User): [Field error in object 'user' on field 'password': rejected value [123]; codes [Size.user.password,Size.password,Size.java.lang.String,Size]; arguments [org.springframework.context.support.DefaultMessageSourceResolvable: codes [user.password,password]; arguments []; default message [password],2147483647,5]; default message [Password should have minimal 5 chars]] ]
?[1;31m
Start test 8?[0m
Hibernate: select user0_.id as id1_4_, user0_.email as email2_4_, user0_.password as password3_4_ from user user0_ where user0_.email=?
2020-08-06 12:35:17.403  WARN 8000 --- [nio-8889-exec-7] o.a.c.util.SessionIdGeneratorBase        : Creation of SecureRandom instance for session ID generation using [SHA1PRNG] took [312] milliseconds.
Hibernate: select quiz0_.id as id1_0_, quiz0_.made_by as made_by2_0_, quiz0_.text as text3_0_, quiz0_.title as title4_0_ from quiz quiz0_ limit ?
?[1;31m
Start test 9?[0m
Hibernate: select user0_.id as id1_4_, user0_.email as email2_4_, user0_.password as password3_4_ from user user0_ where user0_.email=?
Hibernate: select quiz0_.id as id1_0_, quiz0_.made_by as made_by2_0_, quiz0_.text as text3_0_, quiz0_.title as title4_0_ from quiz quiz0_ limit ?
?[1;31m
Start test 10?[0m
Hibernate: select user0_.id as id1_4_, user0_.email as email2_4_, user0_.password as password3_4_ from user user0_ where user0_.email=?
Hibernate: insert into quiz (id, made_by, text, title) values (null, ?, ?, ?)
Hibernate: insert into quiz_answer (quiz_id, answer) values (?, ?)
Hibernate: insert into quiz_options (quiz_id, options) values (?, ?)
Hibernate: insert into quiz_options (quiz_id, options) values (?, ?)
Hibernate: insert into quiz_options (quiz_id, options) values (?, ?)
Hibernate: insert into quiz_options (quiz_id, options) values (?, ?)
?[1;31m
Start test 11?[0m
Hibernate: select user0_.id as id1_4_, user0_.email as email2_4_, user0_.password as password3_4_ from user user0_ where user0_.email=?
Hibernate: select quiz0_.id as id1_0_0_, quiz0_.made_by as made_by2_0_0_, quiz0_.text as text3_0_0_, quiz0_.title as title4_0_0_ from quiz quiz0_ where quiz0_.id=?
Hibernate: select options0_.quiz_id as quiz_id1_2_0_, options0_.options as options2_2_0_ from quiz_options options0_ where options0_.quiz_id=?
?[1;31m
Start test 12?[0m
Hibernate: select user0_.id as id1_4_, user0_.email as email2_4_, user0_.password as password3_4_ from user user0_ where user0_.email=?
Hibernate: select quiz0_.id as id1_0_0_, quiz0_.made_by as made_by2_0_0_, quiz0_.text as text3_0_0_, quiz0_.title as title4_0_0_ from quiz quiz0_ where quiz0_.id=?
?[1;31m
Start test 13?[0m
Hibernate: select user0_.id as id1_4_, user0_.email as email2_4_, user0_.password as password3_4_ from user user0_ where user0_.email=?
Hibernate: select quiz0_.id as id1_0_, quiz0_.made_by as made_by2_0_, quiz0_.text as text3_0_, quiz0_.title as title4_0_ from quiz quiz0_ limit ?
Hibernate: select options0_.quiz_id as quiz_id1_2_0_, options0_.options as options2_2_0_ from quiz_options options0_ where options0_.quiz_id=?
?[1;31m
Start test 14?[0m
Hibernate: select user0_.id as id1_4_, user0_.email as email2_4_, user0_.password as password3_4_ from user user0_ where user0_.email=?
Hibernate: insert into quiz (id, made_by, text, title) values (null, ?, ?, ?)
Hibernate: insert into quiz_answer (quiz_id, answer) values (?, ?)
Hibernate: insert into quiz_options (quiz_id, options) values (?, ?)
Hibernate: insert into quiz_options (quiz_id, options) values (?, ?)
Hibernate: insert into quiz_options (quiz_id, options) values (?, ?)
Hibernate: insert into quiz_options (quiz_id, options) values (?, ?)
?[1;31m
Start test 15?[0m
Hibernate: select user0_.id as id1_4_, user0_.email as email2_4_, user0_.password as password3_4_ from user user0_ where user0_.email=?
Hibernate: select quiz0_.id as id1_0_0_, quiz0_.made_by as made_by2_0_0_, quiz0_.text as text3_0_0_, quiz0_.title as title4_0_0_ from quiz quiz0_ where quiz0_.id=?
Hibernate: select options0_.quiz_id as quiz_id1_2_0_, options0_.options as options2_2_0_ from quiz_options options0_ where options0_.quiz_id=?
?[1;31m
Start test 16?[0m
Hibernate: select user0_.id as id1_4_, user0_.email as email2_4_, user0_.password as password3_4_ from user user0_ where user0_.email=?
Hibernate: select quiz0_.id as id1_0_0_, quiz0_.made_by as made_by2_0_0_, quiz0_.text as text3_0_0_, quiz0_.title as title4_0_0_ from quiz quiz0_ where quiz0_.id=?
?[1;31m
Start test 17?[0m
Hibernate: select user0_.id as id1_4_, user0_.email as email2_4_, user0_.password as password3_4_ from user user0_ where user0_.email=?
Hibernate: select quiz0_.id as id1_0_, quiz0_.made_by as made_by2_0_, quiz0_.text as text3_0_, quiz0_.title as title4_0_ from quiz quiz0_ limit ?
Hibernate: select options0_.quiz_id as quiz_id1_2_0_, options0_.options as options2_2_0_ from quiz_options options0_ where options0_.quiz_id=?
Hibernate: select options0_.quiz_id as quiz_id1_2_0_, options0_.options as options2_2_0_ from quiz_options options0_ where options0_.quiz_id=?
?[1;31m
Start test 18?[0m
?[1;31m
Start test 19?[0m
?[1;31m
Start test 20?[0m
?[1;31m
Start test 21?[0m
?[1;31m
Start test 22?[0m
?[1;31m
Start test 23?[0m
?[1;31m
Start test 24?[0m
?[1;31m
Start test 25?[0m
?[1;31m
Start test 26?[0m
Hibernate: select user0_.id as id1_4_, user0_.email as email2_4_, user0_.password as password3_4_ from user user0_ where user0_.email=?
?[1;31m
Start test 27?[0m
Hibernate: select user0_.id as id1_4_, user0_.email as email2_4_, user0_.password as password3_4_ from user user0_ where user0_.email=?
?[1;31m
Start test 28?[0m
Hibernate: select user0_.id as id1_4_, user0_.email as email2_4_, user0_.password as password3_4_ from user user0_ where user0_.email=?
?[1;31m
Start test 29?[0m
Hibernate: select user0_.id as id1_4_, user0_.email as email2_4_, user0_.password as password3_4_ from user user0_ where user0_.email=?
?[1;31m
Start test 30?[0m
Hibernate: select user0_.id as id1_4_, user0_.email as email2_4_, user0_.password as password3_4_ from user user0_ where user0_.email=?
?[1;31m
Start test 31?[0m
Hibernate: select user0_.id as id1_4_, user0_.email as email2_4_, user0_.password as password3_4_ from user user0_ where user0_.email=?
?[1;31m
Start test 32?[0m
Hibernate: select user0_.id as id1_4_, user0_.email as email2_4_, user0_.password as password3_4_ from user user0_ where user0_.email=?
?[1;31m
Start test 33?[0m
Hibernate: select user0_.id as id1_4_, user0_.email as email2_4_, user0_.password as password3_4_ from user user0_ where user0_.email=?
?[1;31m
Start test 34?[0m
Hibernate: select user0_.id as id1_4_, user0_.email as email2_4_, user0_.password as password3_4_ from user user0_ where user0_.email=?
Hibernate: select quiz0_.id as id1_0_0_, quiz0_.made_by as made_by2_0_0_, quiz0_.text as text3_0_0_, quiz0_.title as title4_0_0_ from quiz quiz0_ where quiz0_.id=?
Hibernate: select answer0_.quiz_id as quiz_id1_1_0_, answer0_.answer as answer2_1_0_ from quiz_answer answer0_ where answer0_.quiz_id=?
?[1;31m
Start test 35?[0m
Hibernate: select user0_.id as id1_4_, user0_.email as email2_4_, user0_.password as password3_4_ from user user0_ where user0_.email=?
Hibernate: select quiz0_.id as id1_0_0_, quiz0_.made_by as made_by2_0_0_, quiz0_.text as text3_0_0_, quiz0_.title as title4_0_0_ from quiz quiz0_ where quiz0_.id=?
Hibernate: select answer0_.quiz_id as quiz_id1_1_0_, answer0_.answer as answer2_1_0_ from quiz_answer answer0_ where answer0_.quiz_id=?
?[1;31m
Start test 36?[0m
Hibernate: select user0_.id as id1_4_, user0_.email as email2_4_, user0_.password as password3_4_ from user user0_ where user0_.email=?
Hibernate: select quiz0_.id as id1_0_0_, quiz0_.made_by as made_by2_0_0_, quiz0_.text as text3_0_0_, quiz0_.title as title4_0_0_ from quiz quiz0_ where quiz0_.id=?
Hibernate: select answer0_.quiz_id as quiz_id1_1_0_, answer0_.answer as answer2_1_0_ from quiz_answer answer0_ where answer0_.quiz_id=?
Hibernate: insert into solution (data_base_id, completed_at, completed_by, id) values (null, ?, ?, ?)
?[1;31m
Start test 37?[0m
Hibernate: select user0_.id as id1_4_, user0_.email as email2_4_, user0_.password as password3_4_ from user user0_ where user0_.email=?
Hibernate: select quiz0_.id as id1_0_0_, quiz0_.made_by as made_by2_0_0_, quiz0_.text as text3_0_0_, quiz0_.title as title4_0_0_ from quiz quiz0_ where quiz0_.id=?
Hibernate: select answer0_.quiz_id as quiz_id1_1_0_, answer0_.answer as answer2_1_0_ from quiz_answer answer0_ where answer0_.quiz_id=?
?[1;31m
Start test 38?[0m
Hibernate: select user0_.id as id1_4_, user0_.email as email2_4_, user0_.password as password3_4_ from user user0_ where user0_.email=?
Hibernate: select quiz0_.id as id1_0_0_, quiz0_.made_by as made_by2_0_0_, quiz0_.text as text3_0_0_, quiz0_.title as title4_0_0_ from quiz quiz0_ where quiz0_.id=?
Hibernate: select answer0_.quiz_id as quiz_id1_1_0_, answer0_.answer as answer2_1_0_ from quiz_answer answer0_ where answer0_.quiz_id=?
?[1;31m
Start test 39?[0m
Hibernate: select user0_.id as id1_4_, user0_.email as email2_4_, user0_.password as password3_4_ from user user0_ where user0_.email=?
Hibernate: select quiz0_.id as id1_0_0_, quiz0_.made_by as made_by2_0_0_, quiz0_.text as text3_0_0_, quiz0_.title as title4_0_0_ from quiz quiz0_ where quiz0_.id=?
Hibernate: select answer0_.quiz_id as quiz_id1_1_0_, answer0_.answer as answer2_1_0_ from quiz_answer answer0_ where answer0_.quiz_id=?
Hibernate: insert into solution (data_base_id, completed_at, completed_by, id) values (null, ?, ?, ?)
?[1;31m
Start test 40?[0m
Hibernate: select user0_.id as id1_4_, user0_.email as email2_4_, user0_.password as password3_4_ from user user0_ where user0_.email=?
Hibernate: select quiz0_.id as id1_0_0_, quiz0_.made_by as made_by2_0_0_, quiz0_.text as text3_0_0_, quiz0_.title as title4_0_0_ from quiz quiz0_ where quiz0_.id=?
Hibernate: select answer0_.quiz_id as quiz_id1_1_0_, answer0_.answer as answer2_1_0_ from quiz_answer answer0_ where answer0_.quiz_id=?
?[1;31m
Start test 41?[0m
Hibernate: select user0_.id as id1_4_, user0_.email as email2_4_, user0_.password as password3_4_ from user user0_ where user0_.email=?
Hibernate: select quiz0_.id as id1_0_0_, quiz0_.made_by as made_by2_0_0_, quiz0_.text as text3_0_0_, quiz0_.title as title4_0_0_ from quiz quiz0_ where quiz0_.id=?
Hibernate: select answer0_.quiz_id as quiz_id1_1_0_, answer0_.answer as answer2_1_0_ from quiz_answer answer0_ where answer0_.quiz_id=?
?[1;31m
Start test 42?[0m
Hibernate: select user0_.id as id1_4_, user0_.email as email2_4_, user0_.password as password3_4_ from user user0_ where user0_.email=?
Hibernate: select solution0_.data_base_id as data_bas1_3_, solution0_.completed_at as complete2_3_, solution0_.completed_by as complete3_3_, solution0_.id as id4_3_ from solution solution0_ where solution0_.completed_by=? order by solution0_.completed_at desc limit ?
?[1;31m
Start test 43?[0m
Hibernate: select user0_.id as id1_4_, user0_.email as email2_4_, user0_.password as password3_4_ from user user0_ where user0_.email=?
Hibernate: select solution0_.data_base_id as data_bas1_3_, solution0_.completed_at as complete2_3_, solution0_.completed_by as complete3_3_, solution0_.id as id4_3_ from solution solution0_ where solution0_.completed_by=? order by solution0_.completed_at desc limit ?
?[1;31m
Start test 44?[0m
Hibernate: select user0_.id as id1_4_, user0_.email as email2_4_, user0_.password as password3_4_ from user user0_ where user0_.email=?
Hibernate: select quiz0_.id as id1_0_, quiz0_.made_by as made_by2_0_, quiz0_.text as text3_0_, quiz0_.title as title4_0_ from quiz quiz0_ limit ?
Hibernate: select options0_.quiz_id as quiz_id1_2_0_, options0_.options as options2_2_0_ from quiz_options options0_ where options0_.quiz_id=?
Hibernate: select options0_.quiz_id as quiz_id1_2_0_, options0_.options as options2_2_0_ from quiz_options options0_ where options0_.quiz_id=?
?[1;31m
Start test 45?[0m
Hibernate: select user0_.id as id1_4_, user0_.email as email2_4_, user0_.password as password3_4_ from user user0_ where user0_.email=?
Hibernate: select quiz0_.id as id1_0_, quiz0_.made_by as made_by2_0_, quiz0_.text as text3_0_, quiz0_.title as title4_0_ from quiz quiz0_ limit ?
Hibernate: select options0_.quiz_id as quiz_id1_2_0_, options0_.options as options2_2_0_ from quiz_options options0_ where options0_.quiz_id=?
Hibernate: select options0_.quiz_id as quiz_id1_2_0_, options0_.options as options2_2_0_ from quiz_options options0_ where options0_.quiz_id=?
?[1;31m
Start test 46?[0m
2020-08-06 12:35:20.888  INFO 8000 --- [       Thread-6] o.s.s.concurrent.ThreadPoolTaskExecutor  : Shutting down ExecutorService 'applicationTaskExecutor'
2020-08-06 12:35:20.890  INFO 8000 --- [       Thread-6] j.LocalContainerEntityManagerFactoryBean : Closing JPA EntityManagerFactory for persistence unit 'default'
2020-08-06 12:35:20.897  INFO 8000 --- [       Thread-6] com.zaxxer.hikari.HikariDataSource       : HikariPool-1 - Shutdown initiated...
2020-08-06 12:35:20.967  INFO 8000 --- [       Thread-6] com.zaxxer.hikari.HikariDataSource       : HikariPool-1 - Shutdown completed.

  .   ____          _            __ _ _
 /\\ / ___'_ __ _ _(_)_ __  __ _ \ \ \ \
( ( )\___ | '_ | '_| | '_ \/ _` | \ \ \ \
 \\/  ___)| |_)| | | | | || (_| |  ) ) ) )
  '  |____| .__|_| |_|_| |_\__, | / / / /
 =========|_|==============|___/=/_/_/_/
 :: Spring Boot ::        (v2.2.2.RELEASE)

2020-08-06 12:35:21.192  INFO 8000 --- [    Test worker] engine.WebQuizEngine                     : Starting WebQuizEngine on LAPTOP-T7A8H3CR with PID 8000 (started by Acer in C:\Users\Acer\IdeaProjects\Web Quiz Engine\Web Quiz Engine\task)
2020-08-06 12:35:21.202  INFO 8000 --- [    Test worker] engine.WebQuizEngine                     : No active profile set, falling back to default profiles: default
2020-08-06 12:35:21.831  INFO 8000 --- [       Thread-6] o.apache.catalina.core.StandardService   : Stopping service [Tomcat]
2020-08-06 12:35:21.839  INFO 8000 --- [       Thread-6] o.a.c.c.C.[Tomcat].[localhost].[/]       : Destroying Spring FrameworkServlet 'dispatcherServlet'
2020-08-06 12:35:21.943  INFO 8000 --- [    Test worker] .s.d.r.c.RepositoryConfigurationDelegate : Bootstrapping Spring Data JPA repositories in DEFAULT mode.
2020-08-06 12:35:21.959  INFO 8000 --- [    Test worker] .s.d.r.c.RepositoryConfigurationDelegate : Finished Spring Data repository scanning in 23ms. Found 3 JPA repository interfaces.
2020-08-06 12:35:22.068  INFO 8000 --- [    Test worker] trationDelegate$BeanPostProcessorChecker : Bean 'org.springframework.transaction.annotation.ProxyTransactionManagementConfiguration' of type [org.springframework.transaction.annotation.ProxyTransactionManagementConfiguration] is not eligible for getting processed by all BeanPostProcessors (for example: not eligible for auto-proxying)
2020-08-06 12:35:22.131  WARN 8000 --- [    Test worker] org.apache.tomcat.util.modeler.Registry  : The MBean registry cannot be disabled because it has already been initialised
2020-08-06 12:35:22.131  INFO 8000 --- [    Test worker] o.s.b.w.embedded.tomcat.TomcatWebServer  : Tomcat initialized with port(s): 8889 (http)
2020-08-06 12:35:22.131  INFO 8000 --- [    Test worker] o.apache.catalina.core.StandardService   : Starting service [Tomcat]
2020-08-06 12:35:22.131  INFO 8000 --- [    Test worker] org.apache.catalina.core.StandardEngine  : Starting Servlet engine: [Apache Tomcat/9.0.29]
2020-08-06 12:35:22.193  INFO 8000 --- [    Test worker] o.a.c.c.C.[Tomcat].[localhost].[/]       : Initializing Spring embedded WebApplicationContext
2020-08-06 12:35:22.193  INFO 8000 --- [    Test worker] o.s.web.context.ContextLoader            : Root WebApplicationContext: initialization completed in 978 ms
2020-08-06 12:35:22.256  INFO 8000 --- [    Test worker] com.zaxxer.hikari.HikariDataSource       : HikariPool-2 - Starting...
2020-08-06 12:35:22.271  INFO 8000 --- [    Test worker] com.zaxxer.hikari.HikariDataSource       : HikariPool-2 - Start completed.
2020-08-06 12:35:22.271  INFO 8000 --- [    Test worker] o.s.b.a.h2.H2ConsoleAutoConfiguration    : H2 console available at '/h2-console'. Database available at 'jdbc:h2:file:../quizdb'
2020-08-06 12:35:22.412  INFO 8000 --- [    Test worker] o.hibernate.jpa.internal.util.LogHelper  : HHH000204: Processing PersistenceUnitInfo [name: default]
2020-08-06 12:35:22.428  INFO 8000 --- [    Test worker] org.hibernate.dialect.Dialect            : HHH000400: Using dialect: org.hibernate.dialect.H2Dialect
Hibernate: alter table user_solutions drop constraint if exists UK_i0bgqxnwodomawgk4dffq6xhs
Hibernate: alter table user_solutions add constraint UK_i0bgqxnwodomawgk4dffq6xhs unique (solutions_data_base_id)
2020-08-06 12:35:22.631  INFO 8000 --- [    Test worker] o.h.e.t.j.p.i.JtaPlatformInitiator       : HHH000490: Using JtaPlatform implementation: [org.hibernate.engine.transaction.jta.platform.internal.NoJtaPlatform]
2020-08-06 12:35:22.631  INFO 8000 --- [    Test worker] j.LocalContainerEntityManagerFactoryBean : Initialized JPA EntityManagerFactory for persistence unit 'default'
2020-08-06 12:35:22.724  WARN 8000 --- [    Test worker] JpaBaseConfiguration$JpaWebConfiguration : spring.jpa.open-in-view is enabled by default. Therefore, database queries may be performed during view rendering. Explicitly configure spring.jpa.open-in-view to disable this warning
2020-08-06 12:35:22.803  INFO 8000 --- [    Test worker] o.s.s.web.DefaultSecurityFilterChain     : Creating filter chain: any request, [org.springframework.security.web.context.request.async.WebAsyncManagerIntegrationFilter@1d1336c8, org.springframework.security.web.context.SecurityContextPersistenceFilter@3933dd3e, org.springframework.security.web.header.HeaderWriterFilter@7aaefad5, org.springframework.security.web.authentication.logout.LogoutFilter@1292e719, org.springframework.security.web.authentication.www.BasicAuthenticationFilter@c7c799e, org.springframework.security.web.savedrequest.RequestCacheAwareFilter@12563e39, org.springframework.security.web.servletapi.SecurityContextHolderAwareRequestFilter@1fa316f4, org.springframework.security.web.authentication.AnonymousAuthenticationFilter@3db50275, org.springframework.security.web.session.SessionManagementFilter@6dc8f5d2, org.springframework.security.web.access.ExceptionTranslationFilter@7cdaf28b, org.springframework.security.web.access.intercept.FilterSecurityInterceptor@6417fcab]
2020-08-06 12:35:22.881  INFO 8000 --- [    Test worker] o.s.s.concurrent.ThreadPoolTaskExecutor  : Initializing ExecutorService 'applicationTaskExecutor'
2020-08-06 12:35:22.959  WARN 8000 --- [    Test worker] ion$DefaultTemplateResolverConfiguration : Cannot find template location: classpath:/templates/ (please add some templates or check your Thymeleaf configuration)
2020-08-06 12:35:23.068  INFO 8000 --- [    Test worker] o.s.b.a.e.web.EndpointLinksResolver      : Exposing 14 endpoint(s) beneath base path '/actuator'
2020-08-06 12:35:23.099  INFO 8000 --- [    Test worker] o.s.b.w.embedded.tomcat.TomcatWebServer  : Tomcat started on port(s): 8889 (http) with context path ''
2020-08-06 12:35:23.099  INFO 8000 --- [    Test worker] engine.WebQuizEngine                     : Started WebQuizEngine in 2.114 seconds (JVM running for 18.885)
?[1;31m
Start test 47?[0m
2020-08-06 12:35:23.099  INFO 8000 --- [nio-8889-exec-1] o.a.c.c.C.[Tomcat].[localhost].[/]       : Initializing Spring DispatcherServlet 'dispatcherServlet'
2020-08-06 12:35:23.099  INFO 8000 --- [nio-8889-exec-1] o.s.web.servlet.DispatcherServlet        : Initializing Servlet 'dispatcherServlet'
2020-08-06 12:35:23.115  INFO 8000 --- [nio-8889-exec-1] o.s.web.servlet.DispatcherServlet        : Completed initialization in 16 ms
Hibernate: select user0_.id as id1_4_, user0_.email as email2_4_, user0_.password as password3_4_ from user user0_ where user0_.email=?
Hibernate: select quiz0_.id as id1_0_, quiz0_.made_by as made_by2_0_, quiz0_.text as text3_0_, quiz0_.title as title4_0_ from quiz quiz0_ limit ?
Hibernate: select options0_.quiz_id as quiz_id1_2_0_, options0_.options as options2_2_0_ from quiz_options options0_ where options0_.quiz_id=?
Hibernate: select options0_.quiz_id as quiz_id1_2_0_, options0_.options as options2_2_0_ from quiz_options options0_ where options0_.quiz_id=?
?[1;31m
Start test 48?[0m
Hibernate: select user0_.id as id1_4_, user0_.email as email2_4_, user0_.password as password3_4_ from user user0_ where user0_.email=?
Hibernate: select quiz0_.id as id1_0_, quiz0_.made_by as made_by2_0_, quiz0_.text as text3_0_, quiz0_.title as title4_0_ from quiz quiz0_ limit ?
Hibernate: select options0_.quiz_id as quiz_id1_2_0_, options0_.options as options2_2_0_ from quiz_options options0_ where options0_.quiz_id=?
Hibernate: select options0_.quiz_id as quiz_id1_2_0_, options0_.options as options2_2_0_ from quiz_options options0_ where options0_.quiz_id=?
?[1;31m
Start test 49?[0m
Hibernate: select user0_.id as id1_4_, user0_.email as email2_4_, user0_.password as password3_4_ from user user0_ where user0_.email=?
Hibernate: select quiz0_.id as id1_0_0_, quiz0_.made_by as made_by2_0_0_, quiz0_.text as text3_0_0_, quiz0_.title as title4_0_0_ from quiz quiz0_ where quiz0_.id=?
Hibernate: select answer0_.quiz_id as quiz_id1_1_0_, answer0_.answer as answer2_1_0_ from quiz_answer answer0_ where answer0_.quiz_id=?
Hibernate: insert into solution (data_base_id, completed_at, completed_by, id) values (null, ?, ?, ?)
?[1;31m
Start test 50?[0m
Hibernate: select user0_.id as id1_4_, user0_.email as email2_4_, user0_.password as password3_4_ from user user0_ where user0_.email=?
Hibernate: select quiz0_.id as id1_0_0_, quiz0_.made_by as made_by2_0_0_, quiz0_.text as text3_0_0_, quiz0_.title as title4_0_0_ from quiz quiz0_ where quiz0_.id=?
Hibernate: select answer0_.quiz_id as quiz_id1_1_0_, answer0_.answer as answer2_1_0_ from quiz_answer answer0_ where answer0_.quiz_id=?
?[1;31m
Start test 51?[0m
Hibernate: select user0_.id as id1_4_, user0_.email as email2_4_, user0_.password as password3_4_ from user user0_ where user0_.email=?
Hibernate: select quiz0_.id as id1_0_0_, quiz0_.made_by as made_by2_0_0_, quiz0_.text as text3_0_0_, quiz0_.title as title4_0_0_ from quiz quiz0_ where quiz0_.id=?
Hibernate: select answer0_.quiz_id as quiz_id1_1_0_, answer0_.answer as answer2_1_0_ from quiz_answer answer0_ where answer0_.quiz_id=?
?[1;31m
Start test 52?[0m
Hibernate: select user0_.id as id1_4_, user0_.email as email2_4_, user0_.password as password3_4_ from user user0_ where user0_.email=?
Hibernate: select quiz0_.id as id1_0_0_, quiz0_.made_by as made_by2_0_0_, quiz0_.text as text3_0_0_, quiz0_.title as title4_0_0_ from quiz quiz0_ where quiz0_.id=?
Hibernate: select answer0_.quiz_id as quiz_id1_1_0_, answer0_.answer as answer2_1_0_ from quiz_answer answer0_ where answer0_.quiz_id=?
Hibernate: insert into solution (data_base_id, completed_at, completed_by, id) values (null, ?, ?, ?)
?[1;31m
Start test 53?[0m
Hibernate: select user0_.id as id1_4_, user0_.email as email2_4_, user0_.password as password3_4_ from user user0_ where user0_.email=?
Hibernate: select solution0_.data_base_id as data_bas1_3_, solution0_.completed_at as complete2_3_, solution0_.completed_by as complete3_3_, solution0_.id as id4_3_ from solution solution0_ where solution0_.completed_by=? order by solution0_.completed_at desc limit ?
?[1;31m
Start test 54?[0m
Hibernate: select user0_.id as id1_4_, user0_.email as email2_4_, user0_.password as password3_4_ from user user0_ where user0_.email=?
Hibernate: select solution0_.data_base_id as data_bas1_3_, solution0_.completed_at as complete2_3_, solution0_.completed_by as complete3_3_, solution0_.id as id4_3_ from solution solution0_ where solution0_.completed_by=? order by solution0_.completed_at desc limit ?
?[1;31m
Start test 55?[0m
Hibernate: select user0_.id as id1_4_, user0_.email as email2_4_, user0_.password as password3_4_ from user user0_ where user0_.email=?
Hibernate: select solution0_.data_base_id as data_bas1_3_, solution0_.completed_at as complete2_3_, solution0_.completed_by as complete3_3_, solution0_.id as id4_3_ from solution solution0_ where solution0_.completed_by=? order by solution0_.completed_at desc limit ?
?[1;31m
Start test 56?[0m
Hibernate: select user0_.id as id1_4_, user0_.email as email2_4_, user0_.password as password3_4_ from user user0_ where user0_.email=?
Hibernate: select solution0_.data_base_id as data_bas1_3_, solution0_.completed_at as complete2_3_, solution0_.completed_by as complete3_3_, solution0_.id as id4_3_ from solution solution0_ where solution0_.completed_by=? order by solution0_.completed_at desc limit ?
?[1;31m
Start test 57?[0m
Hibernate: select user0_.id as id1_4_, user0_.email as email2_4_, user0_.password as password3_4_ from user user0_ where user0_.email=?
2020-08-06 12:35:24.502  WARN 8000 --- [io-8889-exec-10] .w.s.m.s.DefaultHandlerExceptionResolver : Resolved [org.springframework.http.converter.HttpMessageNotReadableException: JSON parse error: Unexpected character ('"' (code 34)): was expecting comma to separate Object entries; nested exception is com.fasterxml.jackson.core.JsonParseException: Unexpected character ('"' (code 34)): was expecting comma to separate Object entries
 at [Source: (PushbackInputStream); line: 4, column: 4]]
?[1;31m
Start test 58?[0m
Hibernate: select user0_.id as id1_4_, user0_.email as email2_4_, user0_.password as password3_4_ from user user0_ where user0_.email=?
2020-08-06 12:35:24.652  WARN 8000 --- [nio-8889-exec-2] .w.s.m.s.DefaultHandlerExceptionResolver : Resolved [org.springframework.http.converter.HttpMessageNotReadableException: JSON parse error: Unexpected character ('"' (code 34)): was expecting comma to separate Object entries; nested exception is com.fasterxml.jackson.core.JsonParseException: Unexpected character ('"' (code 34)): was expecting comma to separate Object entries
 at [Source: (PushbackInputStream); line: 5, column: 4]]
?[1;31m
Start test 59?[0m
Hibernate: select user0_.id as id1_4_, user0_.email as email2_4_, user0_.password as password3_4_ from user user0_ where user0_.email=?
2020-08-06 12:35:24.756  WARN 8000 --- [nio-8889-exec-4] .w.s.m.s.DefaultHandlerExceptionResolver : Resolved [org.springframework.http.converter.HttpMessageNotReadableException: JSON parse error: Unexpected character ('"' (code 34)): was expecting comma to separate Object entries; nested exception is com.fasterxml.jackson.core.JsonParseException: Unexpected character ('"' (code 34)): was expecting comma to separate Object entries
 at [Source: (PushbackInputStream); line: 4, column: 4]]
?[1;31m
Start test 60?[0m
Hibernate: select user0_.id as id1_4_, user0_.email as email2_4_, user0_.password as password3_4_ from user user0_ where user0_.email=?
2020-08-06 12:35:24.873  WARN 8000 --- [nio-8889-exec-3] .w.s.m.s.DefaultHandlerExceptionResolver : Resolved [org.springframework.http.converter.HttpMessageNotReadableException: JSON parse error: Unexpected character ('"' (code 34)): was expecting comma to separate Object entries; nested exception is com.fasterxml.jackson.core.JsonParseException: Unexpected character ('"' (code 34)): was expecting comma to separate Object entries
 at [Source: (PushbackInputStream); line: 5, column: 4]]
?[1;31m
Start test 61?[0m
Hibernate: select user0_.id as id1_4_, user0_.email as email2_4_, user0_.password as password3_4_ from user user0_ where user0_.email=?
2020-08-06 12:35:25.014  WARN 8000 --- [nio-8889-exec-5] .w.s.m.s.DefaultHandlerExceptionResolver : Resolved [org.springframework.web.bind.MethodArgumentNotValidException: Validation failed for argument [0] in public engine.quiz.Quiz engine.quiz.QuizController.addQuiz(engine.quiz.Quiz,engine.user.User) with 2 errors: [Field error in object 'quiz' on field 'options': rejected value [null]; codes [NotNull.quiz.options,NotNull.options,NotNull.java.util.List,NotNull]; arguments [org.springframework.context.support.DefaultMessageSourceResolvable: codes [quiz.options,options]; arguments []; default message [options]]; default message [Options should not be null]] [Field error in object 'quiz' on field 'options': rejected value [null]; codes [NotEmpty.quiz.options,NotEmpty.options,NotEmpty.java.util.List,NotEmpty]; arguments [org.springframework.context.support.DefaultMessageSourceResolvable: codes [quiz.options,options]; arguments []; default message [options]]; default message [Options should not be empty]] ]
?[1;31m
Start test 62?[0m
Hibernate: select user0_.id as id1_4_, user0_.email as email2_4_, user0_.password as password3_4_ from user user0_ where user0_.email=?
2020-08-06 12:35:25.152  WARN 8000 --- [nio-8889-exec-6] .w.s.m.s.DefaultHandlerExceptionResolver : Resolved [org.springframework.http.converter.HttpMessageNotReadableException: JSON parse error: Unexpected character ('"' (code 34)): was expecting comma to separate Object entries; nested exception is com.fasterxml.jackson.core.JsonParseException: Unexpected character ('"' (code 34)): was expecting comma to separate Object entries
 at [Source: (PushbackInputStream); line: 5, column: 4]]
?[1;31m
Start test 63?[0m
Hibernate: select user0_.id as id1_4_, user0_.email as email2_4_, user0_.password as password3_4_ from user user0_ where user0_.email=?
2020-08-06 12:35:25.240  WARN 8000 --- [nio-8889-exec-7] .w.s.m.s.DefaultHandlerExceptionResolver : Resolved [org.springframework.http.converter.HttpMessageNotReadableException: JSON parse error: Unexpected character ('"' (code 34)): was expecting comma to separate Object entries; nested exception is com.fasterxml.jackson.core.JsonParseException: Unexpected character ('"' (code 34)): was expecting comma to separate Object entries
 at [Source: (PushbackInputStream); line: 5, column: 4]]
?[1;31m
Start test 64?[0m
Hibernate: select user0_.id as id1_4_, user0_.email as email2_4_, user0_.password as password3_4_ from user user0_ where user0_.email=?
Hibernate: insert into quiz (id, made_by, text, title) values (null, ?, ?, ?)
Hibernate: insert into quiz_answer (quiz_id, answer) values (?, ?)
Hibernate: insert into quiz_answer (quiz_id, answer) values (?, ?)
Hibernate: insert into quiz_options (quiz_id, options) values (?, ?)
Hibernate: insert into quiz_options (quiz_id, options) values (?, ?)
Hibernate: insert into quiz_options (quiz_id, options) values (?, ?)
Hibernate: insert into quiz_options (quiz_id, options) values (?, ?)
?[1;31m
Start test 65?[0m
Hibernate: select user0_.id as id1_4_, user0_.email as email2_4_, user0_.password as password3_4_ from user user0_ where user0_.email=?
Hibernate: select quiz0_.id as id1_0_0_, quiz0_.made_by as made_by2_0_0_, quiz0_.text as text3_0_0_, quiz0_.title as title4_0_0_ from quiz quiz0_ where quiz0_.id=?
Hibernate: select options0_.quiz_id as quiz_id1_2_0_, options0_.options as options2_2_0_ from quiz_options options0_ where options0_.quiz_id=?
?[1;31m
Start test 66?[0m
Hibernate: select user0_.id as id1_4_, user0_.email as email2_4_, user0_.password as password3_4_ from user user0_ where user0_.email=?
Hibernate: select quiz0_.id as id1_0_0_, quiz0_.made_by as made_by2_0_0_, quiz0_.text as text3_0_0_, quiz0_.title as title4_0_0_ from quiz quiz0_ where quiz0_.id=?
?[1;31m
Start test 67?[0m
Hibernate: select user0_.id as id1_4_, user0_.email as email2_4_, user0_.password as password3_4_ from user user0_ where user0_.email=?
Hibernate: select quiz0_.id as id1_0_0_, quiz0_.made_by as made_by2_0_0_, quiz0_.text as text3_0_0_, quiz0_.title as title4_0_0_ from quiz quiz0_ where quiz0_.id=?
Hibernate: select answer0_.quiz_id as quiz_id1_1_0_, answer0_.answer as answer2_1_0_ from quiz_answer answer0_ where answer0_.quiz_id=?
?[1;31m
Start test 68?[0m
Hibernate: select user0_.id as id1_4_, user0_.email as email2_4_, user0_.password as password3_4_ from user user0_ where user0_.email=?
Hibernate: select quiz0_.id as id1_0_0_, quiz0_.made_by as made_by2_0_0_, quiz0_.text as text3_0_0_, quiz0_.title as title4_0_0_ from quiz quiz0_ where quiz0_.id=?
Hibernate: select answer0_.quiz_id as quiz_id1_1_0_, answer0_.answer as answer2_1_0_ from quiz_answer answer0_ where answer0_.quiz_id=?
?[1;31m
Start test 69?[0m
Hibernate: select user0_.id as id1_4_, user0_.email as email2_4_, user0_.password as password3_4_ from user user0_ where user0_.email=?
Hibernate: select quiz0_.id as id1_0_0_, quiz0_.made_by as made_by2_0_0_, quiz0_.text as text3_0_0_, quiz0_.title as title4_0_0_ from quiz quiz0_ where quiz0_.id=?
Hibernate: select answer0_.quiz_id as quiz_id1_1_0_, answer0_.answer as answer2_1_0_ from quiz_answer answer0_ where answer0_.quiz_id=?
?[1;31m
Start test 70?[0m
Hibernate: select user0_.id as id1_4_, user0_.email as email2_4_, user0_.password as password3_4_ from user user0_ where user0_.email=?
Hibernate: select quiz0_.id as id1_0_0_, quiz0_.made_by as made_by2_0_0_, quiz0_.text as text3_0_0_, quiz0_.title as title4_0_0_ from quiz quiz0_ where quiz0_.id=?
Hibernate: select answer0_.quiz_id as quiz_id1_1_0_, answer0_.answer as answer2_1_0_ from quiz_answer answer0_ where answer0_.quiz_id=?
?[1;31m
Start test 71?[0m
Hibernate: select user0_.id as id1_4_, user0_.email as email2_4_, user0_.password as password3_4_ from user user0_ where user0_.email=?
Hibernate: select quiz0_.id as id1_0_0_, quiz0_.made_by as made_by2_0_0_, quiz0_.text as text3_0_0_, quiz0_.title as title4_0_0_ from quiz quiz0_ where quiz0_.id=?
Hibernate: select answer0_.quiz_id as quiz_id1_1_0_, answer0_.answer as answer2_1_0_ from quiz_answer answer0_ where answer0_.quiz_id=?
?[1;31m
Start test 72?[0m
Hibernate: select user0_.id as id1_4_, user0_.email as email2_4_, user0_.password as password3_4_ from user user0_ where user0_.email=?
Hibernate: select quiz0_.id as id1_0_0_, quiz0_.made_by as made_by2_0_0_, quiz0_.text as text3_0_0_, quiz0_.title as title4_0_0_ from quiz quiz0_ where quiz0_.id=?
Hibernate: select answer0_.quiz_id as quiz_id1_1_0_, answer0_.answer as answer2_1_0_ from quiz_answer answer0_ where answer0_.quiz_id=?
Hibernate: insert into solution (data_base_id, completed_at, completed_by, id) values (null, ?, ?, ?)
?[1;31m
Start test 73?[0m
Hibernate: select user0_.id as id1_4_, user0_.email as email2_4_, user0_.password as password3_4_ from user user0_ where user0_.email=?
Hibernate: select quiz0_.id as id1_0_0_, quiz0_.made_by as made_by2_0_0_, quiz0_.text as text3_0_0_, quiz0_.title as title4_0_0_ from quiz quiz0_ where quiz0_.id=?
Hibernate: select answer0_.quiz_id as quiz_id1_1_0_, answer0_.answer as answer2_1_0_ from quiz_answer answer0_ where answer0_.quiz_id=?
?[1;31m
Start test 74?[0m
Hibernate: select user0_.id as id1_4_, user0_.email as email2_4_, user0_.password as password3_4_ from user user0_ where user0_.email=?
Hibernate: select quiz0_.id as id1_0_0_, quiz0_.made_by as made_by2_0_0_, quiz0_.text as text3_0_0_, quiz0_.title as title4_0_0_ from quiz quiz0_ where quiz0_.id=?
Hibernate: select answer0_.quiz_id as quiz_id1_1_0_, answer0_.answer as answer2_1_0_ from quiz_answer answer0_ where answer0_.quiz_id=?
?[1;31m
Start test 75?[0m
Hibernate: select user0_.id as id1_4_, user0_.email as email2_4_, user0_.password as password3_4_ from user user0_ where user0_.email=?
Hibernate: select quiz0_.id as id1_0_0_, quiz0_.made_by as made_by2_0_0_, quiz0_.text as text3_0_0_, quiz0_.title as title4_0_0_ from quiz quiz0_ where quiz0_.id=?
Hibernate: select answer0_.quiz_id as quiz_id1_1_0_, answer0_.answer as answer2_1_0_ from quiz_answer answer0_ where answer0_.quiz_id=?
?[1;31m
Start test 76?[0m
Hibernate: select user0_.id as id1_4_, user0_.email as email2_4_, user0_.password as password3_4_ from user user0_ where user0_.email=?
Hibernate: select quiz0_.id as id1_0_0_, quiz0_.made_by as made_by2_0_0_, quiz0_.text as text3_0_0_, quiz0_.title as title4_0_0_ from quiz quiz0_ where quiz0_.id=?
Hibernate: select answer0_.quiz_id as quiz_id1_1_0_, answer0_.answer as answer2_1_0_ from quiz_answer answer0_ where answer0_.quiz_id=?
?[1;31m
Start test 77?[0m
Hibernate: select user0_.id as id1_4_, user0_.email as email2_4_, user0_.password as password3_4_ from user user0_ where user0_.email=?
Hibernate: select quiz0_.id as id1_0_0_, quiz0_.made_by as made_by2_0_0_, quiz0_.text as text3_0_0_, quiz0_.title as title4_0_0_ from quiz quiz0_ where quiz0_.id=?
Hibernate: select answer0_.quiz_id as quiz_id1_1_0_, answer0_.answer as answer2_1_0_ from quiz_answer answer0_ where answer0_.quiz_id=?
?[1;31m
Start test 78?[0m
Hibernate: select user0_.id as id1_4_, user0_.email as email2_4_, user0_.password as password3_4_ from user user0_ where user0_.email=?
Hibernate: select quiz0_.id as id1_0_0_, quiz0_.made_by as made_by2_0_0_, quiz0_.text as text3_0_0_, quiz0_.title as title4_0_0_ from quiz quiz0_ where quiz0_.id=?
Hibernate: select answer0_.quiz_id as quiz_id1_1_0_, answer0_.answer as answer2_1_0_ from quiz_answer answer0_ where answer0_.quiz_id=?
?[1;31m
Start test 79?[0m
Hibernate: select user0_.id as id1_4_, user0_.email as email2_4_, user0_.password as password3_4_ from user user0_ where user0_.email=?
Hibernate: select quiz0_.id as id1_0_0_, quiz0_.made_by as made_by2_0_0_, quiz0_.text as text3_0_0_, quiz0_.title as title4_0_0_ from quiz quiz0_ where quiz0_.id=?
Hibernate: select answer0_.quiz_id as quiz_id1_1_0_, answer0_.answer as answer2_1_0_ from quiz_answer answer0_ where answer0_.quiz_id=?
?[1;31m
Start test 80?[0m
Hibernate: select user0_.id as id1_4_, user0_.email as email2_4_, user0_.password as password3_4_ from user user0_ where user0_.email=?
Hibernate: select quiz0_.id as id1_0_0_, quiz0_.made_by as made_by2_0_0_, quiz0_.text as text3_0_0_, quiz0_.title as title4_0_0_ from quiz quiz0_ where quiz0_.id=?
Hibernate: select answer0_.quiz_id as quiz_id1_1_0_, answer0_.answer as answer2_1_0_ from quiz_answer answer0_ where answer0_.quiz_id=?
?[1;31m
Start test 81?[0m
Hibernate: select user0_.id as id1_4_, user0_.email as email2_4_, user0_.password as password3_4_ from user user0_ where user0_.email=?
Hibernate: select quiz0_.id as id1_0_0_, quiz0_.made_by as made_by2_0_0_, quiz0_.text as text3_0_0_, quiz0_.title as title4_0_0_ from quiz quiz0_ where quiz0_.id=?
Hibernate: select answer0_.quiz_id as quiz_id1_1_0_, answer0_.answer as answer2_1_0_ from quiz_answer answer0_ where answer0_.quiz_id=?
?[1;31m
Start test 82?[0m
Hibernate: select user0_.id as id1_4_, user0_.email as email2_4_, user0_.password as password3_4_ from user user0_ where user0_.email=?
Hibernate: insert into quiz (id, made_by, text, title) values (null, ?, ?, ?)
Hibernate: insert into quiz_answer (quiz_id, answer) values (?, ?)
Hibernate: insert into quiz_answer (quiz_id, answer) values (?, ?)
Hibernate: insert into quiz_options (quiz_id, options) values (?, ?)
Hibernate: insert into quiz_options (quiz_id, options) values (?, ?)
Hibernate: insert into quiz_options (quiz_id, options) values (?, ?)
Hibernate: insert into quiz_options (quiz_id, options) values (?, ?)
?[1;31m
Start test 83?[0m
Hibernate: select user0_.id as id1_4_, user0_.email as email2_4_, user0_.password as password3_4_ from user user0_ where user0_.email=?
Hibernate: select quiz0_.id as id1_0_0_, quiz0_.made_by as made_by2_0_0_, quiz0_.text as text3_0_0_, quiz0_.title as title4_0_0_ from quiz quiz0_ where quiz0_.id=?
Hibernate: select options0_.quiz_id as quiz_id1_2_0_, options0_.options as options2_2_0_ from quiz_options options0_ where options0_.quiz_id=?
?[1;31m
Start test 84?[0m
Hibernate: select user0_.id as id1_4_, user0_.email as email2_4_, user0_.password as password3_4_ from user user0_ where user0_.email=?
Hibernate: select quiz0_.id as id1_0_0_, quiz0_.made_by as made_by2_0_0_, quiz0_.text as text3_0_0_, quiz0_.title as title4_0_0_ from quiz quiz0_ where quiz0_.id=?
?[1;31m
Start test 85?[0m
Hibernate: select user0_.id as id1_4_, user0_.email as email2_4_, user0_.password as password3_4_ from user user0_ where user0_.email=?
Hibernate: select quiz0_.id as id1_0_0_, quiz0_.made_by as made_by2_0_0_, quiz0_.text as text3_0_0_, quiz0_.title as title4_0_0_ from quiz quiz0_ where quiz0_.id=?
Hibernate: select answer0_.quiz_id as quiz_id1_1_0_, answer0_.answer as answer2_1_0_ from quiz_answer answer0_ where answer0_.quiz_id=?
?[1;31m
Start test 86?[0m
Hibernate: select user0_.id as id1_4_, user0_.email as email2_4_, user0_.password as password3_4_ from user user0_ where user0_.email=?
Hibernate: select quiz0_.id as id1_0_0_, quiz0_.made_by as made_by2_0_0_, quiz0_.text as text3_0_0_, quiz0_.title as title4_0_0_ from quiz quiz0_ where quiz0_.id=?
Hibernate: select answer0_.quiz_id as quiz_id1_1_0_, answer0_.answer as answer2_1_0_ from quiz_answer answer0_ where answer0_.quiz_id=?
?[1;31m
Start test 87?[0m
Hibernate: select user0_.id as id1_4_, user0_.email as email2_4_, user0_.password as password3_4_ from user user0_ where user0_.email=?
Hibernate: select quiz0_.id as id1_0_0_, quiz0_.made_by as made_by2_0_0_, quiz0_.text as text3_0_0_, quiz0_.title as title4_0_0_ from quiz quiz0_ where quiz0_.id=?
Hibernate: select answer0_.quiz_id as quiz_id1_1_0_, answer0_.answer as answer2_1_0_ from quiz_answer answer0_ where answer0_.quiz_id=?
?[1;31m
Start test 88?[0m
Hibernate: select user0_.id as id1_4_, user0_.email as email2_4_, user0_.password as password3_4_ from user user0_ where user0_.email=?
Hibernate: select quiz0_.id as id1_0_0_, quiz0_.made_by as made_by2_0_0_, quiz0_.text as text3_0_0_, quiz0_.title as title4_0_0_ from quiz quiz0_ where quiz0_.id=?
Hibernate: select answer0_.quiz_id as quiz_id1_1_0_, answer0_.answer as answer2_1_0_ from quiz_answer answer0_ where answer0_.quiz_id=?
?[1;31m
Start test 89?[0m
Hibernate: select user0_.id as id1_4_, user0_.email as email2_4_, user0_.password as password3_4_ from user user0_ where user0_.email=?
Hibernate: select quiz0_.id as id1_0_0_, quiz0_.made_by as made_by2_0_0_, quiz0_.text as text3_0_0_, quiz0_.title as title4_0_0_ from quiz quiz0_ where quiz0_.id=?
Hibernate: select answer0_.quiz_id as quiz_id1_1_0_, answer0_.answer as answer2_1_0_ from quiz_answer answer0_ where answer0_.quiz_id=?
?[1;31m
Start test 90?[0m
Hibernate: select user0_.id as id1_4_, user0_.email as email2_4_, user0_.password as password3_4_ from user user0_ where user0_.email=?
Hibernate: select quiz0_.id as id1_0_0_, quiz0_.made_by as made_by2_0_0_, quiz0_.text as text3_0_0_, quiz0_.title as title4_0_0_ from quiz quiz0_ where quiz0_.id=?
Hibernate: select answer0_.quiz_id as quiz_id1_1_0_, answer0_.answer as answer2_1_0_ from quiz_answer answer0_ where answer0_.quiz_id=?
?[1;31m
Start test 91?[0m
Hibernate: select user0_.id as id1_4_, user0_.email as email2_4_, user0_.password as password3_4_ from user user0_ where user0_.email=?
Hibernate: select quiz0_.id as id1_0_0_, quiz0_.made_by as made_by2_0_0_, quiz0_.text as text3_0_0_, quiz0_.title as title4_0_0_ from quiz quiz0_ where quiz0_.id=?
Hibernate: select answer0_.quiz_id as quiz_id1_1_0_, answer0_.answer as answer2_1_0_ from quiz_answer answer0_ where answer0_.quiz_id=?
?[1;31m
Start test 92?[0m
Hibernate: select user0_.id as id1_4_, user0_.email as email2_4_, user0_.password as password3_4_ from user user0_ where user0_.email=?
Hibernate: select quiz0_.id as id1_0_0_, quiz0_.made_by as made_by2_0_0_, quiz0_.text as text3_0_0_, quiz0_.title as title4_0_0_ from quiz quiz0_ where quiz0_.id=?
Hibernate: select answer0_.quiz_id as quiz_id1_1_0_, answer0_.answer as answer2_1_0_ from quiz_answer answer0_ where answer0_.quiz_id=?
?[1;31m
Start test 93?[0m
Hibernate: select user0_.id as id1_4_, user0_.email as email2_4_, user0_.password as password3_4_ from user user0_ where user0_.email=?
Hibernate: select quiz0_.id as id1_0_0_, quiz0_.made_by as made_by2_0_0_, quiz0_.text as text3_0_0_, quiz0_.title as title4_0_0_ from quiz quiz0_ where quiz0_.id=?
Hibernate: select answer0_.quiz_id as quiz_id1_1_0_, answer0_.answer as answer2_1_0_ from quiz_answer answer0_ where answer0_.quiz_id=?
?[1;31m
Start test 94?[0m
Hibernate: select user0_.id as id1_4_, user0_.email as email2_4_, user0_.password as password3_4_ from user user0_ where user0_.email=?
Hibernate: select quiz0_.id as id1_0_0_, quiz0_.made_by as made_by2_0_0_, quiz0_.text as text3_0_0_, quiz0_.title as title4_0_0_ from quiz quiz0_ where quiz0_.id=?
Hibernate: select answer0_.quiz_id as quiz_id1_1_0_, answer0_.answer as answer2_1_0_ from quiz_answer answer0_ where answer0_.quiz_id=?
Hibernate: insert into solution (data_base_id, completed_at, completed_by, id) values (null, ?, ?, ?)
?[1;31m
Start test 95?[0m
Hibernate: select user0_.id as id1_4_, user0_.email as email2_4_, user0_.password as password3_4_ from user user0_ where user0_.email=?
Hibernate: select quiz0_.id as id1_0_0_, quiz0_.made_by as made_by2_0_0_, quiz0_.text as text3_0_0_, quiz0_.title as title4_0_0_ from quiz quiz0_ where quiz0_.id=?
Hibernate: select answer0_.quiz_id as quiz_id1_1_0_, answer0_.answer as answer2_1_0_ from quiz_answer answer0_ where answer0_.quiz_id=?
?[1;31m
Start test 96?[0m
Hibernate: select user0_.id as id1_4_, user0_.email as email2_4_, user0_.password as password3_4_ from user user0_ where user0_.email=?
Hibernate: select quiz0_.id as id1_0_0_, quiz0_.made_by as made_by2_0_0_, quiz0_.text as text3_0_0_, quiz0_.title as title4_0_0_ from quiz quiz0_ where quiz0_.id=?
Hibernate: select answer0_.quiz_id as quiz_id1_1_0_, answer0_.answer as answer2_1_0_ from quiz_answer answer0_ where answer0_.quiz_id=?
?[1;31m
Start test 97?[0m
Hibernate: select user0_.id as id1_4_, user0_.email as email2_4_, user0_.password as password3_4_ from user user0_ where user0_.email=?
Hibernate: select quiz0_.id as id1_0_0_, quiz0_.made_by as made_by2_0_0_, quiz0_.text as text3_0_0_, quiz0_.title as title4_0_0_ from quiz quiz0_ where quiz0_.id=?
Hibernate: select answer0_.quiz_id as quiz_id1_1_0_, answer0_.answer as answer2_1_0_ from quiz_answer answer0_ where answer0_.quiz_id=?
?[1;31m
Start test 98?[0m
Hibernate: select user0_.id as id1_4_, user0_.email as email2_4_, user0_.password as password3_4_ from user user0_ where user0_.email=?
Hibernate: select quiz0_.id as id1_0_0_, quiz0_.made_by as made_by2_0_0_, quiz0_.text as text3_0_0_, quiz0_.title as title4_0_0_ from quiz quiz0_ where quiz0_.id=?
Hibernate: select answer0_.quiz_id as quiz_id1_1_0_, answer0_.answer as answer2_1_0_ from quiz_answer answer0_ where answer0_.quiz_id=?
?[1;31m
Start test 99?[0m
Hibernate: select user0_.id as id1_4_, user0_.email as email2_4_, user0_.password as password3_4_ from user user0_ where user0_.email=?
Hibernate: select quiz0_.id as id1_0_0_, quiz0_.made_by as made_by2_0_0_, quiz0_.text as text3_0_0_, quiz0_.title as title4_0_0_ from quiz quiz0_ where quiz0_.id=?
Hibernate: select answer0_.quiz_id as quiz_id1_1_0_, answer0_.answer as answer2_1_0_ from quiz_answer answer0_ where answer0_.quiz_id=?
?[1;31m
Start test 100?[0m
Hibernate: select user0_.id as id1_4_, user0_.email as email2_4_, user0_.password as password3_4_ from user user0_ where user0_.email=?
Hibernate: insert into quiz (id, made_by, text, title) values (null, ?, ?, ?)
Hibernate: insert into quiz_options (quiz_id, options) values (?, ?)
Hibernate: insert into quiz_options (quiz_id, options) values (?, ?)
Hibernate: insert into quiz_options (quiz_id, options) values (?, ?)
Hibernate: insert into quiz_options (quiz_id, options) values (?, ?)
?[1;31m
Start test 101?[0m
Hibernate: select user0_.id as id1_4_, user0_.email as email2_4_, user0_.password as password3_4_ from user user0_ where user0_.email=?
Hibernate: select quiz0_.id as id1_0_0_, quiz0_.made_by as made_by2_0_0_, quiz0_.text as text3_0_0_, quiz0_.title as title4_0_0_ from quiz quiz0_ where quiz0_.id=?
Hibernate: select options0_.quiz_id as quiz_id1_2_0_, options0_.options as options2_2_0_ from quiz_options options0_ where options0_.quiz_id=?
?[1;31m
Start test 102?[0m
Hibernate: select user0_.id as id1_4_, user0_.email as email2_4_, user0_.password as password3_4_ from user user0_ where user0_.email=?
Hibernate: select quiz0_.id as id1_0_0_, quiz0_.made_by as made_by2_0_0_, quiz0_.text as text3_0_0_, quiz0_.title as title4_0_0_ from quiz quiz0_ where quiz0_.id=?
?[1;31m
Start test 103?[0m
Hibernate: select user0_.id as id1_4_, user0_.email as email2_4_, user0_.password as password3_4_ from user user0_ where user0_.email=?
Hibernate: select quiz0_.id as id1_0_0_, quiz0_.made_by as made_by2_0_0_, quiz0_.text as text3_0_0_, quiz0_.title as title4_0_0_ from quiz quiz0_ where quiz0_.id=?
Hibernate: select answer0_.quiz_id as quiz_id1_1_0_, answer0_.answer as answer2_1_0_ from quiz_answer answer0_ where answer0_.quiz_id=?
Hibernate: insert into solution (data_base_id, completed_at, completed_by, id) values (null, ?, ?, ?)
?[1;31m
Start test 104?[0m
Hibernate: select user0_.id as id1_4_, user0_.email as email2_4_, user0_.password as password3_4_ from user user0_ where user0_.email=?
Hibernate: select quiz0_.id as id1_0_0_, quiz0_.made_by as made_by2_0_0_, quiz0_.text as text3_0_0_, quiz0_.title as title4_0_0_ from quiz quiz0_ where quiz0_.id=?
Hibernate: select answer0_.quiz_id as quiz_id1_1_0_, answer0_.answer as answer2_1_0_ from quiz_answer answer0_ where answer0_.quiz_id=?
?[1;31m
Start test 105?[0m
Hibernate: select user0_.id as id1_4_, user0_.email as email2_4_, user0_.password as password3_4_ from user user0_ where user0_.email=?
Hibernate: select quiz0_.id as id1_0_0_, quiz0_.made_by as made_by2_0_0_, quiz0_.text as text3_0_0_, quiz0_.title as title4_0_0_ from quiz quiz0_ where quiz0_.id=?
Hibernate: select answer0_.quiz_id as quiz_id1_1_0_, answer0_.answer as answer2_1_0_ from quiz_answer answer0_ where answer0_.quiz_id=?
?[1;31m
Start test 106?[0m
Hibernate: select user0_.id as id1_4_, user0_.email as email2_4_, user0_.password as password3_4_ from user user0_ where user0_.email=?
Hibernate: select quiz0_.id as id1_0_0_, quiz0_.made_by as made_by2_0_0_, quiz0_.text as text3_0_0_, quiz0_.title as title4_0_0_ from quiz quiz0_ where quiz0_.id=?
Hibernate: select answer0_.quiz_id as quiz_id1_1_0_, answer0_.answer as answer2_1_0_ from quiz_answer answer0_ where answer0_.quiz_id=?
?[1;31m
Start test 107?[0m
Hibernate: select user0_.id as id1_4_, user0_.email as email2_4_, user0_.password as password3_4_ from user user0_ where user0_.email=?
Hibernate: select quiz0_.id as id1_0_0_, quiz0_.made_by as made_by2_0_0_, quiz0_.text as text3_0_0_, quiz0_.title as title4_0_0_ from quiz quiz0_ where quiz0_.id=?
Hibernate: select answer0_.quiz_id as quiz_id1_1_0_, answer0_.answer as answer2_1_0_ from quiz_answer answer0_ where answer0_.quiz_id=?
?[1;31m
Start test 108?[0m
Hibernate: select user0_.id as id1_4_, user0_.email as email2_4_, user0_.password as password3_4_ from user user0_ where user0_.email=?
Hibernate: select quiz0_.id as id1_0_0_, quiz0_.made_by as made_by2_0_0_, quiz0_.text as text3_0_0_, quiz0_.title as title4_0_0_ from quiz quiz0_ where quiz0_.id=?
Hibernate: select answer0_.quiz_id as quiz_id1_1_0_, answer0_.answer as answer2_1_0_ from quiz_answer answer0_ where answer0_.quiz_id=?
?[1;31m
Start test 109?[0m
Hibernate: select user0_.id as id1_4_, user0_.email as email2_4_, user0_.password as password3_4_ from user user0_ where user0_.email=?
Hibernate: select quiz0_.id as id1_0_0_, quiz0_.made_by as made_by2_0_0_, quiz0_.text as text3_0_0_, quiz0_.title as title4_0_0_ from quiz quiz0_ where quiz0_.id=?
Hibernate: select answer0_.quiz_id as quiz_id1_1_0_, answer0_.answer as answer2_1_0_ from quiz_answer answer0_ where answer0_.quiz_id=?
?[1;31m
Start test 110?[0m
Hibernate: select user0_.id as id1_4_, user0_.email as email2_4_, user0_.password as password3_4_ from user user0_ where user0_.email=?
Hibernate: select quiz0_.id as id1_0_0_, quiz0_.made_by as made_by2_0_0_, quiz0_.text as text3_0_0_, quiz0_.title as title4_0_0_ from quiz quiz0_ where quiz0_.id=?
Hibernate: select answer0_.quiz_id as quiz_id1_1_0_, answer0_.answer as answer2_1_0_ from quiz_answer answer0_ where answer0_.quiz_id=?
?[1;31m
Start test 111?[0m
Hibernate: select user0_.id as id1_4_, user0_.email as email2_4_, user0_.password as password3_4_ from user user0_ where user0_.email=?
Hibernate: select quiz0_.id as id1_0_0_, quiz0_.made_by as made_by2_0_0_, quiz0_.text as text3_0_0_, quiz0_.title as title4_0_0_ from quiz quiz0_ where quiz0_.id=?
Hibernate: select answer0_.quiz_id as quiz_id1_1_0_, answer0_.answer as answer2_1_0_ from quiz_answer answer0_ where answer0_.quiz_id=?
?[1;31m
Start test 112?[0m
Hibernate: select user0_.id as id1_4_, user0_.email as email2_4_, user0_.password as password3_4_ from user user0_ where user0_.email=?
Hibernate: select quiz0_.id as id1_0_0_, quiz0_.made_by as made_by2_0_0_, quiz0_.text as text3_0_0_, quiz0_.title as title4_0_0_ from quiz quiz0_ where quiz0_.id=?
Hibernate: select answer0_.quiz_id as quiz_id1_1_0_, answer0_.answer as answer2_1_0_ from quiz_answer answer0_ where answer0_.quiz_id=?
?[1;31m
Start test 113?[0m
Hibernate: select user0_.id as id1_4_, user0_.email as email2_4_, user0_.password as password3_4_ from user user0_ where user0_.email=?
Hibernate: select quiz0_.id as id1_0_0_, quiz0_.made_by as made_by2_0_0_, quiz0_.text as text3_0_0_, quiz0_.title as title4_0_0_ from quiz quiz0_ where quiz0_.id=?
Hibernate: select answer0_.quiz_id as quiz_id1_1_0_, answer0_.answer as answer2_1_0_ from quiz_answer answer0_ where answer0_.quiz_id=?
?[1;31m
Start test 114?[0m
Hibernate: select user0_.id as id1_4_, user0_.email as email2_4_, user0_.password as password3_4_ from user user0_ where user0_.email=?
Hibernate: select quiz0_.id as id1_0_0_, quiz0_.made_by as made_by2_0_0_, quiz0_.text as text3_0_0_, quiz0_.title as title4_0_0_ from quiz quiz0_ where quiz0_.id=?
Hibernate: select answer0_.quiz_id as quiz_id1_1_0_, answer0_.answer as answer2_1_0_ from quiz_answer answer0_ where answer0_.quiz_id=?
?[1;31m
Start test 115?[0m
Hibernate: select user0_.id as id1_4_, user0_.email as email2_4_, user0_.password as password3_4_ from user user0_ where user0_.email=?
Hibernate: select quiz0_.id as id1_0_0_, quiz0_.made_by as made_by2_0_0_, quiz0_.text as text3_0_0_, quiz0_.title as title4_0_0_ from quiz quiz0_ where quiz0_.id=?
Hibernate: select answer0_.quiz_id as quiz_id1_1_0_, answer0_.answer as answer2_1_0_ from quiz_answer answer0_ where answer0_.quiz_id=?
?[1;31m
Start test 116?[0m
Hibernate: select user0_.id as id1_4_, user0_.email as email2_4_, user0_.password as password3_4_ from user user0_ where user0_.email=?
Hibernate: select quiz0_.id as id1_0_0_, quiz0_.made_by as made_by2_0_0_, quiz0_.text as text3_0_0_, quiz0_.title as title4_0_0_ from quiz quiz0_ where quiz0_.id=?
Hibernate: select answer0_.quiz_id as quiz_id1_1_0_, answer0_.answer as answer2_1_0_ from quiz_answer answer0_ where answer0_.quiz_id=?
?[1;31m
Start test 117?[0m
Hibernate: select user0_.id as id1_4_, user0_.email as email2_4_, user0_.password as password3_4_ from user user0_ where user0_.email=?
Hibernate: select quiz0_.id as id1_0_0_, quiz0_.made_by as made_by2_0_0_, quiz0_.text as text3_0_0_, quiz0_.title as title4_0_0_ from quiz quiz0_ where quiz0_.id=?
Hibernate: select answer0_.quiz_id as quiz_id1_1_0_, answer0_.answer as answer2_1_0_ from quiz_answer answer0_ where answer0_.quiz_id=?
?[1;31m
Start test 118?[0m
Hibernate: select user0_.id as id1_4_, user0_.email as email2_4_, user0_.password as password3_4_ from user user0_ where user0_.email=?
Hibernate: insert into quiz (id, made_by, text, title) values (null, ?, ?, ?)
Hibernate: insert into quiz_options (quiz_id, options) values (?, ?)
Hibernate: insert into quiz_options (quiz_id, options) values (?, ?)
Hibernate: insert into quiz_options (quiz_id, options) values (?, ?)
Hibernate: insert into quiz_options (quiz_id, options) values (?, ?)
?[1;31m
Start test 119?[0m
Hibernate: select user0_.id as id1_4_, user0_.email as email2_4_, user0_.password as password3_4_ from user user0_ where user0_.email=?
Hibernate: select quiz0_.id as id1_0_0_, quiz0_.made_by as made_by2_0_0_, quiz0_.text as text3_0_0_, quiz0_.title as title4_0_0_ from quiz quiz0_ where quiz0_.id=?
Hibernate: select options0_.quiz_id as quiz_id1_2_0_, options0_.options as options2_2_0_ from quiz_options options0_ where options0_.quiz_id=?
?[1;31m
Start test 120?[0m
Hibernate: select user0_.id as id1_4_, user0_.email as email2_4_, user0_.password as password3_4_ from user user0_ where user0_.email=?
Hibernate: select quiz0_.id as id1_0_0_, quiz0_.made_by as made_by2_0_0_, quiz0_.text as text3_0_0_, quiz0_.title as title4_0_0_ from quiz quiz0_ where quiz0_.id=?
?[1;31m
Start test 121?[0m
Hibernate: select user0_.id as id1_4_, user0_.email as email2_4_, user0_.password as password3_4_ from user user0_ where user0_.email=?
Hibernate: select quiz0_.id as id1_0_0_, quiz0_.made_by as made_by2_0_0_, quiz0_.text as text3_0_0_, quiz0_.title as title4_0_0_ from quiz quiz0_ where quiz0_.id=?
Hibernate: select answer0_.quiz_id as quiz_id1_1_0_, answer0_.answer as answer2_1_0_ from quiz_answer answer0_ where answer0_.quiz_id=?
Hibernate: insert into solution (data_base_id, completed_at, completed_by, id) values (null, ?, ?, ?)
?[1;31m
Start test 122?[0m
Hibernate: select user0_.id as id1_4_, user0_.email as email2_4_, user0_.password as password3_4_ from user user0_ where user0_.email=?
Hibernate: select quiz0_.id as id1_0_0_, quiz0_.made_by as made_by2_0_0_, quiz0_.text as text3_0_0_, quiz0_.title as title4_0_0_ from quiz quiz0_ where quiz0_.id=?
Hibernate: select answer0_.quiz_id as quiz_id1_1_0_, answer0_.answer as answer2_1_0_ from quiz_answer answer0_ where answer0_.quiz_id=?
?[1;31m
Start test 123?[0m
Hibernate: select user0_.id as id1_4_, user0_.email as email2_4_, user0_.password as password3_4_ from user user0_ where user0_.email=?
Hibernate: select quiz0_.id as id1_0_0_, quiz0_.made_by as made_by2_0_0_, quiz0_.text as text3_0_0_, quiz0_.title as title4_0_0_ from quiz quiz0_ where quiz0_.id=?
Hibernate: select answer0_.quiz_id as quiz_id1_1_0_, answer0_.answer as answer2_1_0_ from quiz_answer answer0_ where answer0_.quiz_id=?
?[1;31m
Start test 124?[0m
Hibernate: select user0_.id as id1_4_, user0_.email as email2_4_, user0_.password as password3_4_ from user user0_ where user0_.email=?
Hibernate: select quiz0_.id as id1_0_0_, quiz0_.made_by as made_by2_0_0_, quiz0_.text as text3_0_0_, quiz0_.title as title4_0_0_ from quiz quiz0_ where quiz0_.id=?
Hibernate: select answer0_.quiz_id as quiz_id1_1_0_, answer0_.answer as answer2_1_0_ from quiz_answer answer0_ where answer0_.quiz_id=?
?[1;31m
Start test 125?[0m
Hibernate: select user0_.id as id1_4_, user0_.email as email2_4_, user0_.password as password3_4_ from user user0_ where user0_.email=?
Hibernate: select quiz0_.id as id1_0_0_, quiz0_.made_by as made_by2_0_0_, quiz0_.text as text3_0_0_, quiz0_.title as title4_0_0_ from quiz quiz0_ where quiz0_.id=?
Hibernate: select answer0_.quiz_id as quiz_id1_1_0_, answer0_.answer as answer2_1_0_ from quiz_answer answer0_ where answer0_.quiz_id=?
?[1;31m
Start test 126?[0m
Hibernate: select user0_.id as id1_4_, user0_.email as email2_4_, user0_.password as password3_4_ from user user0_ where user0_.email=?
Hibernate: select quiz0_.id as id1_0_0_, quiz0_.made_by as made_by2_0_0_, quiz0_.text as text3_0_0_, quiz0_.title as title4_0_0_ from quiz quiz0_ where quiz0_.id=?
Hibernate: select answer0_.quiz_id as quiz_id1_1_0_, answer0_.answer as answer2_1_0_ from quiz_answer answer0_ where answer0_.quiz_id=?
?[1;31m
Start test 127?[0m
Hibernate: select user0_.id as id1_4_, user0_.email as email2_4_, user0_.password as password3_4_ from user user0_ where user0_.email=?
Hibernate: select quiz0_.id as id1_0_0_, quiz0_.made_by as made_by2_0_0_, quiz0_.text as text3_0_0_, quiz0_.title as title4_0_0_ from quiz quiz0_ where quiz0_.id=?
Hibernate: select answer0_.quiz_id as quiz_id1_1_0_, answer0_.answer as answer2_1_0_ from quiz_answer answer0_ where answer0_.quiz_id=?
?[1;31m
Start test 128?[0m
Hibernate: select user0_.id as id1_4_, user0_.email as email2_4_, user0_.password as password3_4_ from user user0_ where user0_.email=?
Hibernate: select quiz0_.id as id1_0_0_, quiz0_.made_by as made_by2_0_0_, quiz0_.text as text3_0_0_, quiz0_.title as title4_0_0_ from quiz quiz0_ where quiz0_.id=?
Hibernate: select answer0_.quiz_id as quiz_id1_1_0_, answer0_.answer as answer2_1_0_ from quiz_answer answer0_ where answer0_.quiz_id=?
?[1;31m
Start test 129?[0m
Hibernate: select user0_.id as id1_4_, user0_.email as email2_4_, user0_.password as password3_4_ from user user0_ where user0_.email=?
Hibernate: select quiz0_.id as id1_0_0_, quiz0_.made_by as made_by2_0_0_, quiz0_.text as text3_0_0_, quiz0_.title as title4_0_0_ from quiz quiz0_ where quiz0_.id=?
Hibernate: select answer0_.quiz_id as quiz_id1_1_0_, answer0_.answer as answer2_1_0_ from quiz_answer answer0_ where answer0_.quiz_id=?
?[1;31m
Start test 130?[0m
Hibernate: select user0_.id as id1_4_, user0_.email as email2_4_, user0_.password as password3_4_ from user user0_ where user0_.email=?
Hibernate: select quiz0_.id as id1_0_0_, quiz0_.made_by as made_by2_0_0_, quiz0_.text as text3_0_0_, quiz0_.title as title4_0_0_ from quiz quiz0_ where quiz0_.id=?
Hibernate: select answer0_.quiz_id as quiz_id1_1_0_, answer0_.answer as answer2_1_0_ from quiz_answer answer0_ where answer0_.quiz_id=?
?[1;31m
Start test 131?[0m
Hibernate: select user0_.id as id1_4_, user0_.email as email2_4_, user0_.password as password3_4_ from user user0_ where user0_.email=?
Hibernate: select quiz0_.id as id1_0_0_, quiz0_.made_by as made_by2_0_0_, quiz0_.text as text3_0_0_, quiz0_.title as title4_0_0_ from quiz quiz0_ where quiz0_.id=?
Hibernate: select answer0_.quiz_id as quiz_id1_1_0_, answer0_.answer as answer2_1_0_ from quiz_answer answer0_ where answer0_.quiz_id=?
?[1;31m
Start test 132?[0m
Hibernate: select user0_.id as id1_4_, user0_.email as email2_4_, user0_.password as password3_4_ from user user0_ where user0_.email=?
Hibernate: select quiz0_.id as id1_0_0_, quiz0_.made_by as made_by2_0_0_, quiz0_.text as text3_0_0_, quiz0_.title as title4_0_0_ from quiz quiz0_ where quiz0_.id=?
Hibernate: select answer0_.quiz_id as quiz_id1_1_0_, answer0_.answer as answer2_1_0_ from quiz_answer answer0_ where answer0_.quiz_id=?
?[1;31m
Start test 133?[0m
Hibernate: select user0_.id as id1_4_, user0_.email as email2_4_, user0_.password as password3_4_ from user user0_ where user0_.email=?
Hibernate: select quiz0_.id as id1_0_0_, quiz0_.made_by as made_by2_0_0_, quiz0_.text as text3_0_0_, quiz0_.title as title4_0_0_ from quiz quiz0_ where quiz0_.id=?
Hibernate: select answer0_.quiz_id as quiz_id1_1_0_, answer0_.answer as answer2_1_0_ from quiz_answer answer0_ where answer0_.quiz_id=?
?[1;31m
Start test 134?[0m
Hibernate: select user0_.id as id1_4_, user0_.email as email2_4_, user0_.password as password3_4_ from user user0_ where user0_.email=?
Hibernate: select quiz0_.id as id1_0_0_, quiz0_.made_by as made_by2_0_0_, quiz0_.text as text3_0_0_, quiz0_.title as title4_0_0_ from quiz quiz0_ where quiz0_.id=?
Hibernate: select answer0_.quiz_id as quiz_id1_1_0_, answer0_.answer as answer2_1_0_ from quiz_answer answer0_ where answer0_.quiz_id=?
?[1;31m
Start test 135?[0m
Hibernate: select user0_.id as id1_4_, user0_.email as email2_4_, user0_.password as password3_4_ from user user0_ where user0_.email=?
Hibernate: select quiz0_.id as id1_0_0_, quiz0_.made_by as made_by2_0_0_, quiz0_.text as text3_0_0_, quiz0_.title as title4_0_0_ from quiz quiz0_ where quiz0_.id=?
Hibernate: select answer0_.quiz_id as quiz_id1_1_0_, answer0_.answer as answer2_1_0_ from quiz_answer answer0_ where answer0_.quiz_id=?
?[1;31m
Start test 136?[0m
Hibernate: select user0_.id as id1_4_, user0_.email as email2_4_, user0_.password as password3_4_ from user user0_ where user0_.email=?
Hibernate: insert into quiz (id, made_by, text, title) values (null, ?, ?, ?)
Hibernate: insert into quiz_answer (quiz_id, answer) values (?, ?)
Hibernate: insert into quiz_answer (quiz_id, answer) values (?, ?)
Hibernate: insert into quiz_answer (quiz_id, answer) values (?, ?)
Hibernate: insert into quiz_options (quiz_id, options) values (?, ?)
Hibernate: insert into quiz_options (quiz_id, options) values (?, ?)
Hibernate: insert into quiz_options (quiz_id, options) values (?, ?)
Hibernate: insert into quiz_options (quiz_id, options) values (?, ?)
?[1;31m
Start test 137?[0m
Hibernate: select user0_.id as id1_4_, user0_.email as email2_4_, user0_.password as password3_4_ from user user0_ where user0_.email=?
Hibernate: select quiz0_.id as id1_0_0_, quiz0_.made_by as made_by2_0_0_, quiz0_.text as text3_0_0_, quiz0_.title as title4_0_0_ from quiz quiz0_ where quiz0_.id=?
Hibernate: select options0_.quiz_id as quiz_id1_2_0_, options0_.options as options2_2_0_ from quiz_options options0_ where options0_.quiz_id=?
?[1;31m
Start test 138?[0m
Hibernate: select user0_.id as id1_4_, user0_.email as email2_4_, user0_.password as password3_4_ from user user0_ where user0_.email=?
Hibernate: select quiz0_.id as id1_0_0_, quiz0_.made_by as made_by2_0_0_, quiz0_.text as text3_0_0_, quiz0_.title as title4_0_0_ from quiz quiz0_ where quiz0_.id=?
?[1;31m
Start test 139?[0m
Hibernate: select user0_.id as id1_4_, user0_.email as email2_4_, user0_.password as password3_4_ from user user0_ where user0_.email=?
Hibernate: select quiz0_.id as id1_0_0_, quiz0_.made_by as made_by2_0_0_, quiz0_.text as text3_0_0_, quiz0_.title as title4_0_0_ from quiz quiz0_ where quiz0_.id=?
Hibernate: select answer0_.quiz_id as quiz_id1_1_0_, answer0_.answer as answer2_1_0_ from quiz_answer answer0_ where answer0_.quiz_id=?
?[1;31m
Start test 140?[0m
Hibernate: select user0_.id as id1_4_, user0_.email as email2_4_, user0_.password as password3_4_ from user user0_ where user0_.email=?
Hibernate: select quiz0_.id as id1_0_0_, quiz0_.made_by as made_by2_0_0_, quiz0_.text as text3_0_0_, quiz0_.title as title4_0_0_ from quiz quiz0_ where quiz0_.id=?
Hibernate: select answer0_.quiz_id as quiz_id1_1_0_, answer0_.answer as answer2_1_0_ from quiz_answer answer0_ where answer0_.quiz_id=?
?[1;31m
Start test 141?[0m
Hibernate: select user0_.id as id1_4_, user0_.email as email2_4_, user0_.password as password3_4_ from user user0_ where user0_.email=?
Hibernate: select quiz0_.id as id1_0_0_, quiz0_.made_by as made_by2_0_0_, quiz0_.text as text3_0_0_, quiz0_.title as title4_0_0_ from quiz quiz0_ where quiz0_.id=?
Hibernate: select answer0_.quiz_id as quiz_id1_1_0_, answer0_.answer as answer2_1_0_ from quiz_answer answer0_ where answer0_.quiz_id=?
?[1;31m
Start test 142?[0m
Hibernate: select user0_.id as id1_4_, user0_.email as email2_4_, user0_.password as password3_4_ from user user0_ where user0_.email=?
Hibernate: select quiz0_.id as id1_0_0_, quiz0_.made_by as made_by2_0_0_, quiz0_.text as text3_0_0_, quiz0_.title as title4_0_0_ from quiz quiz0_ where quiz0_.id=?
Hibernate: select answer0_.quiz_id as quiz_id1_1_0_, answer0_.answer as answer2_1_0_ from quiz_answer answer0_ where answer0_.quiz_id=?
?[1;31m
Start test 143?[0m
Hibernate: select user0_.id as id1_4_, user0_.email as email2_4_, user0_.password as password3_4_ from user user0_ where user0_.email=?
Hibernate: select quiz0_.id as id1_0_0_, quiz0_.made_by as made_by2_0_0_, quiz0_.text as text3_0_0_, quiz0_.title as title4_0_0_ from quiz quiz0_ where quiz0_.id=?
Hibernate: select answer0_.quiz_id as quiz_id1_1_0_, answer0_.answer as answer2_1_0_ from quiz_answer answer0_ where answer0_.quiz_id=?
?[1;31m
Start test 144?[0m
Hibernate: select user0_.id as id1_4_, user0_.email as email2_4_, user0_.password as password3_4_ from user user0_ where user0_.email=?
Hibernate: select quiz0_.id as id1_0_0_, quiz0_.made_by as made_by2_0_0_, quiz0_.text as text3_0_0_, quiz0_.title as title4_0_0_ from quiz quiz0_ where quiz0_.id=?
Hibernate: select answer0_.quiz_id as quiz_id1_1_0_, answer0_.answer as answer2_1_0_ from quiz_answer answer0_ where answer0_.quiz_id=?
?[1;31m
Start test 145?[0m
Hibernate: select user0_.id as id1_4_, user0_.email as email2_4_, user0_.password as password3_4_ from user user0_ where user0_.email=?
Hibernate: select quiz0_.id as id1_0_0_, quiz0_.made_by as made_by2_0_0_, quiz0_.text as text3_0_0_, quiz0_.title as title4_0_0_ from quiz quiz0_ where quiz0_.id=?
Hibernate: select answer0_.quiz_id as quiz_id1_1_0_, answer0_.answer as answer2_1_0_ from quiz_answer answer0_ where answer0_.quiz_id=?
?[1;31m
Start test 146?[0m
Hibernate: select user0_.id as id1_4_, user0_.email as email2_4_, user0_.password as password3_4_ from user user0_ where user0_.email=?
Hibernate: select quiz0_.id as id1_0_0_, quiz0_.made_by as made_by2_0_0_, quiz0_.text as text3_0_0_, quiz0_.title as title4_0_0_ from quiz quiz0_ where quiz0_.id=?
Hibernate: select answer0_.quiz_id as quiz_id1_1_0_, answer0_.answer as answer2_1_0_ from quiz_answer answer0_ where answer0_.quiz_id=?
?[1;31m
Start test 147?[0m
[...]
2020-08-06 12:35:43.388  INFO 8000 --- [    Test worker] o.s.b.w.embedded.tomcat.TomcatWebServer  : Tomcat initialized with port(s): 8889 (http)
2020-08-06 12:35:43.389  INFO 8000 --- [    Test worker] o.apache.catalina.core.StandardService   : Starting service [Tomcat]
2020-08-06 12:35:43.390  INFO 8000 --- [    Test worker] org.apache.catalina.core.StandardEngine  : Starting Servlet engine: [Apache Tomcat/9.0.29]
2020-08-06 12:35:43.435  INFO 8000 --- [    Test worker] o.a.c.c.C.[Tomcat].[localhost].[/]       : Initializing Spring embedded WebApplicationContext
2020-08-06 12:35:43.435  INFO 8000 --- [    Test worker] o.s.web.context.ContextLoader            : Root WebApplicationContext: initialization completed in 814 ms
2020-08-06 12:35:43.492  INFO 8000 --- [    Test worker] com.zaxxer.hikari.HikariDataSource       : HikariPool-4 - Starting...
2020-08-06 12:35:43.505  INFO 8000 --- [    Test worker] com.zaxxer.hikari.HikariDataSource       : HikariPool-4 - Start completed.
2020-08-06 12:35:43.506  INFO 8000 --- [    Test worker] o.s.b.a.h2.H2ConsoleAutoConfiguration    : H2 console available at '/h2-console'. Database available at 'jdbc:h2:file:../quizdb'
2020-08-06 12:35:43.647  INFO 8000 --- [    Test worker] o.hibernate.jpa.internal.util.LogHelper  : HHH000204: Processing PersistenceUnitInfo [name: default]
2020-08-06 12:35:43.659  INFO 8000 --- [    Test worker] org.hibernate.dialect.Dialect            : HHH000400: Using dialect: org.hibernate.dialect.H2Dialect
Hibernate: alter table user_solutions drop constraint if exists UK_i0bgqxnwodomawgk4dffq6xhs
Hibernate: alter table user_solutions add constraint UK_i0bgqxnwodomawgk4dffq6xhs unique (solutions_data_base_id)
2020-08-06 12:35:43.799  INFO 8000 --- [    Test worker] o.h.e.t.j.p.i.JtaPlatformInitiator       : HHH000490: Using JtaPlatform implementation: [org.hibernate.engine.transaction.jta.platform.internal.NoJtaPlatform]
2020-08-06 12:35:43.800  INFO 8000 --- [    Test worker] j.LocalContainerEntityManagerFactoryBean : Initialized JPA EntityManagerFactory for persistence unit 'default'
2020-08-06 12:35:43.881  WARN 8000 --- [    Test worker] JpaBaseConfiguration$JpaWebConfiguration : spring.jpa.open-in-view is enabled by default. Therefore, database queries may be performed during view rendering. Explicitly configure spring.jpa.open-in-view to disable this warning
2020-08-06 12:35:43.946  INFO 8000 --- [    Test worker] o.s.s.web.DefaultSecurityFilterChain     : Creating filter chain: any request, [org.springframework.security.web.context.request.async.WebAsyncManagerIntegrationFilter@d20872a, org.springframework.security.web.context.SecurityContextPersistenceFilter@5825d66c, org.springframework.security.web.header.HeaderWriterFilter@45506007, org.springframework.security.web.authentication.logout.LogoutFilter@1b87ca4e, org.springframework.security.web.authentication.www.BasicAuthenticationFilter@68e2f2fe, org.springframework.security.web.savedrequest.RequestCacheAwareFilter@465b8fc6, org.springframework.security.web.servletapi.SecurityContextHolderAwareRequestFilter@4d9f52, org.springframework.security.web.authentication.AnonymousAuthenticationFilter@251d7e0b, org.springframework.security.web.session.SessionManagementFilter@33dcf5c, org.springframework.security.web.access.ExceptionTranslationFilter@3c74428c, org.springframework.security.web.access.intercept.FilterSecurityInterceptor@2b361fe9]
2020-08-06 12:35:44.007  INFO 8000 --- [    Test worker] o.s.s.concurrent.ThreadPoolTaskExecutor  : Initializing ExecutorService 'applicationTaskExecutor'
2020-08-06 12:35:44.054  WARN 8000 --- [    Test worker] ion$DefaultTemplateResolverConfiguration : Cannot find template location: classpath:/templates/ (please add some templates or check your Thymeleaf configuration)
2020-08-06 12:35:44.117  INFO 8000 --- [    Test worker] o.s.b.a.e.web.EndpointLinksResolver      : Exposing 14 endpoint(s) beneath base path '/actuator'
2020-08-06 12:35:44.148  INFO 8000 --- [    Test worker] o.s.b.w.embedded.tomcat.TomcatWebServer  : Tomcat started on port(s): 8889 (http) with context path ''
2020-08-06 12:35:44.148  INFO 8000 --- [    Test worker] engine.WebQuizEngine                     : Started WebQuizEngine in 1.579 seconds (JVM running for 39.928)
?[1;31m
Start test 216?[0m
2020-08-06 12:35:44.148  INFO 8000 --- [nio-8889-exec-1] o.a.c.c.C.[Tomcat].[localhost].[/]       : Initializing Spring DispatcherServlet 'dispatcherServlet'
2020-08-06 12:35:44.148  INFO 8000 --- [nio-8889-exec-1] o.s.web.servlet.DispatcherServlet        : Initializing Servlet 'dispatcherServlet'
2020-08-06 12:35:44.148  INFO 8000 --- [nio-8889-exec-1] o.s.web.servlet.DispatcherServlet        : Completed initialization in 0 ms
Hibernate: select user0_.id as id1_4_, user0_.email as email2_4_, user0_.password as password3_4_ from user user0_ where user0_.email=?
Hibernate: select quiz0_.id as id1_0_, quiz0_.made_by as made_by2_0_, quiz0_.text as text3_0_, quiz0_.title as title4_0_ from quiz quiz0_ limit ?
Hibernate: select options0_.quiz_id as quiz_id1_2_0_, options0_.options as options2_2_0_ from quiz_options options0_ where options0_.quiz_id=?
Hibernate: select options0_.quiz_id as quiz_id1_2_0_, options0_.options as options2_2_0_ from quiz_options options0_ where options0_.quiz_id=?
Hibernate: select options0_.quiz_id as quiz_id1_2_0_, options0_.options as options2_2_0_ from quiz_options options0_ where options0_.quiz_id=?
Hibernate: select options0_.quiz_id as quiz_id1_2_0_, options0_.options as options2_2_0_ from quiz_options options0_ where options0_.quiz_id=?
Hibernate: select options0_.quiz_id as quiz_id1_2_0_, options0_.options as options2_2_0_ from quiz_options options0_ where options0_.quiz_id=?
?[1;31m
Start test 217?[0m
Hibernate: select user0_.id as id1_4_, user0_.email as email2_4_, user0_.password as password3_4_ from user user0_ where user0_.email=?
Hibernate: select quiz0_.id as id1_0_0_, quiz0_.made_by as made_by2_0_0_, quiz0_.text as text3_0_0_, quiz0_.title as title4_0_0_ from quiz quiz0_ where quiz0_.id=?
?[1;31m
Start test 218?[0m
Hibernate: select user0_.id as id1_4_, user0_.email as email2_4_, user0_.password as password3_4_ from user user0_ where user0_.email=?
Hibernate: select quiz0_.id as id1_0_0_, quiz0_.made_by as made_by2_0_0_, quiz0_.text as text3_0_0_, quiz0_.title as title4_0_0_ from quiz quiz0_ where quiz0_.id=?
?[1;31m
Start test 219?[0m
Hibernate: select user0_.id as id1_4_, user0_.email as email2_4_, user0_.password as password3_4_ from user user0_ where user0_.email=?
Hibernate: select quiz0_.id as id1_0_0_, quiz0_.made_by as made_by2_0_0_, quiz0_.text as text3_0_0_, quiz0_.title as title4_0_0_ from quiz quiz0_ where quiz0_.id=?
?[1;31m
Start test 220?[0m
Hibernate: select user0_.id as id1_4_, user0_.email as email2_4_, user0_.password as password3_4_ from user user0_ where user0_.email=?
Hibernate: select quiz0_.id as id1_0_0_, quiz0_.made_by as made_by2_0_0_, quiz0_.text as text3_0_0_, quiz0_.title as title4_0_0_ from quiz quiz0_ where quiz0_.id=?
?[1;31m
Start test 221?[0m
Hibernate: select user0_.id as id1_4_, user0_.email as email2_4_, user0_.password as password3_4_ from user user0_ where user0_.email=?
Hibernate: insert into quiz (id, made_by, text, title) values (null, ?, ?, ?)
Hibernate: insert into quiz_answer (quiz_id, answer) values (?, ?)
Hibernate: insert into quiz_answer (quiz_id, answer) values (?, ?)
Hibernate: insert into quiz_answer (quiz_id, answer) values (?, ?)
Hibernate: insert into quiz_options (quiz_id, options) values (?, ?)
Hibernate: insert into quiz_options (quiz_id, options) values (?, ?)
Hibernate: insert into quiz_options (quiz_id, options) values (?, ?)
Hibernate: insert into quiz_options (quiz_id, options) values (?, ?)
?[1;31m
Start test 222?[0m
Hibernate: select user0_.id as id1_4_, user0_.email as email2_4_, user0_.password as password3_4_ from user user0_ where user0_.email=?
Hibernate: insert into quiz (id, made_by, text, title) values (null, ?, ?, ?)
Hibernate: insert into quiz_answer (quiz_id, answer) values (?, ?)
Hibernate: insert into quiz_answer (quiz_id, answer) values (?, ?)
Hibernate: insert into quiz_answer (quiz_id, answer) values (?, ?)
Hibernate: insert into quiz_options (quiz_id, options) values (?, ?)
Hibernate: insert into quiz_options (quiz_id, options) values (?, ?)
Hibernate: insert into quiz_options (quiz_id, options) values (?, ?)
Hibernate: insert into quiz_options (quiz_id, options) values (?, ?)
?[1;31m
Start test 223?[0m
Hibernate: select user0_.id as id1_4_, user0_.email as email2_4_, user0_.password as password3_4_ from user user0_ where user0_.email=?
Hibernate: insert into quiz (id, made_by, text, title) values (null, ?, ?, ?)
Hibernate: insert into quiz_answer (quiz_id, answer) values (?, ?)
Hibernate: insert into quiz_answer (quiz_id, answer) values (?, ?)
Hibernate: insert into quiz_answer (quiz_id, answer) values (?, ?)
Hibernate: insert into quiz_options (quiz_id, options) values (?, ?)
Hibernate: insert into quiz_options (quiz_id, options) values (?, ?)
Hibernate: insert into quiz_options (quiz_id, options) values (?, ?)
Hibernate: insert into quiz_options (quiz_id, options) values (?, ?)
?[1;31m
Start test 224?[0m
Hibernate: select user0_.id as id1_4_, user0_.email as email2_4_, user0_.password as password3_4_ from user user0_ where user0_.email=?
Hibernate: insert into quiz (id, made_by, text, title) values (null, ?, ?, ?)
Hibernate: insert into quiz_answer (quiz_id, answer) values (?, ?)
Hibernate: insert into quiz_answer (quiz_id, answer) values (?, ?)
Hibernate: insert into quiz_answer (quiz_id, answer) values (?, ?)
Hibernate: insert into quiz_options (quiz_id, options) values (?, ?)
Hibernate: insert into quiz_options (quiz_id, options) values (?, ?)
Hibernate: insert into quiz_options (quiz_id, options) values (?, ?)
Hibernate: insert into quiz_options (quiz_id, options) values (?, ?)
?[1;31m
Start test 225?[0m
Hibernate: select user0_.id as id1_4_, user0_.email as email2_4_, user0_.password as password3_4_ from user user0_ where user0_.email=?
Hibernate: insert into quiz (id, made_by, text, title) values (null, ?, ?, ?)
Hibernate: insert into quiz_answer (quiz_id, answer) values (?, ?)
Hibernate: insert into quiz_answer (quiz_id, answer) values (?, ?)
Hibernate: insert into quiz_answer (quiz_id, answer) values (?, ?)
Hibernate: insert into quiz_options (quiz_id, options) values (?, ?)
Hibernate: insert into quiz_options (quiz_id, options) values (?, ?)
Hibernate: insert into quiz_options (quiz_id, options) values (?, ?)
Hibernate: insert into quiz_options (quiz_id, options) values (?, ?)
?[1;31m
Start test 226?[0m
Hibernate: select user0_.id as id1_4_, user0_.email as email2_4_, user0_.password as password3_4_ from user user0_ where user0_.email=?
Hibernate: insert into quiz (id, made_by, text, title) values (null, ?, ?, ?)
Hibernate: insert into quiz_answer (quiz_id, answer) values (?, ?)
Hibernate: insert into quiz_answer (quiz_id, answer) values (?, ?)
Hibernate: insert into quiz_answer (quiz_id, answer) values (?, ?)
Hibernate: insert into quiz_options (quiz_id, options) values (?, ?)
Hibernate: insert into quiz_options (quiz_id, options) values (?, ?)
Hibernate: insert into quiz_options (quiz_id, options) values (?, ?)
Hibernate: insert into quiz_options (quiz_id, options) values (?, ?)
?[1;31m
Start test 227?[0m
Hibernate: select user0_.id as id1_4_, user0_.email as email2_4_, user0_.password as password3_4_ from user user0_ where user0_.email=?
Hibernate: insert into quiz (id, made_by, text, title) values (null, ?, ?, ?)
Hibernate: insert into quiz_answer (quiz_id, answer) values (?, ?)
Hibernate: insert into quiz_answer (quiz_id, answer) values (?, ?)
Hibernate: insert into quiz_answer (quiz_id, answer) values (?, ?)
Hibernate: insert into quiz_options (quiz_id, options) values (?, ?)
Hibernate: insert into quiz_options (quiz_id, options) values (?, ?)
Hibernate: insert into quiz_options (quiz_id, options) values (?, ?)
Hibernate: insert into quiz_options (quiz_id, options) values (?, ?)
?[1;31m
Start test 228?[0m
Hibernate: select user0_.id as id1_4_, user0_.email as email2_4_, user0_.password as password3_4_ from user user0_ where user0_.email=?
Hibernate: insert into quiz (id, made_by, text, title) values (null, ?, ?, ?)
Hibernate: insert into quiz_answer (quiz_id, answer) values (?, ?)
Hibernate: insert into quiz_answer (quiz_id, answer) values (?, ?)
Hibernate: insert into quiz_answer (quiz_id, answer) values (?, ?)
Hibernate: insert into quiz_options (quiz_id, options) values (?, ?)
Hibernate: insert into quiz_options (quiz_id, options) values (?, ?)
Hibernate: insert into quiz_options (quiz_id, options) values (?, ?)
Hibernate: insert into quiz_options (quiz_id, options) values (?, ?)
?[1;31m
Start test 229?[0m
Hibernate: select user0_.id as id1_4_, user0_.email as email2_4_, user0_.password as password3_4_ from user user0_ where user0_.email=?
Hibernate: insert into quiz (id, made_by, text, title) values (null, ?, ?, ?)
Hibernate: insert into quiz_answer (quiz_id, answer) values (?, ?)
Hibernate: insert into quiz_answer (quiz_id, answer) values (?, ?)
Hibernate: insert into quiz_answer (quiz_id, answer) values (?, ?)
Hibernate: insert into quiz_options (quiz_id, options) values (?, ?)
Hibernate: insert into quiz_options (quiz_id, options) values (?, ?)
Hibernate: insert into quiz_options (quiz_id, options) values (?, ?)
Hibernate: insert into quiz_options (quiz_id, options) values (?, ?)
?[1;31m
Start test 230?[0m
Hibernate: select user0_.id as id1_4_, user0_.email as email2_4_, user0_.password as password3_4_ from user user0_ where user0_.email=?
Hibernate: insert into quiz (id, made_by, text, title) values (null, ?, ?, ?)
Hibernate: insert into quiz_answer (quiz_id, answer) values (?, ?)
Hibernate: insert into quiz_answer (quiz_id, answer) values (?, ?)
Hibernate: insert into quiz_answer (quiz_id, answer) values (?, ?)
Hibernate: insert into quiz_options (quiz_id, options) values (?, ?)
Hibernate: insert into quiz_options (quiz_id, options) values (?, ?)
Hibernate: insert into quiz_options (quiz_id, options) values (?, ?)
Hibernate: insert into quiz_options (quiz_id, options) values (?, ?)
?[1;31m
Start test 231?[0m
Hibernate: select user0_.id as id1_4_, user0_.email as email2_4_, user0_.password as password3_4_ from user user0_ where user0_.email=?
Hibernate: select quiz0_.id as id1_0_, quiz0_.made_by as made_by2_0_, quiz0_.text as text3_0_, quiz0_.title as title4_0_ from quiz quiz0_ limit ?
Hibernate: select count(quiz0_.id) as col_0_0_ from quiz quiz0_
Hibernate: select options0_.quiz_id as quiz_id1_2_0_, options0_.options as options2_2_0_ from quiz_options options0_ where options0_.quiz_id=?
Hibernate: select options0_.quiz_id as quiz_id1_2_0_, options0_.options as options2_2_0_ from quiz_options options0_ where options0_.quiz_id=?
Hibernate: select options0_.quiz_id as quiz_id1_2_0_, options0_.options as options2_2_0_ from quiz_options options0_ where options0_.quiz_id=?
Hibernate: select options0_.quiz_id as quiz_id1_2_0_, options0_.options as options2_2_0_ from quiz_options options0_ where options0_.quiz_id=?
Hibernate: select options0_.quiz_id as quiz_id1_2_0_, options0_.options as options2_2_0_ from quiz_options options0_ where options0_.quiz_id=?
Hibernate: select options0_.quiz_id as quiz_id1_2_0_, options0_.options as options2_2_0_ from quiz_options options0_ where options0_.quiz_id=?
Hibernate: select options0_.quiz_id as quiz_id1_2_0_, options0_.options as options2_2_0_ from quiz_options options0_ where options0_.quiz_id=?
Hibernate: select options0_.quiz_id as quiz_id1_2_0_, options0_.options as options2_2_0_ from quiz_options options0_ where options0_.quiz_id=?
Hibernate: select options0_.quiz_id as quiz_id1_2_0_, options0_.options as options2_2_0_ from quiz_options options0_ where options0_.quiz_id=?
Hibernate: select options0_.quiz_id as quiz_id1_2_0_, options0_.options as options2_2_0_ from quiz_options options0_ where options0_.quiz_id=?
?[1;31m
Start test 232?[0m
Hibernate: select user0_.id as id1_4_, user0_.email as email2_4_, user0_.password as password3_4_ from user user0_ where user0_.email=?
Hibernate: select quiz0_.id as id1_0_, quiz0_.made_by as made_by2_0_, quiz0_.text as text3_0_, quiz0_.title as title4_0_ from quiz quiz0_ limit ?
Hibernate: select count(quiz0_.id) as col_0_0_ from quiz quiz0_
Hibernate: select options0_.quiz_id as quiz_id1_2_0_, options0_.options as options2_2_0_ from quiz_options options0_ where options0_.quiz_id=?
Hibernate: select options0_.quiz_id as quiz_id1_2_0_, options0_.options as options2_2_0_ from quiz_options options0_ where options0_.quiz_id=?
Hibernate: select options0_.quiz_id as quiz_id1_2_0_, options0_.options as options2_2_0_ from quiz_options options0_ where options0_.quiz_id=?
Hibernate: select options0_.quiz_id as quiz_id1_2_0_, options0_.options as options2_2_0_ from quiz_options options0_ where options0_.quiz_id=?
Hibernate: select options0_.quiz_id as quiz_id1_2_0_, options0_.options as options2_2_0_ from quiz_options options0_ where options0_.quiz_id=?
Hibernate: select options0_.quiz_id as quiz_id1_2_0_, options0_.options as options2_2_0_ from quiz_options options0_ where options0_.quiz_id=?
Hibernate: select options0_.quiz_id as quiz_id1_2_0_, options0_.options as options2_2_0_ from quiz_options options0_ where options0_.quiz_id=?
Hibernate: select options0_.quiz_id as quiz_id1_2_0_, options0_.options as options2_2_0_ from quiz_options options0_ where options0_.quiz_id=?
Hibernate: select options0_.quiz_id as quiz_id1_2_0_, options0_.options as options2_2_0_ from quiz_options options0_ where options0_.quiz_id=?
Hibernate: select options0_.quiz_id as quiz_id1_2_0_, options0_.options as options2_2_0_ from quiz_options options0_ where options0_.quiz_id=?
?[1;31m
Start test 233?[0m
Hibernate: select user0_.id as id1_4_, user0_.email as email2_4_, user0_.password as password3_4_ from user user0_ where user0_.email=?
Hibernate: select quiz0_.id as id1_0_, quiz0_.made_by as made_by2_0_, quiz0_.text as text3_0_, quiz0_.title as title4_0_ from quiz quiz0_ limit ? offset ?
Hibernate: select options0_.quiz_id as quiz_id1_2_0_, options0_.options as options2_2_0_ from quiz_options options0_ where options0_.quiz_id=?
Hibernate: select options0_.quiz_id as quiz_id1_2_0_, options0_.options as options2_2_0_ from quiz_options options0_ where options0_.quiz_id=?
Hibernate: select options0_.quiz_id as quiz_id1_2_0_, options0_.options as options2_2_0_ from quiz_options options0_ where options0_.quiz_id=?
Hibernate: select options0_.quiz_id as quiz_id1_2_0_, options0_.options as options2_2_0_ from quiz_options options0_ where options0_.quiz_id=?
Hibernate: select options0_.quiz_id as quiz_id1_2_0_, options0_.options as options2_2_0_ from quiz_options options0_ where options0_.quiz_id=?
?[1;31m
Start test 234?[0m
Hibernate: select user0_.id as id1_4_, user0_.email as email2_4_, user0_.password as password3_4_ from user user0_ where user0_.email=?
Hibernate: select quiz0_.id as id1_0_, quiz0_.made_by as made_by2_0_, quiz0_.text as text3_0_, quiz0_.title as title4_0_ from quiz quiz0_ limit ? offset ?
Hibernate: select options0_.quiz_id as quiz_id1_2_0_, options0_.options as options2_2_0_ from quiz_options options0_ where options0_.quiz_id=?
Hibernate: select options0_.quiz_id as quiz_id1_2_0_, options0_.options as options2_2_0_ from quiz_options options0_ where options0_.quiz_id=?
Hibernate: select options0_.quiz_id as quiz_id1_2_0_, options0_.options as options2_2_0_ from quiz_options options0_ where options0_.quiz_id=?
Hibernate: select options0_.quiz_id as quiz_id1_2_0_, options0_.options as options2_2_0_ from quiz_options options0_ where options0_.quiz_id=?
Hibernate: select options0_.quiz_id as quiz_id1_2_0_, options0_.options as options2_2_0_ from quiz_options options0_ where options0_.quiz_id=?
]]></system-out>
  <system-err><![CDATA[]]></system-err>
</testsuite>
