<?xml version="1.0" encoding="UTF-8"?>
<testsuite name="tests.WebQuizEngineTest" tests="1" skipped="0" failures="0" errors="0" timestamp="2020-08-06T08:54:32" hostname="LAPTOP-T7A8H3CR" time="40.677">
  <properties/>
  <testcase name="start" classname="tests.WebQuizEngineTest" time="40.677"/>
  <system-out><![CDATA[?[1;31m
Start test 1?[0m

  .   ____          _            __ _ _
 /\\ / ___'_ __ _ _(_)_ __  __ _ \ \ \ \
( ( )\___ | '_ | '_| | '_ \/ _` | \ \ \ \
 \\/  ___)| |_)| | | | | || (_| |  ) ) ) )
  '  |____| .__|_| |_|_| |_\__, | / / / /
 =========|_|==============|___/=/_/_/_/
 :: Spring Boot ::        (v2.2.2.RELEASE)

2020-08-06 14:54:34.304  INFO 13744 --- [    Test worker] engine.WebQuizEngine                     : Starting WebQuizEngine on LAPTOP-T7A8H3CR with PID 13744 (started by Acer in C:\Users\Acer\IdeaProjects\Web Quiz Engine\Web Quiz Engine\task)
2020-08-06 14:54:34.319  INFO 13744 --- [    Test worker] engine.WebQuizEngine                     : No active profile set, falling back to default profiles: default
2020-08-06 14:54:36.386  INFO 13744 --- [    Test worker] .s.d.r.c.RepositoryConfigurationDelegate : Bootstrapping Spring Data JPA repositories in DEFAULT mode.
2020-08-06 14:54:36.511  INFO 13744 --- [    Test worker] .s.d.r.c.RepositoryConfigurationDelegate : Finished Spring Data repository scanning in 116ms. Found 3 JPA repository interfaces.
2020-08-06 14:54:37.276  INFO 13744 --- [    Test worker] trationDelegate$BeanPostProcessorChecker : Bean 'org.springframework.transaction.annotation.ProxyTransactionManagementConfiguration' of type [org.springframework.transaction.annotation.ProxyTransactionManagementConfiguration] is not eligible for getting processed by all BeanPostProcessors (for example: not eligible for auto-proxying)
2020-08-06 14:54:37.749  INFO 13744 --- [    Test worker] o.s.b.w.embedded.tomcat.TomcatWebServer  : Tomcat initialized with port(s): 8889 (http)
2020-08-06 14:54:37.780  INFO 13744 --- [    Test worker] o.apache.catalina.core.StandardService   : Starting service [Tomcat]
2020-08-06 14:54:37.780  INFO 13744 --- [    Test worker] org.apache.catalina.core.StandardEngine  : Starting Servlet engine: [Apache Tomcat/9.0.29]
2020-08-06 14:54:38.030  INFO 13744 --- [    Test worker] o.a.c.c.C.[Tomcat].[localhost].[/]       : Initializing Spring embedded WebApplicationContext
2020-08-06 14:54:38.030  INFO 13744 --- [    Test worker] o.s.web.context.ContextLoader            : Root WebApplicationContext: initialization completed in 3555 ms
2020-08-06 14:54:38.280  INFO 13744 --- [    Test worker] com.zaxxer.hikari.HikariDataSource       : HikariPool-1 - Starting...
2020-08-06 14:54:38.661  INFO 13744 --- [    Test worker] com.zaxxer.hikari.HikariDataSource       : HikariPool-1 - Start completed.
2020-08-06 14:54:38.677  INFO 13744 --- [    Test worker] o.s.b.a.h2.H2ConsoleAutoConfiguration    : H2 console available at '/h2-console'. Database available at 'jdbc:h2:file:../quizdb'
2020-08-06 14:54:39.192  INFO 13744 --- [    Test worker] o.hibernate.jpa.internal.util.LogHelper  : HHH000204: Processing PersistenceUnitInfo [name: default]
2020-08-06 14:54:39.411  INFO 13744 --- [    Test worker] org.hibernate.Version                    : HHH000412: Hibernate Core {5.4.9.Final}
2020-08-06 14:54:39.817  INFO 13744 --- [    Test worker] o.hibernate.annotations.common.Version   : HCANN000001: Hibernate Commons Annotations {5.1.0.Final}
2020-08-06 14:54:40.083  INFO 13744 --- [    Test worker] org.hibernate.dialect.Dialect            : HHH000400: Using dialect: org.hibernate.dialect.H2Dialect
Hibernate: create table quiz (id integer generated by default as identity, made_by varchar(255), text varchar(255), title varchar(255), primary key (id))
Hibernate: create table quiz_answer (quiz_id integer not null, answer integer)
Hibernate: create table quiz_options (quiz_id integer not null, options varchar(255))
Hibernate: create table solution (data_base_id integer generated by default as identity, completed_at timestamp, completed_by varchar(255), id integer not null, primary key (data_base_id))
Hibernate: create table user (id integer generated by default as identity, email varchar(255), password varchar(255), primary key (id))
Hibernate: alter table user drop constraint if exists UK_ob8kqyqqgmefl0aco34akdtpe
Hibernate: alter table user add constraint UK_ob8kqyqqgmefl0aco34akdtpe unique (email)
Hibernate: alter table quiz_answer add constraint FKoxi2td1x8cc3y4a0vlsg2hfnc foreign key (quiz_id) references quiz
Hibernate: alter table quiz_options add constraint FKsx28j7orq6asg17veq9nblhw8 foreign key (quiz_id) references quiz
2020-08-06 14:54:41.643  INFO 13744 --- [    Test worker] o.h.e.t.j.p.i.JtaPlatformInitiator       : HHH000490: Using JtaPlatform implementation: [org.hibernate.engine.transaction.jta.platform.internal.NoJtaPlatform]
2020-08-06 14:54:41.659  INFO 13744 --- [    Test worker] j.LocalContainerEntityManagerFactoryBean : Initialized JPA EntityManagerFactory for persistence unit 'default'
2020-08-06 14:54:42.315  WARN 13744 --- [    Test worker] JpaBaseConfiguration$JpaWebConfiguration : spring.jpa.open-in-view is enabled by default. Therefore, database queries may be performed during view rendering. Explicitly configure spring.jpa.open-in-view to disable this warning
2020-08-06 14:54:42.752  INFO 13744 --- [    Test worker] o.s.s.web.DefaultSecurityFilterChain     : Creating filter chain: any request, [org.springframework.security.web.context.request.async.WebAsyncManagerIntegrationFilter@7523cd19, org.springframework.security.web.context.SecurityContextPersistenceFilter@1a77f37b, org.springframework.security.web.header.HeaderWriterFilter@780dde6d, org.springframework.security.web.authentication.logout.LogoutFilter@64dac00c, org.springframework.security.web.authentication.www.BasicAuthenticationFilter@37f3de1b, org.springframework.security.web.savedrequest.RequestCacheAwareFilter@5537bef9, org.springframework.security.web.servletapi.SecurityContextHolderAwareRequestFilter@277dee31, org.springframework.security.web.authentication.AnonymousAuthenticationFilter@9496513, org.springframework.security.web.session.SessionManagementFilter@d4c3dfe, org.springframework.security.web.access.ExceptionTranslationFilter@141065b0, org.springframework.security.web.access.intercept.FilterSecurityInterceptor@7a1ab3ea]
2020-08-06 14:54:43.002  INFO 13744 --- [    Test worker] o.s.s.concurrent.ThreadPoolTaskExecutor  : Initializing ExecutorService 'applicationTaskExecutor'
2020-08-06 14:54:43.252  WARN 13744 --- [    Test worker] ion$DefaultTemplateResolverConfiguration : Cannot find template location: classpath:/templates/ (please add some templates or check your Thymeleaf configuration)
2020-08-06 14:54:43.486  INFO 13744 --- [    Test worker] o.s.b.a.e.web.EndpointLinksResolver      : Exposing 14 endpoint(s) beneath base path '/actuator'
2020-08-06 14:54:43.580  INFO 13744 --- [    Test worker] o.s.b.w.embedded.tomcat.TomcatWebServer  : Tomcat started on port(s): 8889 (http) with context path ''
2020-08-06 14:54:43.580  INFO 13744 --- [    Test worker] engine.WebQuizEngine                     : Started WebQuizEngine in 10.265 seconds (JVM running for 11.941)
2020-08-06 14:54:44.283  INFO 13744 --- [nio-8889-exec-1] o.a.c.c.C.[Tomcat].[localhost].[/]       : Initializing Spring DispatcherServlet 'dispatcherServlet'
2020-08-06 14:54:44.283  INFO 13744 --- [nio-8889-exec-1] o.s.web.servlet.DispatcherServlet        : Initializing Servlet 'dispatcherServlet'
2020-08-06 14:54:44.299  INFO 13744 --- [nio-8889-exec-1] o.s.web.servlet.DispatcherServlet        : Completed initialization in 16 ms
Hibernate: select user0_.id as id1_4_, user0_.email as email2_4_, user0_.password as password3_4_ from user user0_ where user0_.email=?
Hibernate: insert into user (id, email, password) values (null, ?, ?)
?[1;31m
Start test 2?[0m
Hibernate: select user0_.id as id1_4_, user0_.email as email2_4_, user0_.password as password3_4_ from user user0_ where user0_.email=?
Hibernate: insert into user (id, email, password) values (null, ?, ?)
?[1;31m
Start test 3?[0m
2020-08-06 14:54:45.190  WARN 13744 --- [nio-8889-exec-3] .w.s.m.s.DefaultHandlerExceptionResolver : Resolved [org.springframework.web.bind.MethodArgumentNotValidException: Validation failed for argument [0] in public void engine.user.UserController.registerUserAccount(engine.user.User): [Field error in object 'user' on field 'email': rejected value [google.com]; codes [Email.user.email,Email.email,Email.java.lang.String,Email]; arguments [org.springframework.context.support.DefaultMessageSourceResolvable: codes [user.email,email]; arguments []; default message [email],[Ljavax.validation.constraints.Pattern$Flag;@6dafc36b,.+@.+\..+]; default message [Please provide a valid email address]] ]
?[1;31m
Start test 4?[0m
2020-08-06 14:54:45.284  WARN 13744 --- [nio-8889-exec-4] .w.s.m.s.DefaultHandlerExceptionResolver : Resolved [org.springframework.web.bind.MethodArgumentNotValidException: Validation failed for argument [0] in public void engine.user.UserController.registerUserAccount(engine.user.User): [Field error in object 'user' on field 'email': rejected value [well@googlecom]; codes [Email.user.email,Email.email,Email.java.lang.String,Email]; arguments [org.springframework.context.support.DefaultMessageSourceResolvable: codes [user.email,email]; arguments []; default message [email],[Ljavax.validation.constraints.Pattern$Flag;@6dafc36b,.+@.+\..+]; default message [Please provide a valid email address]] ]
?[1;31m
Start test 5?[0m
Hibernate: select user0_.id as id1_4_, user0_.email as email2_4_, user0_.password as password3_4_ from user user0_ where user0_.email=?
?[1;31m
Start test 6?[0m
2020-08-06 14:54:45.331  WARN 13744 --- [nio-8889-exec-4] .w.s.m.s.DefaultHandlerExceptionResolver : Resolved [org.springframework.web.bind.MethodArgumentNotValidException: Validation failed for argument [0] in public void engine.user.UserController.registerUserAccount(engine.user.User): [Field error in object 'user' on field 'password': rejected value [1234]; codes [Size.user.password,Size.password,Size.java.lang.String,Size]; arguments [org.springframework.context.support.DefaultMessageSourceResolvable: codes [user.password,password]; arguments []; default message [password],2147483647,5]; default message [Password should have minimal 5 chars]] ]
?[1;31m
Start test 7?[0m
2020-08-06 14:54:45.346  WARN 13744 --- [nio-8889-exec-8] .w.s.m.s.DefaultHandlerExceptionResolver : Resolved [org.springframework.web.bind.MethodArgumentNotValidException: Validation failed for argument [0] in public void engine.user.UserController.registerUserAccount(engine.user.User): [Field error in object 'user' on field 'password': rejected value [123]; codes [Size.user.password,Size.password,Size.java.lang.String,Size]; arguments [org.springframework.context.support.DefaultMessageSourceResolvable: codes [user.password,password]; arguments []; default message [password],2147483647,5]; default message [Password should have minimal 5 chars]] ]
?[1;31m
Start test 8?[0m
Hibernate: select user0_.id as id1_4_, user0_.email as email2_4_, user0_.password as password3_4_ from user user0_ where user0_.email=?
2020-08-06 14:54:45.956  WARN 13744 --- [nio-8889-exec-9] o.a.c.util.SessionIdGeneratorBase        : Creation of SecureRandom instance for session ID generation using [SHA1PRNG] took [375] milliseconds.
Hibernate: select quiz0_.id as id1_0_, quiz0_.made_by as made_by2_0_, quiz0_.text as text3_0_, quiz0_.title as title4_0_ from quiz quiz0_ limit ?
?[1;31m
Start test 9?[0m
Hibernate: select user0_.id as id1_4_, user0_.email as email2_4_, user0_.password as password3_4_ from user user0_ where user0_.email=?
Hibernate: select quiz0_.id as id1_0_, quiz0_.made_by as made_by2_0_, quiz0_.text as text3_0_, quiz0_.title as title4_0_ from quiz quiz0_ limit ?
?[1;31m
Start test 10?[0m
Hibernate: select user0_.id as id1_4_, user0_.email as email2_4_, user0_.password as password3_4_ from user user0_ where user0_.email=?
Hibernate: insert into quiz (id, made_by, text, title) values (null, ?, ?, ?)
Hibernate: insert into quiz_answer (quiz_id, answer) values (?, ?)
Hibernate: insert into quiz_options (quiz_id, options) values (?, ?)
Hibernate: insert into quiz_options (quiz_id, options) values (?, ?)
Hibernate: insert into quiz_options (quiz_id, options) values (?, ?)
Hibernate: insert into quiz_options (quiz_id, options) values (?, ?)
?[1;31m
Start test 11?[0m
Hibernate: select user0_.id as id1_4_, user0_.email as email2_4_, user0_.password as password3_4_ from user user0_ where user0_.email=?
Hibernate: select quiz0_.id as id1_0_0_, quiz0_.made_by as made_by2_0_0_, quiz0_.text as text3_0_0_, quiz0_.title as title4_0_0_ from quiz quiz0_ where quiz0_.id=?
Hibernate: select options0_.quiz_id as quiz_id1_2_0_, options0_.options as options2_2_0_ from quiz_options options0_ where options0_.quiz_id=?
?[1;31m
Start test 12?[0m
Hibernate: select user0_.id as id1_4_, user0_.email as email2_4_, user0_.password as password3_4_ from user user0_ where user0_.email=?
Hibernate: select quiz0_.id as id1_0_0_, quiz0_.made_by as made_by2_0_0_, quiz0_.text as text3_0_0_, quiz0_.title as title4_0_0_ from quiz quiz0_ where quiz0_.id=?
?[1;31m
Start test 13?[0m
Hibernate: select user0_.id as id1_4_, user0_.email as email2_4_, user0_.password as password3_4_ from user user0_ where user0_.email=?
Hibernate: select quiz0_.id as id1_0_, quiz0_.made_by as made_by2_0_, quiz0_.text as text3_0_, quiz0_.title as title4_0_ from quiz quiz0_ limit ?
Hibernate: select options0_.quiz_id as quiz_id1_2_0_, options0_.options as options2_2_0_ from quiz_options options0_ where options0_.quiz_id=?
?[1;31m
Start test 14?[0m
Hibernate: select user0_.id as id1_4_, user0_.email as email2_4_, user0_.password as password3_4_ from user user0_ where user0_.email=?
Hibernate: insert into quiz (id, made_by, text, title) values (null, ?, ?, ?)
Hibernate: insert into quiz_answer (quiz_id, answer) values (?, ?)
Hibernate: insert into quiz_options (quiz_id, options) values (?, ?)
Hibernate: insert into quiz_options (quiz_id, options) values (?, ?)
Hibernate: insert into quiz_options (quiz_id, options) values (?, ?)
Hibernate: insert into quiz_options (quiz_id, options) values (?, ?)
?[1;31m
Start test 15?[0m
Hibernate: select user0_.id as id1_4_, user0_.email as email2_4_, user0_.password as password3_4_ from user user0_ where user0_.email=?
Hibernate: select quiz0_.id as id1_0_0_, quiz0_.made_by as made_by2_0_0_, quiz0_.text as text3_0_0_, quiz0_.title as title4_0_0_ from quiz quiz0_ where quiz0_.id=?
Hibernate: select options0_.quiz_id as quiz_id1_2_0_, options0_.options as options2_2_0_ from quiz_options options0_ where options0_.quiz_id=?
?[1;31m
Start test 16?[0m
Hibernate: select user0_.id as id1_4_, user0_.email as email2_4_, user0_.password as password3_4_ from user user0_ where user0_.email=?
Hibernate: select quiz0_.id as id1_0_0_, quiz0_.made_by as made_by2_0_0_, quiz0_.text as text3_0_0_, quiz0_.title as title4_0_0_ from quiz quiz0_ where quiz0_.id=?
?[1;31m
Start test 17?[0m
Hibernate: select user0_.id as id1_4_, user0_.email as email2_4_, user0_.password as password3_4_ from user user0_ where user0_.email=?
Hibernate: select quiz0_.id as id1_0_, quiz0_.made_by as made_by2_0_, quiz0_.text as text3_0_, quiz0_.title as title4_0_ from quiz quiz0_ limit ?
Hibernate: select options0_.quiz_id as quiz_id1_2_0_, options0_.options as options2_2_0_ from quiz_options options0_ where options0_.quiz_id=?
Hibernate: select options0_.quiz_id as quiz_id1_2_0_, options0_.options as options2_2_0_ from quiz_options options0_ where options0_.quiz_id=?
?[1;31m
Start test 18?[0m
?[1;31m
Start test 19?[0m
?[1;31m
Start test 20?[0m
?[1;31m
Start test 21?[0m
?[1;31m
Start test 22?[0m
?[1;31m
Start test 23?[0m
?[1;31m
Start test 24?[0m
?[1;31m
Start test 25?[0m
?[1;31m
Start test 26?[0m
Hibernate: select user0_.id as id1_4_, user0_.email as email2_4_, user0_.password as password3_4_ from user user0_ where user0_.email=?
?[1;31m
Start test 27?[0m
Hibernate: select user0_.id as id1_4_, user0_.email as email2_4_, user0_.password as password3_4_ from user user0_ where user0_.email=?
?[1;31m
Start test 28?[0m
Hibernate: select user0_.id as id1_4_, user0_.email as email2_4_, user0_.password as password3_4_ from user user0_ where user0_.email=?
?[1;31m
Start test 29?[0m
Hibernate: select user0_.id as id1_4_, user0_.email as email2_4_, user0_.password as password3_4_ from user user0_ where user0_.email=?
?[1;31m
Start test 30?[0m
Hibernate: select user0_.id as id1_4_, user0_.email as email2_4_, user0_.password as password3_4_ from user user0_ where user0_.email=?
?[1;31m
Start test 31?[0m
Hibernate: select user0_.id as id1_4_, user0_.email as email2_4_, user0_.password as password3_4_ from user user0_ where user0_.email=?
?[1;31m
Start test 32?[0m
Hibernate: select user0_.id as id1_4_, user0_.email as email2_4_, user0_.password as password3_4_ from user user0_ where user0_.email=?
?[1;31m
Start test 33?[0m
Hibernate: select user0_.id as id1_4_, user0_.email as email2_4_, user0_.password as password3_4_ from user user0_ where user0_.email=?
?[1;31m
Start test 34?[0m
Hibernate: select user0_.id as id1_4_, user0_.email as email2_4_, user0_.password as password3_4_ from user user0_ where user0_.email=?
Hibernate: select quiz0_.id as id1_0_0_, quiz0_.made_by as made_by2_0_0_, quiz0_.text as text3_0_0_, quiz0_.title as title4_0_0_ from quiz quiz0_ where quiz0_.id=?
Hibernate: select answer0_.quiz_id as quiz_id1_1_0_, answer0_.answer as answer2_1_0_ from quiz_answer answer0_ where answer0_.quiz_id=?
?[1;31m
Start test 35?[0m
Hibernate: select user0_.id as id1_4_, user0_.email as email2_4_, user0_.password as password3_4_ from user user0_ where user0_.email=?
Hibernate: select quiz0_.id as id1_0_0_, quiz0_.made_by as made_by2_0_0_, quiz0_.text as text3_0_0_, quiz0_.title as title4_0_0_ from quiz quiz0_ where quiz0_.id=?
Hibernate: select answer0_.quiz_id as quiz_id1_1_0_, answer0_.answer as answer2_1_0_ from quiz_answer answer0_ where answer0_.quiz_id=?
?[1;31m
Start test 36?[0m
Hibernate: select user0_.id as id1_4_, user0_.email as email2_4_, user0_.password as password3_4_ from user user0_ where user0_.email=?
Hibernate: select quiz0_.id as id1_0_0_, quiz0_.made_by as made_by2_0_0_, quiz0_.text as text3_0_0_, quiz0_.title as title4_0_0_ from quiz quiz0_ where quiz0_.id=?
Hibernate: select answer0_.quiz_id as quiz_id1_1_0_, answer0_.answer as answer2_1_0_ from quiz_answer answer0_ where answer0_.quiz_id=?
Hibernate: insert into solution (data_base_id, completed_at, completed_by, id) values (null, ?, ?, ?)
?[1;31m
Start test 37?[0m
Hibernate: select user0_.id as id1_4_, user0_.email as email2_4_, user0_.password as password3_4_ from user user0_ where user0_.email=?
Hibernate: select quiz0_.id as id1_0_0_, quiz0_.made_by as made_by2_0_0_, quiz0_.text as text3_0_0_, quiz0_.title as title4_0_0_ from quiz quiz0_ where quiz0_.id=?
Hibernate: select answer0_.quiz_id as quiz_id1_1_0_, answer0_.answer as answer2_1_0_ from quiz_answer answer0_ where answer0_.quiz_id=?
?[1;31m
Start test 38?[0m
Hibernate: select user0_.id as id1_4_, user0_.email as email2_4_, user0_.password as password3_4_ from user user0_ where user0_.email=?
Hibernate: select quiz0_.id as id1_0_0_, quiz0_.made_by as made_by2_0_0_, quiz0_.text as text3_0_0_, quiz0_.title as title4_0_0_ from quiz quiz0_ where quiz0_.id=?
Hibernate: select answer0_.quiz_id as quiz_id1_1_0_, answer0_.answer as answer2_1_0_ from quiz_answer answer0_ where answer0_.quiz_id=?
?[1;31m
Start test 39?[0m
Hibernate: select user0_.id as id1_4_, user0_.email as email2_4_, user0_.password as password3_4_ from user user0_ where user0_.email=?
Hibernate: select quiz0_.id as id1_0_0_, quiz0_.made_by as made_by2_0_0_, quiz0_.text as text3_0_0_, quiz0_.title as title4_0_0_ from quiz quiz0_ where quiz0_.id=?
Hibernate: select answer0_.quiz_id as quiz_id1_1_0_, answer0_.answer as answer2_1_0_ from quiz_answer answer0_ where answer0_.quiz_id=?
Hibernate: insert into solution (data_base_id, completed_at, completed_by, id) values (null, ?, ?, ?)
?[1;31m
Start test 40?[0m
Hibernate: select user0_.id as id1_4_, user0_.email as email2_4_, user0_.password as password3_4_ from user user0_ where user0_.email=?
Hibernate: select quiz0_.id as id1_0_0_, quiz0_.made_by as made_by2_0_0_, quiz0_.text as text3_0_0_, quiz0_.title as title4_0_0_ from quiz quiz0_ where quiz0_.id=?
Hibernate: select answer0_.quiz_id as quiz_id1_1_0_, answer0_.answer as answer2_1_0_ from quiz_answer answer0_ where answer0_.quiz_id=?
?[1;31m
Start test 41?[0m
Hibernate: select user0_.id as id1_4_, user0_.email as email2_4_, user0_.password as password3_4_ from user user0_ where user0_.email=?
Hibernate: select quiz0_.id as id1_0_0_, quiz0_.made_by as made_by2_0_0_, quiz0_.text as text3_0_0_, quiz0_.title as title4_0_0_ from quiz quiz0_ where quiz0_.id=?
Hibernate: select answer0_.quiz_id as quiz_id1_1_0_, answer0_.answer as answer2_1_0_ from quiz_answer answer0_ where answer0_.quiz_id=?
?[1;31m
Start test 42?[0m
Hibernate: select user0_.id as id1_4_, user0_.email as email2_4_, user0_.password as password3_4_ from user user0_ where user0_.email=?
Hibernate: select solution0_.data_base_id as data_bas1_3_, solution0_.completed_at as complete2_3_, solution0_.completed_by as complete3_3_, solution0_.id as id4_3_ from solution solution0_ where solution0_.completed_by=? order by solution0_.completed_at desc limit ?
?[1;31m
Start test 43?[0m
Hibernate: select user0_.id as id1_4_, user0_.email as email2_4_, user0_.password as password3_4_ from user user0_ where user0_.email=?
Hibernate: select solution0_.data_base_id as data_bas1_3_, solution0_.completed_at as complete2_3_, solution0_.completed_by as complete3_3_, solution0_.id as id4_3_ from solution solution0_ where solution0_.completed_by=? order by solution0_.completed_at desc limit ?
?[1;31m
Start test 44?[0m
Hibernate: select user0_.id as id1_4_, user0_.email as email2_4_, user0_.password as password3_4_ from user user0_ where user0_.email=?
Hibernate: select quiz0_.id as id1_0_, quiz0_.made_by as made_by2_0_, quiz0_.text as text3_0_, quiz0_.title as title4_0_ from quiz quiz0_ limit ?
Hibernate: select options0_.quiz_id as quiz_id1_2_0_, options0_.options as options2_2_0_ from quiz_options options0_ where options0_.quiz_id=?
Hibernate: select options0_.quiz_id as quiz_id1_2_0_, options0_.options as options2_2_0_ from quiz_options options0_ where options0_.quiz_id=?
?[1;31m
Start test 45?[0m
Hibernate: select user0_.id as id1_4_, user0_.email as email2_4_, user0_.password as password3_4_ from user user0_ where user0_.email=?
Hibernate: select quiz0_.id as id1_0_, quiz0_.made_by as made_by2_0_, quiz0_.text as text3_0_, quiz0_.title as title4_0_ from quiz quiz0_ limit ?
Hibernate: select options0_.quiz_id as quiz_id1_2_0_, options0_.options as options2_2_0_ from quiz_options options0_ where options0_.quiz_id=?
Hibernate: select options0_.quiz_id as quiz_id1_2_0_, options0_.options as options2_2_0_ from quiz_options options0_ where options0_.quiz_id=?
?[1;31m
Start test 46?[0m
2020-08-06 14:54:49.610  INFO 13744 --- [       Thread-6] o.s.s.concurrent.ThreadPoolTaskExecutor  : Shutting down ExecutorService 'applicationTaskExecutor'
2020-08-06 14:54:49.610  INFO 13744 --- [       Thread-6] j.LocalContainerEntityManagerFactoryBean : Closing JPA EntityManagerFactory for persistence unit 'default'
2020-08-06 14:54:49.610  INFO 13744 --- [       Thread-6] com.zaxxer.hikari.HikariDataSource       : HikariPool-1 - Shutdown initiated...
2020-08-06 14:54:49.657  INFO 13744 --- [       Thread-6] com.zaxxer.hikari.HikariDataSource       : HikariPool-1 - Shutdown completed.

  .   ____          _            __ _ _
 /\\ / ___'_ __ _ _(_)_ __  __ _ \ \ \ \
( ( )\___ | '_ | '_| | '_ \/ _` | \ \ \ \
 \\/  ___)| |_)| | | | | || (_| |  ) ) ) )
  '  |____| .__|_| |_|_| |_\__, | / / / /
 =========|_|==============|___/=/_/_/_/
 :: Spring Boot ::        (v2.2.2.RELEASE)

2020-08-06 14:54:49.829  INFO 13744 --- [    Test worker] engine.WebQuizEngine                     : Starting WebQuizEngine on LAPTOP-T7A8H3CR with PID 13744 (started by Acer in C:\Users\Acer\IdeaProjects\Web Quiz Engine\Web Quiz Engine\task)
2020-08-06 14:54:49.829  INFO 13744 --- [    Test worker] engine.WebQuizEngine                     : No active profile set, falling back to default profiles: default
2020-08-06 14:54:50.167  INFO 13744 --- [       Thread-6] o.apache.catalina.core.StandardService   : Stopping service [Tomcat]
2020-08-06 14:54:50.167  INFO 13744 --- [       Thread-6] o.a.c.c.C.[Tomcat].[localhost].[/]       : Destroying Spring FrameworkServlet 'dispatcherServlet'
2020-08-06 14:54:50.448  INFO 13744 --- [    Test worker] .s.d.r.c.RepositoryConfigurationDelegate : Bootstrapping Spring Data JPA repositories in DEFAULT mode.
2020-08-06 14:54:50.480  INFO 13744 --- [    Test worker] .s.d.r.c.RepositoryConfigurationDelegate : Finished Spring Data repository scanning in 24ms. Found 3 JPA repository interfaces.
2020-08-06 14:54:50.605  INFO 13744 --- [    Test worker] trationDelegate$BeanPostProcessorChecker : Bean 'org.springframework.transaction.annotation.ProxyTransactionManagementConfiguration' of type [org.springframework.transaction.annotation.ProxyTransactionManagementConfiguration] is not eligible for getting processed by all BeanPostProcessors (for example: not eligible for auto-proxying)
2020-08-06 14:54:50.669  WARN 13744 --- [    Test worker] org.apache.tomcat.util.modeler.Registry  : The MBean registry cannot be disabled because it has already been initialised
2020-08-06 14:54:50.685  INFO 13744 --- [    Test worker] o.s.b.w.embedded.tomcat.TomcatWebServer  : Tomcat initialized with port(s): 8889 (http)
2020-08-06 14:54:50.685  INFO 13744 --- [    Test worker] o.apache.catalina.core.StandardService   : Starting service [Tomcat]
2020-08-06 14:54:50.685  INFO 13744 --- [    Test worker] org.apache.catalina.core.StandardEngine  : Starting Servlet engine: [Apache Tomcat/9.0.29]
2020-08-06 14:54:50.748  INFO 13744 --- [    Test worker] o.a.c.c.C.[Tomcat].[localhost].[/]       : Initializing Spring embedded WebApplicationContext
2020-08-06 14:54:50.748  INFO 13744 --- [    Test worker] o.s.web.context.ContextLoader            : Root WebApplicationContext: initialization completed in 919 ms
2020-08-06 14:54:50.810  INFO 13744 --- [    Test worker] com.zaxxer.hikari.HikariDataSource       : HikariPool-2 - Starting...
2020-08-06 14:54:50.841  INFO 13744 --- [    Test worker] com.zaxxer.hikari.HikariDataSource       : HikariPool-2 - Start completed.
2020-08-06 14:54:50.841  INFO 13744 --- [    Test worker] o.s.b.a.h2.H2ConsoleAutoConfiguration    : H2 console available at '/h2-console'. Database available at 'jdbc:h2:file:../quizdb'
2020-08-06 14:54:50.998  INFO 13744 --- [    Test worker] o.hibernate.jpa.internal.util.LogHelper  : HHH000204: Processing PersistenceUnitInfo [name: default]
2020-08-06 14:54:51.044  INFO 13744 --- [    Test worker] org.hibernate.dialect.Dialect            : HHH000400: Using dialect: org.hibernate.dialect.H2Dialect
2020-08-06 14:54:51.247  INFO 13744 --- [    Test worker] o.h.e.t.j.p.i.JtaPlatformInitiator       : HHH000490: Using JtaPlatform implementation: [org.hibernate.engine.transaction.jta.platform.internal.NoJtaPlatform]
2020-08-06 14:54:51.247  INFO 13744 --- [    Test worker] j.LocalContainerEntityManagerFactoryBean : Initialized JPA EntityManagerFactory for persistence unit 'default'
2020-08-06 14:54:51.357  WARN 13744 --- [    Test worker] JpaBaseConfiguration$JpaWebConfiguration : spring.jpa.open-in-view is enabled by default. Therefore, database queries may be performed during view rendering. Explicitly configure spring.jpa.open-in-view to disable this warning
2020-08-06 14:54:51.435  INFO 13744 --- [    Test worker] o.s.s.web.DefaultSecurityFilterChain     : Creating filter chain: any request, [org.springframework.security.web.context.request.async.WebAsyncManagerIntegrationFilter@1a6dfbb8, org.springframework.security.web.context.SecurityContextPersistenceFilter@1ab816a, org.springframework.security.web.header.HeaderWriterFilter@728e02b2, org.springframework.security.web.authentication.logout.LogoutFilter@6be27932, org.springframework.security.web.authentication.www.BasicAuthenticationFilter@649f51b3, org.springframework.security.web.savedrequest.RequestCacheAwareFilter@55bf9507, org.springframework.security.web.servletapi.SecurityContextHolderAwareRequestFilter@57268690, org.springframework.security.web.authentication.AnonymousAuthenticationFilter@3a71b153, org.springframework.security.web.session.SessionManagementFilter@3e8bea74, org.springframework.security.web.access.ExceptionTranslationFilter@7164b48c, org.springframework.security.web.access.intercept.FilterSecurityInterceptor@7ca14d0a]
2020-08-06 14:54:51.513  INFO 13744 --- [    Test worker] o.s.s.concurrent.ThreadPoolTaskExecutor  : Initializing ExecutorService 'applicationTaskExecutor'
2020-08-06 14:54:51.591  WARN 13744 --- [    Test worker] ion$DefaultTemplateResolverConfiguration : Cannot find template location: classpath:/templates/ (please add some templates or check your Thymeleaf configuration)
2020-08-06 14:54:51.700  INFO 13744 --- [    Test worker] o.s.b.a.e.web.EndpointLinksResolver      : Exposing 14 endpoint(s) beneath base path '/actuator'
2020-08-06 14:54:51.747  INFO 13744 --- [    Test worker] o.s.b.w.embedded.tomcat.TomcatWebServer  : Tomcat started on port(s): 8889 (http) with context path ''
2020-08-06 14:54:51.747  INFO 13744 --- [    Test worker] engine.WebQuizEngine                     : Started WebQuizEngine in 1.983 seconds (JVM running for 20.098)
?[1;31m
Start test 47?[0m
2020-08-06 14:54:51.747  INFO 13744 --- [nio-8889-exec-1] o.a.c.c.C.[Tomcat].[localhost].[/]       : Initializing Spring DispatcherServlet 'dispatcherServlet'
2020-08-06 14:54:51.747  INFO 13744 --- [nio-8889-exec-1] o.s.web.servlet.DispatcherServlet        : Initializing Servlet 'dispatcherServlet'
2020-08-06 14:54:51.763  INFO 13744 --- [nio-8889-exec-1] o.s.web.servlet.DispatcherServlet        : Completed initialization in 16 ms
Hibernate: select user0_.id as id1_4_, user0_.email as email2_4_, user0_.password as password3_4_ from user user0_ where user0_.email=?
Hibernate: select quiz0_.id as id1_0_, quiz0_.made_by as made_by2_0_, quiz0_.text as text3_0_, quiz0_.title as title4_0_ from quiz quiz0_ limit ?
Hibernate: select options0_.quiz_id as quiz_id1_2_0_, options0_.options as options2_2_0_ from quiz_options options0_ where options0_.quiz_id=?
Hibernate: select options0_.quiz_id as quiz_id1_2_0_, options0_.options as options2_2_0_ from quiz_options options0_ where options0_.quiz_id=?
?[1;31m
Start test 48?[0m
Hibernate: select user0_.id as id1_4_, user0_.email as email2_4_, user0_.password as password3_4_ from user user0_ where user0_.email=?
Hibernate: select quiz0_.id as id1_0_, quiz0_.made_by as made_by2_0_, quiz0_.text as text3_0_, quiz0_.title as title4_0_ from quiz quiz0_ limit ?
Hibernate: select options0_.quiz_id as quiz_id1_2_0_, options0_.options as options2_2_0_ from quiz_options options0_ where options0_.quiz_id=?
Hibernate: select options0_.quiz_id as quiz_id1_2_0_, options0_.options as options2_2_0_ from quiz_options options0_ where options0_.quiz_id=?
?[1;31m
Start test 49?[0m
Hibernate: select user0_.id as id1_4_, user0_.email as email2_4_, user0_.password as password3_4_ from user user0_ where user0_.email=?
Hibernate: select quiz0_.id as id1_0_0_, quiz0_.made_by as made_by2_0_0_, quiz0_.text as text3_0_0_, quiz0_.title as title4_0_0_ from quiz quiz0_ where quiz0_.id=?
Hibernate: select answer0_.quiz_id as quiz_id1_1_0_, answer0_.answer as answer2_1_0_ from quiz_answer answer0_ where answer0_.quiz_id=?
Hibernate: insert into solution (data_base_id, completed_at, completed_by, id) values (null, ?, ?, ?)
?[1;31m
Start test 50?[0m
Hibernate: select user0_.id as id1_4_, user0_.email as email2_4_, user0_.password as password3_4_ from user user0_ where user0_.email=?
Hibernate: select quiz0_.id as id1_0_0_, quiz0_.made_by as made_by2_0_0_, quiz0_.text as text3_0_0_, quiz0_.title as title4_0_0_ from quiz quiz0_ where quiz0_.id=?
Hibernate: select answer0_.quiz_id as quiz_id1_1_0_, answer0_.answer as answer2_1_0_ from quiz_answer answer0_ where answer0_.quiz_id=?
?[1;31m
Start test 51?[0m
Hibernate: select user0_.id as id1_4_, user0_.email as email2_4_, user0_.password as password3_4_ from user user0_ where user0_.email=?
Hibernate: select quiz0_.id as id1_0_0_, quiz0_.made_by as made_by2_0_0_, quiz0_.text as text3_0_0_, quiz0_.title as title4_0_0_ from quiz quiz0_ where quiz0_.id=?
Hibernate: select answer0_.quiz_id as quiz_id1_1_0_, answer0_.answer as answer2_1_0_ from quiz_answer answer0_ where answer0_.quiz_id=?
?[1;31m
Start test 52?[0m
Hibernate: select user0_.id as id1_4_, user0_.email as email2_4_, user0_.password as password3_4_ from user user0_ where user0_.email=?
Hibernate: select quiz0_.id as id1_0_0_, quiz0_.made_by as made_by2_0_0_, quiz0_.text as text3_0_0_, quiz0_.title as title4_0_0_ from quiz quiz0_ where quiz0_.id=?
Hibernate: select answer0_.quiz_id as quiz_id1_1_0_, answer0_.answer as answer2_1_0_ from quiz_answer answer0_ where answer0_.quiz_id=?
Hibernate: insert into solution (data_base_id, completed_at, completed_by, id) values (null, ?, ?, ?)
?[1;31m
Start test 53?[0m
Hibernate: select user0_.id as id1_4_, user0_.email as email2_4_, user0_.password as password3_4_ from user user0_ where user0_.email=?
Hibernate: select solution0_.data_base_id as data_bas1_3_, solution0_.completed_at as complete2_3_, solution0_.completed_by as complete3_3_, solution0_.id as id4_3_ from solution solution0_ where solution0_.completed_by=? order by solution0_.completed_at desc limit ?
?[1;31m
Start test 54?[0m
Hibernate: select user0_.id as id1_4_, user0_.email as email2_4_, user0_.password as password3_4_ from user user0_ where user0_.email=?
Hibernate: select solution0_.data_base_id as data_bas1_3_, solution0_.completed_at as complete2_3_, solution0_.completed_by as complete3_3_, solution0_.id as id4_3_ from solution solution0_ where solution0_.completed_by=? order by solution0_.completed_at desc limit ?
?[1;31m
Start test 55?[0m
Hibernate: select user0_.id as id1_4_, user0_.email as email2_4_, user0_.password as password3_4_ from user user0_ where user0_.email=?
Hibernate: select solution0_.data_base_id as data_bas1_3_, solution0_.completed_at as complete2_3_, solution0_.completed_by as complete3_3_, solution0_.id as id4_3_ from solution solution0_ where solution0_.completed_by=? order by solution0_.completed_at desc limit ?
?[1;31m
Start test 56?[0m
Hibernate: select user0_.id as id1_4_, user0_.email as email2_4_, user0_.password as password3_4_ from user user0_ where user0_.email=?
Hibernate: select solution0_.data_base_id as data_bas1_3_, solution0_.completed_at as complete2_3_, solution0_.completed_by as complete3_3_, solution0_.id as id4_3_ from solution solution0_ where solution0_.completed_by=? order by solution0_.completed_at desc limit ?
?[1;31m
Start test 57?[0m
Hibernate: select user0_.id as id1_4_, user0_.email as email2_4_, user0_.password as password3_4_ from user user0_ where user0_.email=?
2020-08-06 14:54:52.982  WARN 13744 --- [nio-8889-exec-1] .w.s.m.s.DefaultHandlerExceptionResolver : Resolved [org.springframework.http.converter.HttpMessageNotReadableException: JSON parse error: Unexpected character ('"' (code 34)): was expecting comma to separate Object entries; nested exception is com.fasterxml.jackson.core.JsonParseException: Unexpected character ('"' (code 34)): was expecting comma to separate Object entries
 at [Source: (PushbackInputStream); line: 4, column: 4]]
?[1;31m
Start test 58?[0m
Hibernate: select user0_.id as id1_4_, user0_.email as email2_4_, user0_.password as password3_4_ from user user0_ where user0_.email=?
2020-08-06 14:54:53.076  WARN 13744 --- [nio-8889-exec-2] .w.s.m.s.DefaultHandlerExceptionResolver : Resolved [org.springframework.http.converter.HttpMessageNotReadableException: JSON parse error: Unexpected character ('"' (code 34)): was expecting comma to separate Object entries; nested exception is com.fasterxml.jackson.core.JsonParseException: Unexpected character ('"' (code 34)): was expecting comma to separate Object entries
 at [Source: (PushbackInputStream); line: 5, column: 4]]
?[1;31m
Start test 59?[0m
Hibernate: select user0_.id as id1_4_, user0_.email as email2_4_, user0_.password as password3_4_ from user user0_ where user0_.email=?
2020-08-06 14:54:53.170  WARN 13744 --- [nio-8889-exec-3] .w.s.m.s.DefaultHandlerExceptionResolver : Resolved [org.springframework.http.converter.HttpMessageNotReadableException: JSON parse error: Unexpected character ('"' (code 34)): was expecting comma to separate Object entries; nested exception is com.fasterxml.jackson.core.JsonParseException: Unexpected character ('"' (code 34)): was expecting comma to separate Object entries
 at [Source: (PushbackInputStream); line: 4, column: 4]]
?[1;31m
Start test 60?[0m
Hibernate: select user0_.id as id1_4_, user0_.email as email2_4_, user0_.password as password3_4_ from user user0_ where user0_.email=?
2020-08-06 14:54:53.248  WARN 13744 --- [nio-8889-exec-4] .w.s.m.s.DefaultHandlerExceptionResolver : Resolved [org.springframework.http.converter.HttpMessageNotReadableException: JSON parse error: Unexpected character ('"' (code 34)): was expecting comma to separate Object entries; nested exception is com.fasterxml.jackson.core.JsonParseException: Unexpected character ('"' (code 34)): was expecting comma to separate Object entries
 at [Source: (PushbackInputStream); line: 5, column: 4]]
?[1;31m
Start test 61?[0m
Hibernate: select user0_.id as id1_4_, user0_.email as email2_4_, user0_.password as password3_4_ from user user0_ where user0_.email=?
2020-08-06 14:54:53.357  WARN 13744 --- [nio-8889-exec-5] .w.s.m.s.DefaultHandlerExceptionResolver : Resolved [org.springframework.web.bind.MethodArgumentNotValidException: Validation failed for argument [0] in public engine.quiz.Quiz engine.quiz.QuizController.addQuiz(engine.quiz.Quiz,engine.user.User) with 2 errors: [Field error in object 'quiz' on field 'options': rejected value [null]; codes [NotNull.quiz.options,NotNull.options,NotNull.java.util.List,NotNull]; arguments [org.springframework.context.support.DefaultMessageSourceResolvable: codes [quiz.options,options]; arguments []; default message [options]]; default message [Options should not be null]] [Field error in object 'quiz' on field 'options': rejected value [null]; codes [NotEmpty.quiz.options,NotEmpty.options,NotEmpty.java.util.List,NotEmpty]; arguments [org.springframework.context.support.DefaultMessageSourceResolvable: codes [quiz.options,options]; arguments []; default message [options]]; default message [Options should not be empty]] ]
?[1;31m
Start test 62?[0m
Hibernate: select user0_.id as id1_4_, user0_.email as email2_4_, user0_.password as password3_4_ from user user0_ where user0_.email=?
2020-08-06 14:54:53.451  WARN 13744 --- [nio-8889-exec-5] .w.s.m.s.DefaultHandlerExceptionResolver : Resolved [org.springframework.http.converter.HttpMessageNotReadableException: JSON parse error: Unexpected character ('"' (code 34)): was expecting comma to separate Object entries; nested exception is com.fasterxml.jackson.core.JsonParseException: Unexpected character ('"' (code 34)): was expecting comma to separate Object entries
 at [Source: (PushbackInputStream); line: 5, column: 4]]
?[1;31m
Start test 63?[0m
Hibernate: select user0_.id as id1_4_, user0_.email as email2_4_, user0_.password as password3_4_ from user user0_ where user0_.email=?
2020-08-06 14:54:53.545  WARN 13744 --- [nio-8889-exec-8] .w.s.m.s.DefaultHandlerExceptionResolver : Resolved [org.springframework.http.converter.HttpMessageNotReadableException: JSON parse error: Unexpected character ('"' (code 34)): was expecting comma to separate Object entries; nested exception is com.fasterxml.jackson.core.JsonParseException: Unexpected character ('"' (code 34)): was expecting comma to separate Object entries
 at [Source: (PushbackInputStream); line: 5, column: 4]]
?[1;31m
Start test 64?[0m
Hibernate: select user0_.id as id1_4_, user0_.email as email2_4_, user0_.password as password3_4_ from user user0_ where user0_.email=?
Hibernate: insert into quiz (id, made_by, text, title) values (null, ?, ?, ?)
Hibernate: insert into quiz_answer (quiz_id, answer) values (?, ?)
Hibernate: insert into quiz_answer (quiz_id, answer) values (?, ?)
Hibernate: insert into quiz_options (quiz_id, options) values (?, ?)
Hibernate: insert into quiz_options (quiz_id, options) values (?, ?)
Hibernate: insert into quiz_options (quiz_id, options) values (?, ?)
Hibernate: insert into quiz_options (quiz_id, options) values (?, ?)
?[1;31m
Start test 65?[0m
Hibernate: select user0_.id as id1_4_, user0_.email as email2_4_, user0_.password as password3_4_ from user user0_ where user0_.email=?
Hibernate: select quiz0_.id as id1_0_0_, quiz0_.made_by as made_by2_0_0_, quiz0_.text as text3_0_0_, quiz0_.title as title4_0_0_ from quiz quiz0_ where quiz0_.id=?
Hibernate: select options0_.quiz_id as quiz_id1_2_0_, options0_.options as options2_2_0_ from quiz_options options0_ where options0_.quiz_id=?
?[1;31m
Start test 66?[0m
Hibernate: select user0_.id as id1_4_, user0_.email as email2_4_, user0_.password as password3_4_ from user user0_ where user0_.email=?
Hibernate: select quiz0_.id as id1_0_0_, quiz0_.made_by as made_by2_0_0_, quiz0_.text as text3_0_0_, quiz0_.title as title4_0_0_ from quiz quiz0_ where quiz0_.id=?
?[1;31m
Start test 67?[0m
Hibernate: select user0_.id as id1_4_, user0_.email as email2_4_, user0_.password as password3_4_ from user user0_ where user0_.email=?
Hibernate: select quiz0_.id as id1_0_0_, quiz0_.made_by as made_by2_0_0_, quiz0_.text as text3_0_0_, quiz0_.title as title4_0_0_ from quiz quiz0_ where quiz0_.id=?
Hibernate: select answer0_.quiz_id as quiz_id1_1_0_, answer0_.answer as answer2_1_0_ from quiz_answer answer0_ where answer0_.quiz_id=?
?[1;31m
Start test 68?[0m
Hibernate: select user0_.id as id1_4_, user0_.email as email2_4_, user0_.password as password3_4_ from user user0_ where user0_.email=?
Hibernate: select quiz0_.id as id1_0_0_, quiz0_.made_by as made_by2_0_0_, quiz0_.text as text3_0_0_, quiz0_.title as title4_0_0_ from quiz quiz0_ where quiz0_.id=?
Hibernate: select answer0_.quiz_id as quiz_id1_1_0_, answer0_.answer as answer2_1_0_ from quiz_answer answer0_ where answer0_.quiz_id=?
?[1;31m
Start test 69?[0m
Hibernate: select user0_.id as id1_4_, user0_.email as email2_4_, user0_.password as password3_4_ from user user0_ where user0_.email=?
Hibernate: select quiz0_.id as id1_0_0_, quiz0_.made_by as made_by2_0_0_, quiz0_.text as text3_0_0_, quiz0_.title as title4_0_0_ from quiz quiz0_ where quiz0_.id=?
Hibernate: select answer0_.quiz_id as quiz_id1_1_0_, answer0_.answer as answer2_1_0_ from quiz_answer answer0_ where answer0_.quiz_id=?
?[1;31m
Start test 70?[0m
Hibernate: select user0_.id as id1_4_, user0_.email as email2_4_, user0_.password as password3_4_ from user user0_ where user0_.email=?
Hibernate: select quiz0_.id as id1_0_0_, quiz0_.made_by as made_by2_0_0_, quiz0_.text as text3_0_0_, quiz0_.title as title4_0_0_ from quiz quiz0_ where quiz0_.id=?
Hibernate: select answer0_.quiz_id as quiz_id1_1_0_, answer0_.answer as answer2_1_0_ from quiz_answer answer0_ where answer0_.quiz_id=?
?[1;31m
Start test 71?[0m
Hibernate: select user0_.id as id1_4_, user0_.email as email2_4_, user0_.password as password3_4_ from user user0_ where user0_.email=?
Hibernate: select quiz0_.id as id1_0_0_, quiz0_.made_by as made_by2_0_0_, quiz0_.text as text3_0_0_, quiz0_.title as title4_0_0_ from quiz quiz0_ where quiz0_.id=?
Hibernate: select answer0_.quiz_id as quiz_id1_1_0_, answer0_.answer as answer2_1_0_ from quiz_answer answer0_ where answer0_.quiz_id=?
?[1;31m
Start test 72?[0m
Hibernate: select user0_.id as id1_4_, user0_.email as email2_4_, user0_.password as password3_4_ from user user0_ where user0_.email=?
Hibernate: select quiz0_.id as id1_0_0_, quiz0_.made_by as made_by2_0_0_, quiz0_.text as text3_0_0_, quiz0_.title as title4_0_0_ from quiz quiz0_ where quiz0_.id=?
Hibernate: select answer0_.quiz_id as quiz_id1_1_0_, answer0_.answer as answer2_1_0_ from quiz_answer answer0_ where answer0_.quiz_id=?
Hibernate: insert into solution (data_base_id, completed_at, completed_by, id) values (null, ?, ?, ?)
?[1;31m
Start test 73?[0m
Hibernate: select user0_.id as id1_4_, user0_.email as email2_4_, user0_.password as password3_4_ from user user0_ where user0_.email=?
Hibernate: select quiz0_.id as id1_0_0_, quiz0_.made_by as made_by2_0_0_, quiz0_.text as text3_0_0_, quiz0_.title as title4_0_0_ from quiz quiz0_ where quiz0_.id=?
Hibernate: select answer0_.quiz_id as quiz_id1_1_0_, answer0_.answer as answer2_1_0_ from quiz_answer answer0_ where answer0_.quiz_id=?
?[1;31m
Start test 74?[0m
Hibernate: select user0_.id as id1_4_, user0_.email as email2_4_, user0_.password as password3_4_ from user user0_ where user0_.email=?
Hibernate: select quiz0_.id as id1_0_0_, quiz0_.made_by as made_by2_0_0_, quiz0_.text as text3_0_0_, quiz0_.title as title4_0_0_ from quiz quiz0_ where quiz0_.id=?
Hibernate: select answer0_.quiz_id as quiz_id1_1_0_, answer0_.answer as answer2_1_0_ from quiz_answer answer0_ where answer0_.quiz_id=?
?[1;31m
Start test 75?[0m
Hibernate: select user0_.id as id1_4_, user0_.email as email2_4_, user0_.password as password3_4_ from user user0_ where user0_.email=?
Hibernate: select quiz0_.id as id1_0_0_, quiz0_.made_by as made_by2_0_0_, quiz0_.text as text3_0_0_, quiz0_.title as title4_0_0_ from quiz quiz0_ where quiz0_.id=?
Hibernate: select answer0_.quiz_id as quiz_id1_1_0_, answer0_.answer as answer2_1_0_ from quiz_answer answer0_ where answer0_.quiz_id=?
?[1;31m
Start test 76?[0m
Hibernate: select user0_.id as id1_4_, user0_.email as email2_4_, user0_.password as password3_4_ from user user0_ where user0_.email=?
Hibernate: select quiz0_.id as id1_0_0_, quiz0_.made_by as made_by2_0_0_, quiz0_.text as text3_0_0_, quiz0_.title as title4_0_0_ from quiz quiz0_ where quiz0_.id=?
Hibernate: select answer0_.quiz_id as quiz_id1_1_0_, answer0_.answer as answer2_1_0_ from quiz_answer answer0_ where answer0_.quiz_id=?
?[1;31m
Start test 77?[0m
Hibernate: select user0_.id as id1_4_, user0_.email as email2_4_, user0_.password as password3_4_ from user user0_ where user0_.email=?
Hibernate: select quiz0_.id as id1_0_0_, quiz0_.made_by as made_by2_0_0_, quiz0_.text as text3_0_0_, quiz0_.title as title4_0_0_ from quiz quiz0_ where quiz0_.id=?
Hibernate: select answer0_.quiz_id as quiz_id1_1_0_, answer0_.answer as answer2_1_0_ from quiz_answer answer0_ where answer0_.quiz_id=?
?[1;31m
Start test 78?[0m
Hibernate: select user0_.id as id1_4_, user0_.email as email2_4_, user0_.password as password3_4_ from user user0_ where user0_.email=?
Hibernate: select quiz0_.id as id1_0_0_, quiz0_.made_by as made_by2_0_0_, quiz0_.text as text3_0_0_, quiz0_.title as title4_0_0_ from quiz quiz0_ where quiz0_.id=?
Hibernate: select answer0_.quiz_id as quiz_id1_1_0_, answer0_.answer as answer2_1_0_ from quiz_answer answer0_ where answer0_.quiz_id=?
?[1;31m
Start test 79?[0m
Hibernate: select user0_.id as id1_4_, user0_.email as email2_4_, user0_.password as password3_4_ from user user0_ where user0_.email=?
Hibernate: select quiz0_.id as id1_0_0_, quiz0_.made_by as made_by2_0_0_, quiz0_.text as text3_0_0_, quiz0_.title as title4_0_0_ from quiz quiz0_ where quiz0_.id=?
Hibernate: select answer0_.quiz_id as quiz_id1_1_0_, answer0_.answer as answer2_1_0_ from quiz_answer answer0_ where answer0_.quiz_id=?
?[1;31m
Start test 80?[0m
Hibernate: select user0_.id as id1_4_, user0_.email as email2_4_, user0_.password as password3_4_ from user user0_ where user0_.email=?
Hibernate: select quiz0_.id as id1_0_0_, quiz0_.made_by as made_by2_0_0_, quiz0_.text as text3_0_0_, quiz0_.title as title4_0_0_ from quiz quiz0_ where quiz0_.id=?
Hibernate: select answer0_.quiz_id as quiz_id1_1_0_, answer0_.answer as answer2_1_0_ from quiz_answer answer0_ where answer0_.quiz_id=?
?[1;31m
Start test 81?[0m
Hibernate: select user0_.id as id1_4_, user0_.email as email2_4_, user0_.password as password3_4_ from user user0_ where user0_.email=?
Hibernate: select quiz0_.id as id1_0_0_, quiz0_.made_by as made_by2_0_0_, quiz0_.text as text3_0_0_, quiz0_.title as title4_0_0_ from quiz quiz0_ where quiz0_.id=?
Hibernate: select answer0_.quiz_id as quiz_id1_1_0_, answer0_.answer as answer2_1_0_ from quiz_answer answer0_ where answer0_.quiz_id=?
?[1;31m
Start test 82?[0m
Hibernate: select user0_.id as id1_4_, user0_.email as email2_4_, user0_.password as password3_4_ from user user0_ where user0_.email=?
Hibernate: insert into quiz (id, made_by, text, title) values (null, ?, ?, ?)
Hibernate: insert into quiz_answer (quiz_id, answer) values (?, ?)
Hibernate: insert into quiz_answer (quiz_id, answer) values (?, ?)
Hibernate: insert into quiz_options (quiz_id, options) values (?, ?)
Hibernate: insert into quiz_options (quiz_id, options) values (?, ?)
Hibernate: insert into quiz_options (quiz_id, options) values (?, ?)
Hibernate: insert into quiz_options (quiz_id, options) values (?, ?)
?[1;31m
Start test 83?[0m
Hibernate: select user0_.id as id1_4_, user0_.email as email2_4_, user0_.password as password3_4_ from user user0_ where user0_.email=?
Hibernate: select quiz0_.id as id1_0_0_, quiz0_.made_by as made_by2_0_0_, quiz0_.text as text3_0_0_, quiz0_.title as title4_0_0_ from quiz quiz0_ where quiz0_.id=?
Hibernate: select options0_.quiz_id as quiz_id1_2_0_, options0_.options as options2_2_0_ from quiz_options options0_ where options0_.quiz_id=?
?[1;31m
Start test 84?[0m
Hibernate: select user0_.id as id1_4_, user0_.email as email2_4_, user0_.password as password3_4_ from user user0_ where user0_.email=?
Hibernate: select quiz0_.id as id1_0_0_, quiz0_.made_by as made_by2_0_0_, quiz0_.text as text3_0_0_, quiz0_.title as title4_0_0_ from quiz quiz0_ where quiz0_.id=?
?[1;31m
Start test 85?[0m
Hibernate: select user0_.id as id1_4_, user0_.email as email2_4_, user0_.password as password3_4_ from user user0_ where user0_.email=?
Hibernate: select quiz0_.id as id1_0_0_, quiz0_.made_by as made_by2_0_0_, quiz0_.text as text3_0_0_, quiz0_.title as title4_0_0_ from quiz quiz0_ where quiz0_.id=?
Hibernate: select answer0_.quiz_id as quiz_id1_1_0_, answer0_.answer as answer2_1_0_ from quiz_answer answer0_ where answer0_.quiz_id=?
?[1;31m
Start test 86?[0m
Hibernate: select user0_.id as id1_4_, user0_.email as email2_4_, user0_.password as password3_4_ from user user0_ where user0_.email=?
Hibernate: select quiz0_.id as id1_0_0_, quiz0_.made_by as made_by2_0_0_, quiz0_.text as text3_0_0_, quiz0_.title as title4_0_0_ from quiz quiz0_ where quiz0_.id=?
Hibernate: select answer0_.quiz_id as quiz_id1_1_0_, answer0_.answer as answer2_1_0_ from quiz_answer answer0_ where answer0_.quiz_id=?
?[1;31m
Start test 87?[0m
Hibernate: select user0_.id as id1_4_, user0_.email as email2_4_, user0_.password as password3_4_ from user user0_ where user0_.email=?
Hibernate: select quiz0_.id as id1_0_0_, quiz0_.made_by as made_by2_0_0_, quiz0_.text as text3_0_0_, quiz0_.title as title4_0_0_ from quiz quiz0_ where quiz0_.id=?
Hibernate: select answer0_.quiz_id as quiz_id1_1_0_, answer0_.answer as answer2_1_0_ from quiz_answer answer0_ where answer0_.quiz_id=?
?[1;31m
Start test 88?[0m
Hibernate: select user0_.id as id1_4_, user0_.email as email2_4_, user0_.password as password3_4_ from user user0_ where user0_.email=?
Hibernate: select quiz0_.id as id1_0_0_, quiz0_.made_by as made_by2_0_0_, quiz0_.text as text3_0_0_, quiz0_.title as title4_0_0_ from quiz quiz0_ where quiz0_.id=?
Hibernate: select answer0_.quiz_id as quiz_id1_1_0_, answer0_.answer as answer2_1_0_ from quiz_answer answer0_ where answer0_.quiz_id=?
?[1;31m
Start test 89?[0m
Hibernate: select user0_.id as id1_4_, user0_.email as email2_4_, user0_.password as password3_4_ from user user0_ where user0_.email=?
Hibernate: select quiz0_.id as id1_0_0_, quiz0_.made_by as made_by2_0_0_, quiz0_.text as text3_0_0_, quiz0_.title as title4_0_0_ from quiz quiz0_ where quiz0_.id=?
Hibernate: select answer0_.quiz_id as quiz_id1_1_0_, answer0_.answer as answer2_1_0_ from quiz_answer answer0_ where answer0_.quiz_id=?
?[1;31m
Start test 90?[0m
Hibernate: select user0_.id as id1_4_, user0_.email as email2_4_, user0_.password as password3_4_ from user user0_ where user0_.email=?
Hibernate: select quiz0_.id as id1_0_0_, quiz0_.made_by as made_by2_0_0_, quiz0_.text as text3_0_0_, quiz0_.title as title4_0_0_ from quiz quiz0_ where quiz0_.id=?
Hibernate: select answer0_.quiz_id as quiz_id1_1_0_, answer0_.answer as answer2_1_0_ from quiz_answer answer0_ where answer0_.quiz_id=?
?[1;31m
Start test 91?[0m
Hibernate: select user0_.id as id1_4_, user0_.email as email2_4_, user0_.password as password3_4_ from user user0_ where user0_.email=?
Hibernate: select quiz0_.id as id1_0_0_, quiz0_.made_by as made_by2_0_0_, quiz0_.text as text3_0_0_, quiz0_.title as title4_0_0_ from quiz quiz0_ where quiz0_.id=?
Hibernate: select answer0_.quiz_id as quiz_id1_1_0_, answer0_.answer as answer2_1_0_ from quiz_answer answer0_ where answer0_.quiz_id=?
?[1;31m
Start test 92?[0m
Hibernate: select user0_.id as id1_4_, user0_.email as email2_4_, user0_.password as password3_4_ from user user0_ where user0_.email=?
Hibernate: select quiz0_.id as id1_0_0_, quiz0_.made_by as made_by2_0_0_, quiz0_.text as text3_0_0_, quiz0_.title as title4_0_0_ from quiz quiz0_ where quiz0_.id=?
Hibernate: select answer0_.quiz_id as quiz_id1_1_0_, answer0_.answer as answer2_1_0_ from quiz_answer answer0_ where answer0_.quiz_id=?
?[1;31m
Start test 93?[0m
Hibernate: select user0_.id as id1_4_, user0_.email as email2_4_, user0_.password as password3_4_ from user user0_ where user0_.email=?
Hibernate: select quiz0_.id as id1_0_0_, quiz0_.made_by as made_by2_0_0_, quiz0_.text as text3_0_0_, quiz0_.title as title4_0_0_ from quiz quiz0_ where quiz0_.id=?
Hibernate: select answer0_.quiz_id as quiz_id1_1_0_, answer0_.answer as answer2_1_0_ from quiz_answer answer0_ where answer0_.quiz_id=?
?[1;31m
Start test 94?[0m
Hibernate: select user0_.id as id1_4_, user0_.email as email2_4_, user0_.password as password3_4_ from user user0_ where user0_.email=?
Hibernate: select quiz0_.id as id1_0_0_, quiz0_.made_by as made_by2_0_0_, quiz0_.text as text3_0_0_, quiz0_.title as title4_0_0_ from quiz quiz0_ where quiz0_.id=?
Hibernate: select answer0_.quiz_id as quiz_id1_1_0_, answer0_.answer as answer2_1_0_ from quiz_answer answer0_ where answer0_.quiz_id=?
Hibernate: insert into solution (data_base_id, completed_at, completed_by, id) values (null, ?, ?, ?)
?[1;31m
Start test 95?[0m
Hibernate: select user0_.id as id1_4_, user0_.email as email2_4_, user0_.password as password3_4_ from user user0_ where user0_.email=?
Hibernate: select quiz0_.id as id1_0_0_, quiz0_.made_by as made_by2_0_0_, quiz0_.text as text3_0_0_, quiz0_.title as title4_0_0_ from quiz quiz0_ where quiz0_.id=?
Hibernate: select answer0_.quiz_id as quiz_id1_1_0_, answer0_.answer as answer2_1_0_ from quiz_answer answer0_ where answer0_.quiz_id=?
?[1;31m
Start test 96?[0m
Hibernate: select user0_.id as id1_4_, user0_.email as email2_4_, user0_.password as password3_4_ from user user0_ where user0_.email=?
Hibernate: select quiz0_.id as id1_0_0_, quiz0_.made_by as made_by2_0_0_, quiz0_.text as text3_0_0_, quiz0_.title as title4_0_0_ from quiz quiz0_ where quiz0_.id=?
Hibernate: select answer0_.quiz_id as quiz_id1_1_0_, answer0_.answer as answer2_1_0_ from quiz_answer answer0_ where answer0_.quiz_id=?
?[1;31m
Start test 97?[0m
Hibernate: select user0_.id as id1_4_, user0_.email as email2_4_, user0_.password as password3_4_ from user user0_ where user0_.email=?
Hibernate: select quiz0_.id as id1_0_0_, quiz0_.made_by as made_by2_0_0_, quiz0_.text as text3_0_0_, quiz0_.title as title4_0_0_ from quiz quiz0_ where quiz0_.id=?
Hibernate: select answer0_.quiz_id as quiz_id1_1_0_, answer0_.answer as answer2_1_0_ from quiz_answer answer0_ where answer0_.quiz_id=?
?[1;31m
Start test 98?[0m
Hibernate: select user0_.id as id1_4_, user0_.email as email2_4_, user0_.password as password3_4_ from user user0_ where user0_.email=?
Hibernate: select quiz0_.id as id1_0_0_, quiz0_.made_by as made_by2_0_0_, quiz0_.text as text3_0_0_, quiz0_.title as title4_0_0_ from quiz quiz0_ where quiz0_.id=?
Hibernate: select answer0_.quiz_id as quiz_id1_1_0_, answer0_.answer as answer2_1_0_ from quiz_answer answer0_ where answer0_.quiz_id=?
?[1;31m
Start test 99?[0m
Hibernate: select user0_.id as id1_4_, user0_.email as email2_4_, user0_.password as password3_4_ from user user0_ where user0_.email=?
Hibernate: select quiz0_.id as id1_0_0_, quiz0_.made_by as made_by2_0_0_, quiz0_.text as text3_0_0_, quiz0_.title as title4_0_0_ from quiz quiz0_ where quiz0_.id=?
Hibernate: select answer0_.quiz_id as quiz_id1_1_0_, answer0_.answer as answer2_1_0_ from quiz_answer answer0_ where answer0_.quiz_id=?
?[1;31m
Start test 100?[0m
Hibernate: select user0_.id as id1_4_, user0_.email as email2_4_, user0_.password as password3_4_ from user user0_ where user0_.email=?
Hibernate: insert into quiz (id, made_by, text, title) values (null, ?, ?, ?)
Hibernate: insert into quiz_options (quiz_id, options) values (?, ?)
Hibernate: insert into quiz_options (quiz_id, options) values (?, ?)
Hibernate: insert into quiz_options (quiz_id, options) values (?, ?)
Hibernate: insert into quiz_options (quiz_id, options) values (?, ?)
?[1;31m
Start test 101?[0m
Hibernate: select user0_.id as id1_4_, user0_.email as email2_4_, user0_.password as password3_4_ from user user0_ where user0_.email=?
Hibernate: select quiz0_.id as id1_0_0_, quiz0_.made_by as made_by2_0_0_, quiz0_.text as text3_0_0_, quiz0_.title as title4_0_0_ from quiz quiz0_ where quiz0_.id=?
Hibernate: select options0_.quiz_id as quiz_id1_2_0_, options0_.options as options2_2_0_ from quiz_options options0_ where options0_.quiz_id=?
?[1;31m
Start test 102?[0m
Hibernate: select user0_.id as id1_4_, user0_.email as email2_4_, user0_.password as password3_4_ from user user0_ where user0_.email=?
Hibernate: select quiz0_.id as id1_0_0_, quiz0_.made_by as made_by2_0_0_, quiz0_.text as text3_0_0_, quiz0_.title as title4_0_0_ from quiz quiz0_ where quiz0_.id=?
?[1;31m
Start test 103?[0m
Hibernate: select user0_.id as id1_4_, user0_.email as email2_4_, user0_.password as password3_4_ from user user0_ where user0_.email=?
Hibernate: select quiz0_.id as id1_0_0_, quiz0_.made_by as made_by2_0_0_, quiz0_.text as text3_0_0_, quiz0_.title as title4_0_0_ from quiz quiz0_ where quiz0_.id=?
Hibernate: select answer0_.quiz_id as quiz_id1_1_0_, answer0_.answer as answer2_1_0_ from quiz_answer answer0_ where answer0_.quiz_id=?
Hibernate: insert into solution (data_base_id, completed_at, completed_by, id) values (null, ?, ?, ?)
?[1;31m
Start test 104?[0m
Hibernate: select user0_.id as id1_4_, user0_.email as email2_4_, user0_.password as password3_4_ from user user0_ where user0_.email=?
Hibernate: select quiz0_.id as id1_0_0_, quiz0_.made_by as made_by2_0_0_, quiz0_.text as text3_0_0_, quiz0_.title as title4_0_0_ from quiz quiz0_ where quiz0_.id=?
Hibernate: select answer0_.quiz_id as quiz_id1_1_0_, answer0_.answer as answer2_1_0_ from quiz_answer answer0_ where answer0_.quiz_id=?
?[1;31m
Start test 105?[0m
Hibernate: select user0_.id as id1_4_, user0_.email as email2_4_, user0_.password as password3_4_ from user user0_ where user0_.email=?
Hibernate: select quiz0_.id as id1_0_0_, quiz0_.made_by as made_by2_0_0_, quiz0_.text as text3_0_0_, quiz0_.title as title4_0_0_ from quiz quiz0_ where quiz0_.id=?
Hibernate: select answer0_.quiz_id as quiz_id1_1_0_, answer0_.answer as answer2_1_0_ from quiz_answer answer0_ where answer0_.quiz_id=?
?[1;31m
Start test 106?[0m
Hibernate: select user0_.id as id1_4_, user0_.email as email2_4_, user0_.password as password3_4_ from user user0_ where user0_.email=?
Hibernate: select quiz0_.id as id1_0_0_, quiz0_.made_by as made_by2_0_0_, quiz0_.text as text3_0_0_, quiz0_.title as title4_0_0_ from quiz quiz0_ where quiz0_.id=?
Hibernate: select answer0_.quiz_id as quiz_id1_1_0_, answer0_.answer as answer2_1_0_ from quiz_answer answer0_ where answer0_.quiz_id=?
?[1;31m
Start test 107?[0m
Hibernate: select user0_.id as id1_4_, user0_.email as email2_4_, user0_.password as password3_4_ from user user0_ where user0_.email=?
Hibernate: select quiz0_.id as id1_0_0_, quiz0_.made_by as made_by2_0_0_, quiz0_.text as text3_0_0_, quiz0_.title as title4_0_0_ from quiz quiz0_ where quiz0_.id=?
Hibernate: select answer0_.quiz_id as quiz_id1_1_0_, answer0_.answer as answer2_1_0_ from quiz_answer answer0_ where answer0_.quiz_id=?
?[1;31m
Start test 108?[0m
Hibernate: select user0_.id as id1_4_, user0_.email as email2_4_, user0_.password as password3_4_ from user user0_ where user0_.email=?
Hibernate: select quiz0_.id as id1_0_0_, quiz0_.made_by as made_by2_0_0_, quiz0_.text as text3_0_0_, quiz0_.title as title4_0_0_ from quiz quiz0_ where quiz0_.id=?
Hibernate: select answer0_.quiz_id as quiz_id1_1_0_, answer0_.answer as answer2_1_0_ from quiz_answer answer0_ where answer0_.quiz_id=?
?[1;31m
Start test 109?[0m
Hibernate: select user0_.id as id1_4_, user0_.email as email2_4_, user0_.password as password3_4_ from user user0_ where user0_.email=?
Hibernate: select quiz0_.id as id1_0_0_, quiz0_.made_by as made_by2_0_0_, quiz0_.text as text3_0_0_, quiz0_.title as title4_0_0_ from quiz quiz0_ where quiz0_.id=?
Hibernate: select answer0_.quiz_id as quiz_id1_1_0_, answer0_.answer as answer2_1_0_ from quiz_answer answer0_ where answer0_.quiz_id=?
?[1;31m
Start test 110?[0m
Hibernate: select user0_.id as id1_4_, user0_.email as email2_4_, user0_.password as password3_4_ from user user0_ where user0_.email=?
Hibernate: select quiz0_.id as id1_0_0_, quiz0_.made_by as made_by2_0_0_, quiz0_.text as text3_0_0_, quiz0_.title as title4_0_0_ from quiz quiz0_ where quiz0_.id=?
Hibernate: select answer0_.quiz_id as quiz_id1_1_0_, answer0_.answer as answer2_1_0_ from quiz_answer answer0_ where answer0_.quiz_id=?
?[1;31m
Start test 111?[0m
Hibernate: select user0_.id as id1_4_, user0_.email as email2_4_, user0_.password as password3_4_ from user user0_ where user0_.email=?
Hibernate: select quiz0_.id as id1_0_0_, quiz0_.made_by as made_by2_0_0_, quiz0_.text as text3_0_0_, quiz0_.title as title4_0_0_ from quiz quiz0_ where quiz0_.id=?
Hibernate: select answer0_.quiz_id as quiz_id1_1_0_, answer0_.answer as answer2_1_0_ from quiz_answer answer0_ where answer0_.quiz_id=?
?[1;31m
Start test 112?[0m
Hibernate: select user0_.id as id1_4_, user0_.email as email2_4_, user0_.password as password3_4_ from user user0_ where user0_.email=?
Hibernate: select quiz0_.id as id1_0_0_, quiz0_.made_by as made_by2_0_0_, quiz0_.text as text3_0_0_, quiz0_.title as title4_0_0_ from quiz quiz0_ where quiz0_.id=?
Hibernate: select answer0_.quiz_id as quiz_id1_1_0_, answer0_.answer as answer2_1_0_ from quiz_answer answer0_ where answer0_.quiz_id=?
?[1;31m
Start test 113?[0m
Hibernate: select user0_.id as id1_4_, user0_.email as email2_4_, user0_.password as password3_4_ from user user0_ where user0_.email=?
Hibernate: select quiz0_.id as id1_0_0_, quiz0_.made_by as made_by2_0_0_, quiz0_.text as text3_0_0_, quiz0_.title as title4_0_0_ from quiz quiz0_ where quiz0_.id=?
Hibernate: select answer0_.quiz_id as quiz_id1_1_0_, answer0_.answer as answer2_1_0_ from quiz_answer answer0_ where answer0_.quiz_id=?
?[1;31m
Start test 114?[0m
Hibernate: select user0_.id as id1_4_, user0_.email as email2_4_, user0_.password as password3_4_ from user user0_ where user0_.email=?
Hibernate: select quiz0_.id as id1_0_0_, quiz0_.made_by as made_by2_0_0_, quiz0_.text as text3_0_0_, quiz0_.title as title4_0_0_ from quiz quiz0_ where quiz0_.id=?
Hibernate: select answer0_.quiz_id as quiz_id1_1_0_, answer0_.answer as answer2_1_0_ from quiz_answer answer0_ where answer0_.quiz_id=?
?[1;31m
Start test 115?[0m
Hibernate: select user0_.id as id1_4_, user0_.email as email2_4_, user0_.password as password3_4_ from user user0_ where user0_.email=?
Hibernate: select quiz0_.id as id1_0_0_, quiz0_.made_by as made_by2_0_0_, quiz0_.text as text3_0_0_, quiz0_.title as title4_0_0_ from quiz quiz0_ where quiz0_.id=?
Hibernate: select answer0_.quiz_id as quiz_id1_1_0_, answer0_.answer as answer2_1_0_ from quiz_answer answer0_ where answer0_.quiz_id=?
?[1;31m
Start test 116?[0m
Hibernate: select user0_.id as id1_4_, user0_.email as email2_4_, user0_.password as password3_4_ from user user0_ where user0_.email=?
Hibernate: select quiz0_.id as id1_0_0_, quiz0_.made_by as made_by2_0_0_, quiz0_.text as text3_0_0_, quiz0_.title as title4_0_0_ from quiz quiz0_ where quiz0_.id=?
Hibernate: select answer0_.quiz_id as quiz_id1_1_0_, answer0_.answer as answer2_1_0_ from quiz_answer answer0_ where answer0_.quiz_id=?
?[1;31m
Start test 117?[0m
Hibernate: select user0_.id as id1_4_, user0_.email as email2_4_, user0_.password as password3_4_ from user user0_ where user0_.email=?
Hibernate: select quiz0_.id as id1_0_0_, quiz0_.made_by as made_by2_0_0_, quiz0_.text as text3_0_0_, quiz0_.title as title4_0_0_ from quiz quiz0_ where quiz0_.id=?
Hibernate: select answer0_.quiz_id as quiz_id1_1_0_, answer0_.answer as answer2_1_0_ from quiz_answer answer0_ where answer0_.quiz_id=?
?[1;31m
Start test 118?[0m
Hibernate: select user0_.id as id1_4_, user0_.email as email2_4_, user0_.password as password3_4_ from user user0_ where user0_.email=?
Hibernate: insert into quiz (id, made_by, text, title) values (null, ?, ?, ?)
Hibernate: insert into quiz_options (quiz_id, options) values (?, ?)
Hibernate: insert into quiz_options (quiz_id, options) values (?, ?)
Hibernate: insert into quiz_options (quiz_id, options) values (?, ?)
Hibernate: insert into quiz_options (quiz_id, options) values (?, ?)
?[1;31m
Start test 119?[0m
Hibernate: select user0_.id as id1_4_, user0_.email as email2_4_, user0_.password as password3_4_ from user user0_ where user0_.email=?
Hibernate: select quiz0_.id as id1_0_0_, quiz0_.made_by as made_by2_0_0_, quiz0_.text as text3_0_0_, quiz0_.title as title4_0_0_ from quiz quiz0_ where quiz0_.id=?
Hibernate: select options0_.quiz_id as quiz_id1_2_0_, options0_.options as options2_2_0_ from quiz_options options0_ where options0_.quiz_id=?
?[1;31m
Start test 120?[0m
Hibernate: select user0_.id as id1_4_, user0_.email as email2_4_, user0_.password as password3_4_ from user user0_ where user0_.email=?
Hibernate: select quiz0_.id as id1_0_0_, quiz0_.made_by as made_by2_0_0_, quiz0_.text as text3_0_0_, quiz0_.title as title4_0_0_ from quiz quiz0_ where quiz0_.id=?
?[1;31m
Start test 121?[0m
Hibernate: select user0_.id as id1_4_, user0_.email as email2_4_, user0_.password as password3_4_ from user user0_ where user0_.email=?
Hibernate: select quiz0_.id as id1_0_0_, quiz0_.made_by as made_by2_0_0_, quiz0_.text as text3_0_0_, quiz0_.title as title4_0_0_ from quiz quiz0_ where quiz0_.id=?
Hibernate: select answer0_.quiz_id as quiz_id1_1_0_, answer0_.answer as answer2_1_0_ from quiz_answer answer0_ where answer0_.quiz_id=?
Hibernate: insert into solution (data_base_id, completed_at, completed_by, id) values (null, ?, ?, ?)
?[1;31m
Start test 122?[0m
Hibernate: select user0_.id as id1_4_, user0_.email as email2_4_, user0_.password as password3_4_ from user user0_ where user0_.email=?
Hibernate: select quiz0_.id as id1_0_0_, quiz0_.made_by as made_by2_0_0_, quiz0_.text as text3_0_0_, quiz0_.title as title4_0_0_ from quiz quiz0_ where quiz0_.id=?
Hibernate: select answer0_.quiz_id as quiz_id1_1_0_, answer0_.answer as answer2_1_0_ from quiz_answer answer0_ where answer0_.quiz_id=?
?[1;31m
Start test 123?[0m
Hibernate: select user0_.id as id1_4_, user0_.email as email2_4_, user0_.password as password3_4_ from user user0_ where user0_.email=?
Hibernate: select quiz0_.id as id1_0_0_, quiz0_.made_by as made_by2_0_0_, quiz0_.text as text3_0_0_, quiz0_.title as title4_0_0_ from quiz quiz0_ where quiz0_.id=?
Hibernate: select answer0_.quiz_id as quiz_id1_1_0_, answer0_.answer as answer2_1_0_ from quiz_answer answer0_ where answer0_.quiz_id=?
?[1;31m
Start test 124?[0m
Hibernate: select user0_.id as id1_4_, user0_.email as email2_4_, user0_.password as password3_4_ from user user0_ where user0_.email=?
Hibernate: select quiz0_.id as id1_0_0_, quiz0_.made_by as made_by2_0_0_, quiz0_.text as text3_0_0_, quiz0_.title as title4_0_0_ from quiz quiz0_ where quiz0_.id=?
Hibernate: select answer0_.quiz_id as quiz_id1_1_0_, answer0_.answer as answer2_1_0_ from quiz_answer answer0_ where answer0_.quiz_id=?
?[1;31m
Start test 125?[0m
Hibernate: select user0_.id as id1_4_, user0_.email as email2_4_, user0_.password as password3_4_ from user user0_ where user0_.email=?
Hibernate: select quiz0_.id as id1_0_0_, quiz0_.made_by as made_by2_0_0_, quiz0_.text as text3_0_0_, quiz0_.title as title4_0_0_ from quiz quiz0_ where quiz0_.id=?
Hibernate: select answer0_.quiz_id as quiz_id1_1_0_, answer0_.answer as answer2_1_0_ from quiz_answer answer0_ where answer0_.quiz_id=?
?[1;31m
Start test 126?[0m
Hibernate: select user0_.id as id1_4_, user0_.email as email2_4_, user0_.password as password3_4_ from user user0_ where user0_.email=?
Hibernate: select quiz0_.id as id1_0_0_, quiz0_.made_by as made_by2_0_0_, quiz0_.text as text3_0_0_, quiz0_.title as title4_0_0_ from quiz quiz0_ where quiz0_.id=?
Hibernate: select answer0_.quiz_id as quiz_id1_1_0_, answer0_.answer as answer2_1_0_ from quiz_answer answer0_ where answer0_.quiz_id=?
?[1;31m
Start test 127?[0m
Hibernate: select user0_.id as id1_4_, user0_.email as email2_4_, user0_.password as password3_4_ from user user0_ where user0_.email=?
Hibernate: select quiz0_.id as id1_0_0_, quiz0_.made_by as made_by2_0_0_, quiz0_.text as text3_0_0_, quiz0_.title as title4_0_0_ from quiz quiz0_ where quiz0_.id=?
Hibernate: select answer0_.quiz_id as quiz_id1_1_0_, answer0_.answer as answer2_1_0_ from quiz_answer answer0_ where answer0_.quiz_id=?
?[1;31m
Start test 128?[0m
Hibernate: select user0_.id as id1_4_, user0_.email as email2_4_, user0_.password as password3_4_ from user user0_ where user0_.email=?
Hibernate: select quiz0_.id as id1_0_0_, quiz0_.made_by as made_by2_0_0_, quiz0_.text as text3_0_0_, quiz0_.title as title4_0_0_ from quiz quiz0_ where quiz0_.id=?
Hibernate: select answer0_.quiz_id as quiz_id1_1_0_, answer0_.answer as answer2_1_0_ from quiz_answer answer0_ where answer0_.quiz_id=?
?[1;31m
Start test 129?[0m
Hibernate: select user0_.id as id1_4_, user0_.email as email2_4_, user0_.password as password3_4_ from user user0_ where user0_.email=?
Hibernate: select quiz0_.id as id1_0_0_, quiz0_.made_by as made_by2_0_0_, quiz0_.text as text3_0_0_, quiz0_.title as title4_0_0_ from quiz quiz0_ where quiz0_.id=?
Hibernate: select answer0_.quiz_id as quiz_id1_1_0_, answer0_.answer as answer2_1_0_ from quiz_answer answer0_ where answer0_.quiz_id=?
?[1;31m
Start test 130?[0m
Hibernate: select user0_.id as id1_4_, user0_.email as email2_4_, user0_.password as password3_4_ from user user0_ where user0_.email=?
Hibernate: select quiz0_.id as id1_0_0_, quiz0_.made_by as made_by2_0_0_, quiz0_.text as text3_0_0_, quiz0_.title as title4_0_0_ from quiz quiz0_ where quiz0_.id=?
Hibernate: select answer0_.quiz_id as quiz_id1_1_0_, answer0_.answer as answer2_1_0_ from quiz_answer answer0_ where answer0_.quiz_id=?
?[1;31m
Start test 131?[0m
Hibernate: select user0_.id as id1_4_, user0_.email as email2_4_, user0_.password as password3_4_ from user user0_ where user0_.email=?
Hibernate: select quiz0_.id as id1_0_0_, quiz0_.made_by as made_by2_0_0_, quiz0_.text as text3_0_0_, quiz0_.title as title4_0_0_ from quiz quiz0_ where quiz0_.id=?
Hibernate: select answer0_.quiz_id as quiz_id1_1_0_, answer0_.answer as answer2_1_0_ from quiz_answer answer0_ where answer0_.quiz_id=?
?[1;31m
Start test 132?[0m
Hibernate: select user0_.id as id1_4_, user0_.email as email2_4_, user0_.password as password3_4_ from user user0_ where user0_.email=?
Hibernate: select quiz0_.id as id1_0_0_, quiz0_.made_by as made_by2_0_0_, quiz0_.text as text3_0_0_, quiz0_.title as title4_0_0_ from quiz quiz0_ where quiz0_.id=?
Hibernate: select answer0_.quiz_id as quiz_id1_1_0_, answer0_.answer as answer2_1_0_ from quiz_answer answer0_ where answer0_.quiz_id=?
?[1;31m
Start test 133?[0m
Hibernate: select user0_.id as id1_4_, user0_.email as email2_4_, user0_.password as password3_4_ from user user0_ where user0_.email=?
Hibernate: select quiz0_.id as id1_0_0_, quiz0_.made_by as made_by2_0_0_, quiz0_.text as text3_0_0_, quiz0_.title as title4_0_0_ from quiz quiz0_ where quiz0_.id=?
Hibernate: select answer0_.quiz_id as quiz_id1_1_0_, answer0_.answer as answer2_1_0_ from quiz_answer answer0_ where answer0_.quiz_id=?
?[1;31m
Start test 134?[0m
Hibernate: select user0_.id as id1_4_, user0_.email as email2_4_, user0_.password as password3_4_ from user user0_ where user0_.email=?
Hibernate: select quiz0_.id as id1_0_0_, quiz0_.made_by as made_by2_0_0_, quiz0_.text as text3_0_0_, quiz0_.title as title4_0_0_ from quiz quiz0_ where quiz0_.id=?
Hibernate: select answer0_.quiz_id as quiz_id1_1_0_, answer0_.answer as answer2_1_0_ from quiz_answer answer0_ where answer0_.quiz_id=?
?[1;31m
Start test 135?[0m
Hibernate: select user0_.id as id1_4_, user0_.email as email2_4_, user0_.password as password3_4_ from user user0_ where user0_.email=?
Hibernate: select quiz0_.id as id1_0_0_, quiz0_.made_by as made_by2_0_0_, quiz0_.text as text3_0_0_, quiz0_.title as title4_0_0_ from quiz quiz0_ where quiz0_.id=?
Hibernate: select answer0_.quiz_id as quiz_id1_1_0_, answer0_.answer as answer2_1_0_ from quiz_answer answer0_ where answer0_.quiz_id=?
?[1;31m
Start test 136?[0m
Hibernate: select user0_.id as id1_4_, user0_.email as email2_4_, user0_.password as password3_4_ from user user0_ where user0_.email=?
Hibernate: insert into quiz (id, made_by, text, title) values (null, ?, ?, ?)
Hibernate: insert into quiz_answer (quiz_id, answer) values (?, ?)
Hibernate: insert into quiz_answer (quiz_id, answer) values (?, ?)
Hibernate: insert into quiz_answer (quiz_id, answer) values (?, ?)
Hibernate: insert into quiz_options (quiz_id, options) values (?, ?)
Hibernate: insert into quiz_options (quiz_id, options) values (?, ?)
Hibernate: insert into quiz_options (quiz_id, options) values (?, ?)
Hibernate: insert into quiz_options (quiz_id, options) values (?, ?)
?[1;31m
Start test 137?[0m
Hibernate: select user0_.id as id1_4_, user0_.email as email2_4_, user0_.password as password3_4_ from user user0_ where user0_.email=?
Hibernate: select quiz0_.id as id1_0_0_, quiz0_.made_by as made_by2_0_0_, quiz0_.text as text3_0_0_, quiz0_.title as title4_0_0_ from quiz quiz0_ where quiz0_.id=?
Hibernate: select options0_.quiz_id as quiz_id1_2_0_, options0_.options as options2_2_0_ from quiz_options options0_ where options0_.quiz_id=?
?[1;31m
Start test 138?[0m
Hibernate: select user0_.id as id1_4_, user0_.email as email2_4_, user0_.password as password3_4_ from user user0_ where user0_.email=?
Hibernate: select quiz0_.id as id1_0_0_, quiz0_.made_by as made_by2_0_0_, quiz0_.text as text3_0_0_, quiz0_.title as title4_0_0_ from quiz quiz0_ where quiz0_.id=?
?[1;31m
Start test 139?[0m
Hibernate: select user0_.id as id1_4_, user0_.email as email2_4_, user0_.password as password3_4_ from user user0_ where user0_.email=?
Hibernate: select quiz0_.id as id1_0_0_, quiz0_.made_by as made_by2_0_0_, quiz0_.text as text3_0_0_, quiz0_.title as title4_0_0_ from quiz quiz0_ where quiz0_.id=?
Hibernate: select answer0_.quiz_id as quiz_id1_1_0_, answer0_.answer as answer2_1_0_ from quiz_answer answer0_ where answer0_.quiz_id=?
?[1;31m
Start test 140?[0m
Hibernate: select user0_.id as id1_4_, user0_.email as email2_4_, user0_.password as password3_4_ from user user0_ where user0_.email=?
Hibernate: select quiz0_.id as id1_0_0_, quiz0_.made_by as made_by2_0_0_, quiz0_.text as text3_0_0_, quiz0_.title as title4_0_0_ from quiz quiz0_ where quiz0_.id=?
Hibernate: select answer0_.quiz_id as quiz_id1_1_0_, answer0_.answer as answer2_1_0_ from quiz_answer answer0_ where answer0_.quiz_id=?
?[1;31m
Start test 141?[0m
Hibernate: select user0_.id as id1_4_, user0_.email as email2_4_, user0_.password as password3_4_ from user user0_ where user0_.email=?
Hibernate: select quiz0_.id as id1_0_0_, quiz0_.made_by as made_by2_0_0_, quiz0_.text as text3_0_0_, quiz0_.title as title4_0_0_ from quiz quiz0_ where quiz0_.id=?
Hibernate: select answer0_.quiz_id as quiz_id1_1_0_, answer0_.answer as answer2_1_0_ from quiz_answer answer0_ where answer0_.quiz_id=?
?[1;31m
Start test 142?[0m
Hibernate: select user0_.id as id1_4_, user0_.email as email2_4_, user0_.password as password3_4_ from user user0_ where user0_.email=?
Hibernate: select quiz0_.id as id1_0_0_, quiz0_.made_by as made_by2_0_0_, quiz0_.text as text3_0_0_, quiz0_.title as title4_0_0_ from quiz quiz0_ where quiz0_.id=?
Hibernate: select answer0_.quiz_id as quiz_id1_1_0_, answer0_.answer as answer2_1_0_ from quiz_answer answer0_ where answer0_.quiz_id=?
?[1;31m
Start test 143?[0m
Hibernate: select user0_.id as id1_4_, user0_.email as email2_4_, user0_.password as password3_4_ from user user0_ where user0_.email=?
Hibernate: select quiz0_.id as id1_0_0_, quiz0_.made_by as made_by2_0_0_, quiz0_.text as text3_0_0_, quiz0_.title as title4_0_0_ from quiz quiz0_ where quiz0_.id=?
Hibernate: select answer0_.quiz_id as quiz_id1_1_0_, answer0_.answer as answer2_1_0_ from quiz_answer answer0_ where answer0_.quiz_id=?
?[1;31m
Start test 144?[0m
Hibernate: select user0_.id as id1_4_, user0_.email as email2_4_, user0_.password as password3_4_ from user user0_ where user0_.email=?
Hibernate: select quiz0_.id as id1_0_0_, quiz0_.made_by as made_by2_0_0_, quiz0_.text as text3_0_0_, quiz0_.title as title4_0_0_ from quiz quiz0_ where quiz0_.id=?
Hibernate: select answer0_.quiz_id as quiz_id1_1_0_, answer0_.answer as answer2_1_0_ from quiz_answer answer0_ where answer0_.quiz_id=?
?[1;31m
Start test 145?[0m
Hibernate: select user0_.id as id1_4_, user0_.email as email2_4_, user0_.password as password3_4_ from user user0_ where user0_.email=?
Hibernate: select quiz0_.id as id1_0_0_, quiz0_.made_by as made_by2_0_0_, quiz0_.text as text3_0_0_, quiz0_.title as title4_0_0_ from quiz quiz0_ where quiz0_.id=?
Hibernate: select answer0_.quiz_id as quiz_id1_1_0_, answer0_.answer as answer2_1_0_ from quiz_answer answer0_ where answer0_.quiz_id=?
?[1;31m
Start test 146?[0m
Hibernate: select user0_.id as id1_4_, user0_.email as email2_4_, user0_.password as password3_4_ from user user0_ where user0_.email=?
Hibernate: select quiz0_.id as id1_0_0_, quiz0_.made_by as made_by2_0_0_, quiz0_.text as text3_0_0_, quiz0_.title as title4_0_0_ from quiz quiz0_ where quiz0_.id=?
Hibernate: select answer0_.quiz_id as quiz_id1_1_0_, answer0_.answer as answer2_1_0_ from quiz_answer answer0_ where answer0_.quiz_id=?
?[1;31m
Start test 147?[0m
Hibernate: select user0_.id as id1_4_, user0_.email as email2_4_, user0_.password as password3_4_ from user user0_ where user0_.email=?
Hibernate: select quiz0_.id as id1_0_0_, quiz0_.made_by as made_by2_0_0_, quiz0_.text as text3_0_0_, quiz0_.title as title4_0_0_ from quiz quiz0_ where quiz0_.id=?
Hibernate: select answer0_.quiz_id as quiz_id1_1_0_, answer0_.answer as answer2_1_0_ from quiz_answer answer0_ where answer0_.quiz_id=?
?[1;31m
Start test 148?[0m
Hibernate: select user0_.id as id1_4_, user0_.email as email2_4_, user0_.password as password3_4_ from user user0_ where user0_.email=?
Hibernate: select quiz0_.id as id1_0_0_, quiz0_.made_by as made_by2_0_0_, quiz0_.text as text3_0_0_, quiz0_.title as title4_0_0_ from quiz quiz0_ where quiz0_.id=?
[...]
2020-08-06 14:55:10.843  WARN 13744 --- [    Test worker] org.apache.tomcat.util.modeler.Registry  : The MBean registry cannot be disabled because it has already been initialised
2020-08-06 14:55:10.852  INFO 13744 --- [    Test worker] o.s.b.w.embedded.tomcat.TomcatWebServer  : Tomcat initialized with port(s): 8889 (http)
2020-08-06 14:55:10.853  INFO 13744 --- [    Test worker] o.apache.catalina.core.StandardService   : Starting service [Tomcat]
2020-08-06 14:55:10.853  INFO 13744 --- [    Test worker] org.apache.catalina.core.StandardEngine  : Starting Servlet engine: [Apache Tomcat/9.0.29]
2020-08-06 14:55:10.906  INFO 13744 --- [    Test worker] o.a.c.c.C.[Tomcat].[localhost].[/]       : Initializing Spring embedded WebApplicationContext
2020-08-06 14:55:10.907  INFO 13744 --- [    Test worker] o.s.web.context.ContextLoader            : Root WebApplicationContext: initialization completed in 767 ms
2020-08-06 14:55:10.960  INFO 13744 --- [    Test worker] com.zaxxer.hikari.HikariDataSource       : HikariPool-4 - Starting...
2020-08-06 14:55:10.972  INFO 13744 --- [    Test worker] com.zaxxer.hikari.HikariDataSource       : HikariPool-4 - Start completed.
2020-08-06 14:55:10.972  INFO 13744 --- [    Test worker] o.s.b.a.h2.H2ConsoleAutoConfiguration    : H2 console available at '/h2-console'. Database available at 'jdbc:h2:file:../quizdb'
2020-08-06 14:55:11.090  INFO 13744 --- [    Test worker] o.hibernate.jpa.internal.util.LogHelper  : HHH000204: Processing PersistenceUnitInfo [name: default]
2020-08-06 14:55:11.103  INFO 13744 --- [    Test worker] org.hibernate.dialect.Dialect            : HHH000400: Using dialect: org.hibernate.dialect.H2Dialect
2020-08-06 14:55:11.233  INFO 13744 --- [    Test worker] o.h.e.t.j.p.i.JtaPlatformInitiator       : HHH000490: Using JtaPlatform implementation: [org.hibernate.engine.transaction.jta.platform.internal.NoJtaPlatform]
2020-08-06 14:55:11.234  INFO 13744 --- [    Test worker] j.LocalContainerEntityManagerFactoryBean : Initialized JPA EntityManagerFactory for persistence unit 'default'
2020-08-06 14:55:11.321  WARN 13744 --- [    Test worker] JpaBaseConfiguration$JpaWebConfiguration : spring.jpa.open-in-view is enabled by default. Therefore, database queries may be performed during view rendering. Explicitly configure spring.jpa.open-in-view to disable this warning
2020-08-06 14:55:11.407  INFO 13744 --- [    Test worker] o.s.s.web.DefaultSecurityFilterChain     : Creating filter chain: any request, [org.springframework.security.web.context.request.async.WebAsyncManagerIntegrationFilter@53d08dfa, org.springframework.security.web.context.SecurityContextPersistenceFilter@2446c718, org.springframework.security.web.header.HeaderWriterFilter@27cd7970, org.springframework.security.web.authentication.logout.LogoutFilter@6d0a5bb9, org.springframework.security.web.authentication.www.BasicAuthenticationFilter@7e0f7656, org.springframework.security.web.savedrequest.RequestCacheAwareFilter@8281942, org.springframework.security.web.servletapi.SecurityContextHolderAwareRequestFilter@4462f7ce, org.springframework.security.web.authentication.AnonymousAuthenticationFilter@96eba34, org.springframework.security.web.session.SessionManagementFilter@1d94c575, org.springframework.security.web.access.ExceptionTranslationFilter@2e80585a, org.springframework.security.web.access.intercept.FilterSecurityInterceptor@2edc0d3c]
2020-08-06 14:55:11.546  INFO 13744 --- [    Test worker] o.s.s.concurrent.ThreadPoolTaskExecutor  : Initializing ExecutorService 'applicationTaskExecutor'
2020-08-06 14:55:11.597  WARN 13744 --- [    Test worker] ion$DefaultTemplateResolverConfiguration : Cannot find template location: classpath:/templates/ (please add some templates or check your Thymeleaf configuration)
2020-08-06 14:55:11.673  INFO 13744 --- [    Test worker] o.s.b.a.e.web.EndpointLinksResolver      : Exposing 14 endpoint(s) beneath base path '/actuator'
2020-08-06 14:55:11.699  INFO 13744 --- [    Test worker] o.s.b.w.embedded.tomcat.TomcatWebServer  : Tomcat started on port(s): 8889 (http) with context path ''
2020-08-06 14:55:11.700  INFO 13744 --- [    Test worker] engine.WebQuizEngine                     : Started WebQuizEngine in 1.605 seconds (JVM running for 40.047)
?[1;31m
Start test 216?[0m
2020-08-06 14:55:11.708  INFO 13744 --- [nio-8889-exec-1] o.a.c.c.C.[Tomcat].[localhost].[/]       : Initializing Spring DispatcherServlet 'dispatcherServlet'
2020-08-06 14:55:11.708  INFO 13744 --- [nio-8889-exec-1] o.s.web.servlet.DispatcherServlet        : Initializing Servlet 'dispatcherServlet'
2020-08-06 14:55:11.712  INFO 13744 --- [nio-8889-exec-1] o.s.web.servlet.DispatcherServlet        : Completed initialization in 4 ms
Hibernate: select user0_.id as id1_4_, user0_.email as email2_4_, user0_.password as password3_4_ from user user0_ where user0_.email=?
Hibernate: select quiz0_.id as id1_0_, quiz0_.made_by as made_by2_0_, quiz0_.text as text3_0_, quiz0_.title as title4_0_ from quiz quiz0_ limit ?
Hibernate: select options0_.quiz_id as quiz_id1_2_0_, options0_.options as options2_2_0_ from quiz_options options0_ where options0_.quiz_id=?
Hibernate: select options0_.quiz_id as quiz_id1_2_0_, options0_.options as options2_2_0_ from quiz_options options0_ where options0_.quiz_id=?
Hibernate: select options0_.quiz_id as quiz_id1_2_0_, options0_.options as options2_2_0_ from quiz_options options0_ where options0_.quiz_id=?
Hibernate: select options0_.quiz_id as quiz_id1_2_0_, options0_.options as options2_2_0_ from quiz_options options0_ where options0_.quiz_id=?
Hibernate: select options0_.quiz_id as quiz_id1_2_0_, options0_.options as options2_2_0_ from quiz_options options0_ where options0_.quiz_id=?
?[1;31m
Start test 217?[0m
Hibernate: select user0_.id as id1_4_, user0_.email as email2_4_, user0_.password as password3_4_ from user user0_ where user0_.email=?
Hibernate: select quiz0_.id as id1_0_0_, quiz0_.made_by as made_by2_0_0_, quiz0_.text as text3_0_0_, quiz0_.title as title4_0_0_ from quiz quiz0_ where quiz0_.id=?
?[1;31m
Start test 218?[0m
Hibernate: select user0_.id as id1_4_, user0_.email as email2_4_, user0_.password as password3_4_ from user user0_ where user0_.email=?
Hibernate: select quiz0_.id as id1_0_0_, quiz0_.made_by as made_by2_0_0_, quiz0_.text as text3_0_0_, quiz0_.title as title4_0_0_ from quiz quiz0_ where quiz0_.id=?
?[1;31m
Start test 219?[0m
Hibernate: select user0_.id as id1_4_, user0_.email as email2_4_, user0_.password as password3_4_ from user user0_ where user0_.email=?
Hibernate: select quiz0_.id as id1_0_0_, quiz0_.made_by as made_by2_0_0_, quiz0_.text as text3_0_0_, quiz0_.title as title4_0_0_ from quiz quiz0_ where quiz0_.id=?
?[1;31m
Start test 220?[0m
Hibernate: select user0_.id as id1_4_, user0_.email as email2_4_, user0_.password as password3_4_ from user user0_ where user0_.email=?
Hibernate: select quiz0_.id as id1_0_0_, quiz0_.made_by as made_by2_0_0_, quiz0_.text as text3_0_0_, quiz0_.title as title4_0_0_ from quiz quiz0_ where quiz0_.id=?
?[1;31m
Start test 221?[0m
Hibernate: select user0_.id as id1_4_, user0_.email as email2_4_, user0_.password as password3_4_ from user user0_ where user0_.email=?
Hibernate: insert into quiz (id, made_by, text, title) values (null, ?, ?, ?)
Hibernate: insert into quiz_answer (quiz_id, answer) values (?, ?)
Hibernate: insert into quiz_answer (quiz_id, answer) values (?, ?)
Hibernate: insert into quiz_answer (quiz_id, answer) values (?, ?)
Hibernate: insert into quiz_options (quiz_id, options) values (?, ?)
Hibernate: insert into quiz_options (quiz_id, options) values (?, ?)
Hibernate: insert into quiz_options (quiz_id, options) values (?, ?)
Hibernate: insert into quiz_options (quiz_id, options) values (?, ?)
?[1;31m
Start test 222?[0m
Hibernate: select user0_.id as id1_4_, user0_.email as email2_4_, user0_.password as password3_4_ from user user0_ where user0_.email=?
Hibernate: insert into quiz (id, made_by, text, title) values (null, ?, ?, ?)
Hibernate: insert into quiz_answer (quiz_id, answer) values (?, ?)
Hibernate: insert into quiz_answer (quiz_id, answer) values (?, ?)
Hibernate: insert into quiz_answer (quiz_id, answer) values (?, ?)
Hibernate: insert into quiz_options (quiz_id, options) values (?, ?)
Hibernate: insert into quiz_options (quiz_id, options) values (?, ?)
Hibernate: insert into quiz_options (quiz_id, options) values (?, ?)
Hibernate: insert into quiz_options (quiz_id, options) values (?, ?)
?[1;31m
Start test 223?[0m
Hibernate: select user0_.id as id1_4_, user0_.email as email2_4_, user0_.password as password3_4_ from user user0_ where user0_.email=?
Hibernate: insert into quiz (id, made_by, text, title) values (null, ?, ?, ?)
Hibernate: insert into quiz_answer (quiz_id, answer) values (?, ?)
Hibernate: insert into quiz_answer (quiz_id, answer) values (?, ?)
Hibernate: insert into quiz_answer (quiz_id, answer) values (?, ?)
Hibernate: insert into quiz_options (quiz_id, options) values (?, ?)
Hibernate: insert into quiz_options (quiz_id, options) values (?, ?)
Hibernate: insert into quiz_options (quiz_id, options) values (?, ?)
Hibernate: insert into quiz_options (quiz_id, options) values (?, ?)
?[1;31m
Start test 224?[0m
Hibernate: select user0_.id as id1_4_, user0_.email as email2_4_, user0_.password as password3_4_ from user user0_ where user0_.email=?
Hibernate: insert into quiz (id, made_by, text, title) values (null, ?, ?, ?)
Hibernate: insert into quiz_answer (quiz_id, answer) values (?, ?)
Hibernate: insert into quiz_answer (quiz_id, answer) values (?, ?)
Hibernate: insert into quiz_answer (quiz_id, answer) values (?, ?)
Hibernate: insert into quiz_options (quiz_id, options) values (?, ?)
Hibernate: insert into quiz_options (quiz_id, options) values (?, ?)
Hibernate: insert into quiz_options (quiz_id, options) values (?, ?)
Hibernate: insert into quiz_options (quiz_id, options) values (?, ?)
?[1;31m
Start test 225?[0m
Hibernate: select user0_.id as id1_4_, user0_.email as email2_4_, user0_.password as password3_4_ from user user0_ where user0_.email=?
Hibernate: insert into quiz (id, made_by, text, title) values (null, ?, ?, ?)
Hibernate: insert into quiz_answer (quiz_id, answer) values (?, ?)
Hibernate: insert into quiz_answer (quiz_id, answer) values (?, ?)
Hibernate: insert into quiz_answer (quiz_id, answer) values (?, ?)
Hibernate: insert into quiz_options (quiz_id, options) values (?, ?)
Hibernate: insert into quiz_options (quiz_id, options) values (?, ?)
Hibernate: insert into quiz_options (quiz_id, options) values (?, ?)
Hibernate: insert into quiz_options (quiz_id, options) values (?, ?)
?[1;31m
Start test 226?[0m
Hibernate: select user0_.id as id1_4_, user0_.email as email2_4_, user0_.password as password3_4_ from user user0_ where user0_.email=?
Hibernate: insert into quiz (id, made_by, text, title) values (null, ?, ?, ?)
Hibernate: insert into quiz_answer (quiz_id, answer) values (?, ?)
Hibernate: insert into quiz_answer (quiz_id, answer) values (?, ?)
Hibernate: insert into quiz_answer (quiz_id, answer) values (?, ?)
Hibernate: insert into quiz_options (quiz_id, options) values (?, ?)
Hibernate: insert into quiz_options (quiz_id, options) values (?, ?)
Hibernate: insert into quiz_options (quiz_id, options) values (?, ?)
Hibernate: insert into quiz_options (quiz_id, options) values (?, ?)
?[1;31m
Start test 227?[0m
Hibernate: select user0_.id as id1_4_, user0_.email as email2_4_, user0_.password as password3_4_ from user user0_ where user0_.email=?
Hibernate: insert into quiz (id, made_by, text, title) values (null, ?, ?, ?)
Hibernate: insert into quiz_answer (quiz_id, answer) values (?, ?)
Hibernate: insert into quiz_answer (quiz_id, answer) values (?, ?)
Hibernate: insert into quiz_answer (quiz_id, answer) values (?, ?)
Hibernate: insert into quiz_options (quiz_id, options) values (?, ?)
Hibernate: insert into quiz_options (quiz_id, options) values (?, ?)
Hibernate: insert into quiz_options (quiz_id, options) values (?, ?)
Hibernate: insert into quiz_options (quiz_id, options) values (?, ?)
?[1;31m
Start test 228?[0m
Hibernate: select user0_.id as id1_4_, user0_.email as email2_4_, user0_.password as password3_4_ from user user0_ where user0_.email=?
Hibernate: insert into quiz (id, made_by, text, title) values (null, ?, ?, ?)
Hibernate: insert into quiz_answer (quiz_id, answer) values (?, ?)
Hibernate: insert into quiz_answer (quiz_id, answer) values (?, ?)
Hibernate: insert into quiz_answer (quiz_id, answer) values (?, ?)
Hibernate: insert into quiz_options (quiz_id, options) values (?, ?)
Hibernate: insert into quiz_options (quiz_id, options) values (?, ?)
Hibernate: insert into quiz_options (quiz_id, options) values (?, ?)
Hibernate: insert into quiz_options (quiz_id, options) values (?, ?)
?[1;31m
Start test 229?[0m
Hibernate: select user0_.id as id1_4_, user0_.email as email2_4_, user0_.password as password3_4_ from user user0_ where user0_.email=?
Hibernate: insert into quiz (id, made_by, text, title) values (null, ?, ?, ?)
Hibernate: insert into quiz_answer (quiz_id, answer) values (?, ?)
Hibernate: insert into quiz_answer (quiz_id, answer) values (?, ?)
Hibernate: insert into quiz_answer (quiz_id, answer) values (?, ?)
Hibernate: insert into quiz_options (quiz_id, options) values (?, ?)
Hibernate: insert into quiz_options (quiz_id, options) values (?, ?)
Hibernate: insert into quiz_options (quiz_id, options) values (?, ?)
Hibernate: insert into quiz_options (quiz_id, options) values (?, ?)
?[1;31m
Start test 230?[0m
Hibernate: select user0_.id as id1_4_, user0_.email as email2_4_, user0_.password as password3_4_ from user user0_ where user0_.email=?
Hibernate: insert into quiz (id, made_by, text, title) values (null, ?, ?, ?)
Hibernate: insert into quiz_answer (quiz_id, answer) values (?, ?)
Hibernate: insert into quiz_answer (quiz_id, answer) values (?, ?)
Hibernate: insert into quiz_answer (quiz_id, answer) values (?, ?)
Hibernate: insert into quiz_options (quiz_id, options) values (?, ?)
Hibernate: insert into quiz_options (quiz_id, options) values (?, ?)
Hibernate: insert into quiz_options (quiz_id, options) values (?, ?)
Hibernate: insert into quiz_options (quiz_id, options) values (?, ?)
?[1;31m
Start test 231?[0m
Hibernate: select user0_.id as id1_4_, user0_.email as email2_4_, user0_.password as password3_4_ from user user0_ where user0_.email=?
Hibernate: select quiz0_.id as id1_0_, quiz0_.made_by as made_by2_0_, quiz0_.text as text3_0_, quiz0_.title as title4_0_ from quiz quiz0_ limit ?
Hibernate: select count(quiz0_.id) as col_0_0_ from quiz quiz0_
Hibernate: select options0_.quiz_id as quiz_id1_2_0_, options0_.options as options2_2_0_ from quiz_options options0_ where options0_.quiz_id=?
Hibernate: select options0_.quiz_id as quiz_id1_2_0_, options0_.options as options2_2_0_ from quiz_options options0_ where options0_.quiz_id=?
Hibernate: select options0_.quiz_id as quiz_id1_2_0_, options0_.options as options2_2_0_ from quiz_options options0_ where options0_.quiz_id=?
Hibernate: select options0_.quiz_id as quiz_id1_2_0_, options0_.options as options2_2_0_ from quiz_options options0_ where options0_.quiz_id=?
Hibernate: select options0_.quiz_id as quiz_id1_2_0_, options0_.options as options2_2_0_ from quiz_options options0_ where options0_.quiz_id=?
Hibernate: select options0_.quiz_id as quiz_id1_2_0_, options0_.options as options2_2_0_ from quiz_options options0_ where options0_.quiz_id=?
Hibernate: select options0_.quiz_id as quiz_id1_2_0_, options0_.options as options2_2_0_ from quiz_options options0_ where options0_.quiz_id=?
Hibernate: select options0_.quiz_id as quiz_id1_2_0_, options0_.options as options2_2_0_ from quiz_options options0_ where options0_.quiz_id=?
Hibernate: select options0_.quiz_id as quiz_id1_2_0_, options0_.options as options2_2_0_ from quiz_options options0_ where options0_.quiz_id=?
Hibernate: select options0_.quiz_id as quiz_id1_2_0_, options0_.options as options2_2_0_ from quiz_options options0_ where options0_.quiz_id=?
?[1;31m
Start test 232?[0m
Hibernate: select user0_.id as id1_4_, user0_.email as email2_4_, user0_.password as password3_4_ from user user0_ where user0_.email=?
Hibernate: select quiz0_.id as id1_0_, quiz0_.made_by as made_by2_0_, quiz0_.text as text3_0_, quiz0_.title as title4_0_ from quiz quiz0_ limit ?
Hibernate: select count(quiz0_.id) as col_0_0_ from quiz quiz0_
Hibernate: select options0_.quiz_id as quiz_id1_2_0_, options0_.options as options2_2_0_ from quiz_options options0_ where options0_.quiz_id=?
Hibernate: select options0_.quiz_id as quiz_id1_2_0_, options0_.options as options2_2_0_ from quiz_options options0_ where options0_.quiz_id=?
Hibernate: select options0_.quiz_id as quiz_id1_2_0_, options0_.options as options2_2_0_ from quiz_options options0_ where options0_.quiz_id=?
Hibernate: select options0_.quiz_id as quiz_id1_2_0_, options0_.options as options2_2_0_ from quiz_options options0_ where options0_.quiz_id=?
Hibernate: select options0_.quiz_id as quiz_id1_2_0_, options0_.options as options2_2_0_ from quiz_options options0_ where options0_.quiz_id=?
Hibernate: select options0_.quiz_id as quiz_id1_2_0_, options0_.options as options2_2_0_ from quiz_options options0_ where options0_.quiz_id=?
Hibernate: select options0_.quiz_id as quiz_id1_2_0_, options0_.options as options2_2_0_ from quiz_options options0_ where options0_.quiz_id=?
Hibernate: select options0_.quiz_id as quiz_id1_2_0_, options0_.options as options2_2_0_ from quiz_options options0_ where options0_.quiz_id=?
Hibernate: select options0_.quiz_id as quiz_id1_2_0_, options0_.options as options2_2_0_ from quiz_options options0_ where options0_.quiz_id=?
Hibernate: select options0_.quiz_id as quiz_id1_2_0_, options0_.options as options2_2_0_ from quiz_options options0_ where options0_.quiz_id=?
?[1;31m
Start test 233?[0m
Hibernate: select user0_.id as id1_4_, user0_.email as email2_4_, user0_.password as password3_4_ from user user0_ where user0_.email=?
Hibernate: select quiz0_.id as id1_0_, quiz0_.made_by as made_by2_0_, quiz0_.text as text3_0_, quiz0_.title as title4_0_ from quiz quiz0_ limit ? offset ?
Hibernate: select options0_.quiz_id as quiz_id1_2_0_, options0_.options as options2_2_0_ from quiz_options options0_ where options0_.quiz_id=?
Hibernate: select options0_.quiz_id as quiz_id1_2_0_, options0_.options as options2_2_0_ from quiz_options options0_ where options0_.quiz_id=?
Hibernate: select options0_.quiz_id as quiz_id1_2_0_, options0_.options as options2_2_0_ from quiz_options options0_ where options0_.quiz_id=?
Hibernate: select options0_.quiz_id as quiz_id1_2_0_, options0_.options as options2_2_0_ from quiz_options options0_ where options0_.quiz_id=?
Hibernate: select options0_.quiz_id as quiz_id1_2_0_, options0_.options as options2_2_0_ from quiz_options options0_ where options0_.quiz_id=?
?[1;31m
Start test 234?[0m
Hibernate: select user0_.id as id1_4_, user0_.email as email2_4_, user0_.password as password3_4_ from user user0_ where user0_.email=?
Hibernate: select quiz0_.id as id1_0_, quiz0_.made_by as made_by2_0_, quiz0_.text as text3_0_, quiz0_.title as title4_0_ from quiz quiz0_ limit ? offset ?
Hibernate: select options0_.quiz_id as quiz_id1_2_0_, options0_.options as options2_2_0_ from quiz_options options0_ where options0_.quiz_id=?
Hibernate: select options0_.quiz_id as quiz_id1_2_0_, options0_.options as options2_2_0_ from quiz_options options0_ where options0_.quiz_id=?
Hibernate: select options0_.quiz_id as quiz_id1_2_0_, options0_.options as options2_2_0_ from quiz_options options0_ where options0_.quiz_id=?
Hibernate: select options0_.quiz_id as quiz_id1_2_0_, options0_.options as options2_2_0_ from quiz_options options0_ where options0_.quiz_id=?
Hibernate: select options0_.quiz_id as quiz_id1_2_0_, options0_.options as options2_2_0_ from quiz_options options0_ where options0_.quiz_id=?
]]></system-out>
  <system-err><![CDATA[]]></system-err>
</testsuite>
